{"C:\\Users\\Valy\\OneDrive\\Desktop\\ip_proiect\\smart-house-builder\\Frontend\\src\\components\\catalog\\ProductCard.jsx": {"path":"C:\\Users\\Valy\\OneDrive\\Desktop\\ip_proiect\\smart-house-builder\\Frontend\\src\\components\\catalog\\ProductCard.jsx","statementMap":{"0":{"start":{"line":4,"column":4},"end":{"line":48,"column":null}}},"fnMap":{"0":{"name":"ProductCard","decl":{"start":{"line":3,"column":24},"end":{"line":3,"column":36}},"loc":{"start":{"line":3,"column":45},"end":{"line":50,"column":null}},"line":3}},"branchMap":{"0":{"loc":{"start":{"line":23,"column":21},"end":{"line":26,"column":null}},"type":"binary-expr","locations":[{"start":{"line":23,"column":21},"end":{"line":23,"column":null}},{"start":{"line":24,"column":24},"end":{"line":26,"column":null}}],"line":23},"1":{"loc":{"start":{"line":28,"column":21},"end":{"line":31,"column":null}},"type":"binary-expr","locations":[{"start":{"line":28,"column":21},"end":{"line":28,"column":null}},{"start":{"line":29,"column":24},"end":{"line":31,"column":null}}],"line":28}},"s":{"0":9},"f":{"0":9},"b":{"0":[9,1],"1":[9,1]},"meta":{"lastBranch":2,"lastFunction":1,"lastStatement":1,"seen":{"f:3:24:3:36":0,"s:4:4:48:Infinity":0,"b:23:21:23:Infinity:24:24:26:Infinity":0,"b:28:21:28:Infinity:29:24:31:Infinity":1}}}
,"C:\\Users\\Valy\\OneDrive\\Desktop\\ip_proiect\\smart-house-builder\\Frontend\\src\\components\\catalog\\SideBar.jsx": {"path":"C:\\Users\\Valy\\OneDrive\\Desktop\\ip_proiect\\smart-house-builder\\Frontend\\src\\components\\catalog\\SideBar.jsx","statementMap":{"0":{"start":{"line":5,"column":38},"end":{"line":5,"column":null}},"1":{"start":{"line":6,"column":44},"end":{"line":6,"column":null}},"2":{"start":{"line":7,"column":30},"end":{"line":7,"column":null}},"3":{"start":{"line":9,"column":33},"end":{"line":15,"column":null}},"4":{"start":{"line":10,"column":28},"end":{"line":10,"column":null}},"5":{"start":{"line":11,"column":24},"end":{"line":13,"column":null}},"6":{"start":{"line":12,"column":41},"end":{"line":12,"column":55}},"7":{"start":{"line":14,"column":8},"end":{"line":14,"column":null}},"8":{"start":{"line":17,"column":26},"end":{"line":17,"column":null}},"9":{"start":{"line":18,"column":25},"end":{"line":18,"column":null}},"10":{"start":{"line":19,"column":29},"end":{"line":19,"column":null}},"11":{"start":{"line":21,"column":22},"end":{"line":24,"column":null}},"12":{"start":{"line":26,"column":25},"end":{"line":30,"column":null}},"13":{"start":{"line":32,"column":4},"end":{"line":160,"column":null}},"14":{"start":{"line":61,"column":35},"end":{"line":61,"column":null}},"15":{"start":{"line":80,"column":50},"end":{"line":80,"column":null}},"16":{"start":{"line":81,"column":36},"end":{"line":81,"column":null}},"17":{"start":{"line":88,"column":50},"end":{"line":88,"column":null}},"18":{"start":{"line":89,"column":36},"end":{"line":89,"column":null}},"19":{"start":{"line":105,"column":28},"end":{"line":117,"column":null}},"20":{"start":{"line":111,"column":52},"end":{"line":111,"column":null}},"21":{"start":{"line":124,"column":47},"end":{"line":124,"column":null}},"22":{"start":{"line":137,"column":35},"end":{"line":137,"column":null}},"23":{"start":{"line":146,"column":28},"end":{"line":155,"column":null}},"24":{"start":{"line":152,"column":52},"end":{"line":152,"column":null}}},"fnMap":{"0":{"name":"Sidebar","decl":{"start":{"line":3,"column":24},"end":{"line":3,"column":32}},"loc":{"start":{"line":3,"column":57},"end":{"line":162,"column":null}},"line":3},"1":{"name":"(anonymous_1)","decl":{"start":{"line":9,"column":33},"end":{"line":9,"column":34}},"loc":{"start":{"line":9,"column":50},"end":{"line":15,"column":null}},"line":9},"2":{"name":"(anonymous_2)","decl":{"start":{"line":12,"column":33},"end":{"line":12,"column":41}},"loc":{"start":{"line":12,"column":41},"end":{"line":12,"column":55}},"line":12},"3":{"name":"(anonymous_3)","decl":{"start":{"line":61,"column":29},"end":{"line":61,"column":35}},"loc":{"start":{"line":61,"column":35},"end":{"line":61,"column":null}},"line":61},"4":{"name":"(anonymous_4)","decl":{"start":{"line":79,"column":42},"end":{"line":79,"column":43}},"loc":{"start":{"line":79,"column":49},"end":{"line":82,"column":null}},"line":79},"5":{"name":"(anonymous_5)","decl":{"start":{"line":87,"column":42},"end":{"line":87,"column":43}},"loc":{"start":{"line":87,"column":49},"end":{"line":90,"column":null}},"line":87},"6":{"name":"(anonymous_6)","decl":{"start":{"line":104,"column":46},"end":{"line":104,"column":null}},"loc":{"start":{"line":105,"column":28},"end":{"line":117,"column":null}},"line":105},"7":{"name":"(anonymous_7)","decl":{"start":{"line":111,"column":46},"end":{"line":111,"column":52}},"loc":{"start":{"line":111,"column":52},"end":{"line":111,"column":null}},"line":111},"8":{"name":"(anonymous_8)","decl":{"start":{"line":124,"column":41},"end":{"line":124,"column":47}},"loc":{"start":{"line":124,"column":47},"end":{"line":124,"column":null}},"line":124},"9":{"name":"(anonymous_9)","decl":{"start":{"line":137,"column":29},"end":{"line":137,"column":35}},"loc":{"start":{"line":137,"column":35},"end":{"line":137,"column":null}},"line":137},"10":{"name":"(anonymous_10)","decl":{"start":{"line":145,"column":68},"end":{"line":145,"column":null}},"loc":{"start":{"line":146,"column":28},"end":{"line":155,"column":null}},"line":146},"11":{"name":"(anonymous_11)","decl":{"start":{"line":152,"column":46},"end":{"line":152,"column":52}},"loc":{"start":{"line":152,"column":52},"end":{"line":152,"column":null}},"line":152}},"branchMap":{"0":{"loc":{"start":{"line":11,"column":24},"end":{"line":13,"column":null}},"type":"cond-expr","locations":[{"start":{"line":12,"column":14},"end":{"line":12,"column":null}},{"start":{"line":13,"column":14},"end":{"line":13,"column":null}}],"line":11},"1":{"loc":{"start":{"line":19,"column":29},"end":{"line":19,"column":null}},"type":"cond-expr","locations":[{"start":{"line":19,"column":39},"end":{"line":19,"column":55}},{"start":{"line":19,"column":55},"end":{"line":19,"column":null}}],"line":19},"2":{"loc":{"start":{"line":64,"column":90},"end":{"line":64,"column":114}},"type":"cond-expr","locations":[{"start":{"line":64,"column":104},"end":{"line":64,"column":110}},{"start":{"line":64,"column":110},"end":{"line":64,"column":114}}],"line":64},"3":{"loc":{"start":{"line":67,"column":17},"end":{"line":129,"column":null}},"type":"binary-expr","locations":[{"start":{"line":67,"column":17},"end":{"line":67,"column":null}},{"start":{"line":68,"column":20},"end":{"line":129,"column":null}}],"line":67},"4":{"loc":{"start":{"line":120,"column":25},"end":{"line":127,"column":null}},"type":"binary-expr","locations":[{"start":{"line":120,"column":25},"end":{"line":120,"column":null}},{"start":{"line":121,"column":28},"end":{"line":127,"column":null}}],"line":120},"5":{"loc":{"start":{"line":126,"column":33},"end":{"line":126,"column":null}},"type":"cond-expr","locations":[{"start":{"line":126,"column":43},"end":{"line":126,"column":57}},{"start":{"line":126,"column":57},"end":{"line":126,"column":null}}],"line":126},"6":{"loc":{"start":{"line":140,"column":90},"end":{"line":140,"column":117}},"type":"cond-expr","locations":[{"start":{"line":140,"column":107},"end":{"line":140,"column":113}},{"start":{"line":140,"column":113},"end":{"line":140,"column":117}}],"line":140},"7":{"loc":{"start":{"line":143,"column":17},"end":{"line":157,"column":null}},"type":"binary-expr","locations":[{"start":{"line":143,"column":17},"end":{"line":143,"column":null}},{"start":{"line":144,"column":20},"end":{"line":157,"column":null}}],"line":143}},"s":{"0":22,"1":22,"2":22,"3":22,"4":2,"5":2,"6":0,"7":2,"8":22,"9":22,"10":22,"11":22,"12":22,"13":22,"14":3,"15":1,"16":1,"17":1,"18":1,"19":29,"20":1,"21":1,"22":1,"23":20,"24":1},"f":{"0":22,"1":2,"2":0,"3":3,"4":1,"5":1,"6":29,"7":1,"8":1,"9":1,"10":20,"11":1},"b":{"0":[0,2],"1":[1,21],"2":[9,13],"3":[22,9],"4":[9,9],"5":[1,8],"6":[5,17],"7":[22,5]},"meta":{"lastBranch":8,"lastFunction":12,"lastStatement":25,"seen":{"f:3:24:3:32":0,"s:5:38:5:Infinity":0,"s:6:44:6:Infinity":1,"s:7:30:7:Infinity":2,"s:9:33:15:Infinity":3,"f:9:33:9:34":1,"s:10:28:10:Infinity":4,"s:11:24:13:Infinity":5,"b:12:14:12:Infinity:13:14:13:Infinity":0,"f:12:33:12:41":2,"s:12:41:12:55":6,"s:14:8:14:Infinity":7,"s:17:26:17:Infinity":8,"s:18:25:18:Infinity":9,"s:19:29:19:Infinity":10,"b:19:39:19:55:19:55:19:Infinity":1,"s:21:22:24:Infinity":11,"s:26:25:30:Infinity":12,"s:32:4:160:Infinity":13,"f:61:29:61:35":3,"s:61:35:61:Infinity":14,"b:64:104:64:110:64:110:64:114":2,"b:67:17:67:Infinity:68:20:129:Infinity":3,"f:79:42:79:43":4,"s:80:50:80:Infinity":15,"s:81:36:81:Infinity":16,"f:87:42:87:43":5,"s:88:50:88:Infinity":17,"s:89:36:89:Infinity":18,"f:104:46:104:Infinity":6,"s:105:28:117:Infinity":19,"f:111:46:111:52":7,"s:111:52:111:Infinity":20,"b:120:25:120:Infinity:121:28:127:Infinity":4,"f:124:41:124:47":8,"s:124:47:124:Infinity":21,"b:126:43:126:57:126:57:126:Infinity":5,"f:137:29:137:35":9,"s:137:35:137:Infinity":22,"b:140:107:140:113:140:113:140:117":6,"b:143:17:143:Infinity:144:20:157:Infinity":7,"f:145:68:145:Infinity":10,"s:146:28:155:Infinity":23,"f:152:46:152:52":11,"s:152:52:152:Infinity":24}}}
,"C:\\Users\\Valy\\OneDrive\\Desktop\\ip_proiect\\smart-house-builder\\Frontend\\src\\pages\\CatalogPage.jsx": {"path":"C:\\Users\\Valy\\OneDrive\\Desktop\\ip_proiect\\smart-house-builder\\Frontend\\src\\pages\\CatalogPage.jsx","statementMap":{"0":{"start":{"line":6,"column":30},"end":{"line":6,"column":null}},"1":{"start":{"line":7,"column":30},"end":{"line":7,"column":null}},"2":{"start":{"line":8,"column":36},"end":{"line":8,"column":null}},"3":{"start":{"line":9,"column":30},"end":{"line":15,"column":null}},"4":{"start":{"line":17,"column":4},"end":{"line":53,"column":null}},"5":{"start":{"line":18,"column":29},"end":{"line":50,"column":null}},"6":{"start":{"line":19,"column":12},"end":{"line":19,"column":null}},"7":{"start":{"line":21,"column":22},"end":{"line":21,"column":null}},"8":{"start":{"line":23,"column":12},"end":{"line":23,"column":null}},"9":{"start":{"line":24,"column":12},"end":{"line":24,"column":null}},"10":{"start":{"line":25,"column":12},"end":{"line":25,"column":null}},"11":{"start":{"line":25,"column":28},"end":{"line":25,"column":null}},"12":{"start":{"line":26,"column":12},"end":{"line":32,"column":null}},"13":{"start":{"line":27,"column":40},"end":{"line":27,"column":null}},"14":{"start":{"line":28,"column":16},"end":{"line":31,"column":null}},"15":{"start":{"line":29,"column":31},"end":{"line":29,"column":null}},"16":{"start":{"line":30,"column":20},"end":{"line":30,"column":null}},"17":{"start":{"line":30,"column":28},"end":{"line":30,"column":null}},"18":{"start":{"line":34,"column":12},"end":{"line":38,"column":null}},"19":{"start":{"line":35,"column":16},"end":{"line":37,"column":null}},"20":{"start":{"line":36,"column":20},"end":{"line":36,"column":null}},"21":{"start":{"line":40,"column":12},"end":{"line":49,"column":null}},"22":{"start":{"line":41,"column":34},"end":{"line":41,"column":49}},"23":{"start":{"line":43,"column":20},"end":{"line":43,"column":null}},"24":{"start":{"line":44,"column":20},"end":{"line":44,"column":null}},"25":{"start":{"line":47,"column":20},"end":{"line":47,"column":null}},"26":{"start":{"line":48,"column":20},"end":{"line":48,"column":null}},"27":{"start":{"line":52,"column":8},"end":{"line":52,"column":null}},"28":{"start":{"line":55,"column":4},"end":{"line":117,"column":null}},"29":{"start":{"line":75,"column":53},"end":{"line":75,"column":null}},"30":{"start":{"line":109,"column":32},"end":{"line":111,"column":null}}},"fnMap":{"0":{"name":"CatalogPage","decl":{"start":{"line":5,"column":28},"end":{"line":5,"column":40}},"loc":{"start":{"line":5,"column":54},"end":{"line":119,"column":null}},"line":5},"1":{"name":"(anonymous_1)","decl":{"start":{"line":17,"column":14},"end":{"line":17,"column":20}},"loc":{"start":{"line":17,"column":20},"end":{"line":53,"column":7}},"line":17},"2":{"name":"(anonymous_2)","decl":{"start":{"line":18,"column":29},"end":{"line":18,"column":35}},"loc":{"start":{"line":18,"column":35},"end":{"line":50,"column":null}},"line":18},"3":{"name":"(anonymous_3)","decl":{"start":{"line":28,"column":43},"end":{"line":28,"column":54}},"loc":{"start":{"line":28,"column":54},"end":{"line":31,"column":17}},"line":28},"4":{"name":"(anonymous_4)","decl":{"start":{"line":35,"column":42},"end":{"line":35,"column":50}},"loc":{"start":{"line":35,"column":50},"end":{"line":37,"column":17}},"line":35},"5":{"name":"(anonymous_5)","decl":{"start":{"line":41,"column":22},"end":{"line":41,"column":34}},"loc":{"start":{"line":41,"column":34},"end":{"line":41,"column":49}},"line":41},"6":{"name":"(anonymous_6)","decl":{"start":{"line":42,"column":22},"end":{"line":42,"column":30}},"loc":{"start":{"line":42,"column":30},"end":{"line":45,"column":17}},"line":42},"7":{"name":"(anonymous_7)","decl":{"start":{"line":46,"column":23},"end":{"line":46,"column":32}},"loc":{"start":{"line":46,"column":32},"end":{"line":49,"column":17}},"line":46},"8":{"name":"(anonymous_8)","decl":{"start":{"line":75,"column":46},"end":{"line":75,"column":47}},"loc":{"start":{"line":75,"column":53},"end":{"line":75,"column":null}},"line":75},"9":{"name":"(anonymous_9)","decl":{"start":{"line":108,"column":40},"end":{"line":108,"column":41}},"loc":{"start":{"line":109,"column":32},"end":{"line":111,"column":null}},"line":109}},"branchMap":{"0":{"loc":{"start":{"line":25,"column":12},"end":{"line":25,"column":null}},"type":"if","locations":[{"start":{"line":25,"column":12},"end":{"line":25,"column":null}},{"start":{},"end":{}}],"line":25},"1":{"loc":{"start":{"line":26,"column":12},"end":{"line":32,"column":null}},"type":"if","locations":[{"start":{"line":26,"column":12},"end":{"line":32,"column":null}},{"start":{},"end":{}}],"line":26},"2":{"loc":{"start":{"line":30,"column":20},"end":{"line":30,"column":null}},"type":"if","locations":[{"start":{"line":30,"column":20},"end":{"line":30,"column":null}},{"start":{},"end":{}}],"line":30},"3":{"loc":{"start":{"line":34,"column":12},"end":{"line":38,"column":null}},"type":"if","locations":[{"start":{"line":34,"column":12},"end":{"line":38,"column":null}},{"start":{},"end":{}}],"line":34},"4":{"loc":{"start":{"line":103,"column":25},"end":{"line":112,"column":null}},"type":"cond-expr","locations":[{"start":{"line":104,"column":28},"end":{"line":104,"column":null}},{"start":{"line":105,"column":28},"end":{"line":112,"column":null}}],"line":103},"5":{"loc":{"start":{"line":105,"column":28},"end":{"line":112,"column":null}},"type":"cond-expr","locations":[{"start":{"line":106,"column":28},"end":{"line":106,"column":null}},{"start":{"line":108,"column":28},"end":{"line":112,"column":null}}],"line":105}},"s":{"0":18,"1":18,"2":18,"3":18,"4":18,"5":7,"6":7,"7":7,"8":7,"9":7,"10":7,"11":1,"12":7,"13":2,"14":2,"15":2,"16":2,"17":2,"18":7,"19":1,"20":1,"21":7,"22":6,"23":6,"24":6,"25":1,"26":1,"27":7,"28":18,"29":1,"30":9},"f":{"0":18,"1":7,"2":7,"3":2,"4":1,"5":6,"6":6,"7":1,"8":1,"9":9},"b":{"0":[1,6],"1":[2,5],"2":[2,0],"3":[1,6],"4":[8,9],"5":[1,8]},"meta":{"lastBranch":6,"lastFunction":10,"lastStatement":31,"seen":{"f:5:28:5:40":0,"s:6:30:6:Infinity":0,"s:7:30:7:Infinity":1,"s:8:36:8:Infinity":2,"s:9:30:15:Infinity":3,"s:17:4:53:Infinity":4,"f:17:14:17:20":1,"s:18:29:50:Infinity":5,"f:18:29:18:35":2,"s:19:12:19:Infinity":6,"s:21:22:21:Infinity":7,"s:23:12:23:Infinity":8,"s:24:12:24:Infinity":9,"b:25:12:25:Infinity:undefined:undefined:undefined:undefined":0,"s:25:12:25:Infinity":10,"s:25:28:25:Infinity":11,"b:26:12:32:Infinity:undefined:undefined:undefined:undefined":1,"s:26:12:32:Infinity":12,"s:27:40:27:Infinity":13,"s:28:16:31:Infinity":14,"f:28:43:28:54":3,"s:29:31:29:Infinity":15,"b:30:20:30:Infinity:undefined:undefined:undefined:undefined":2,"s:30:20:30:Infinity":16,"s:30:28:30:Infinity":17,"b:34:12:38:Infinity:undefined:undefined:undefined:undefined":3,"s:34:12:38:Infinity":18,"s:35:16:37:Infinity":19,"f:35:42:35:50":4,"s:36:20:36:Infinity":20,"s:40:12:49:Infinity":21,"f:41:22:41:34":5,"s:41:34:41:49":22,"f:42:22:42:30":6,"s:43:20:43:Infinity":23,"s:44:20:44:Infinity":24,"f:46:23:46:32":7,"s:47:20:47:Infinity":25,"s:48:20:48:Infinity":26,"s:52:8:52:Infinity":27,"s:55:4:117:Infinity":28,"f:75:46:75:47":8,"s:75:53:75:Infinity":29,"b:104:28:104:Infinity:105:28:112:Infinity":4,"b:106:28:106:Infinity:108:28:112:Infinity":5,"f:108:40:108:41":9,"s:109:32:111:Infinity":30}}}
}
