{"C:\\it projects\\ip_test\\Frontend\\src\\App.css": {"path":"C:\\it projects\\ip_test\\Frontend\\src\\App.css","statementMap":{},"fnMap":{},"branchMap":{},"s":{},"f":{},"b":{},"meta":{"lastBranch":0,"lastFunction":0,"lastStatement":0,"seen":{}}}
,"C:\\it projects\\ip_test\\Frontend\\src\\App.jsx": {"path":"C:\\it projects\\ip_test\\Frontend\\src\\App.jsx","statementMap":{"0":{"start":{"line":25,"column":6},"end":{"line":25,"column":null}},"1":{"start":{"line":25,"column":31},"end":{"line":25,"column":null}},"2":{"start":{"line":28,"column":2},"end":{"line":28,"column":null}},"3":{"start":{"line":32,"column":2},"end":{"line":38,"column":null}},"4":{"start":{"line":43,"column":2},"end":{"line":81,"column":null}},"5":{"start":{"line":86,"column":30},"end":{"line":89,"column":null}},"6":{"start":{"line":87,"column":23},"end":{"line":87,"column":null}},"7":{"start":{"line":88,"column":4},"end":{"line":88,"column":null}},"8":{"start":{"line":91,"column":2},"end":{"line":101,"column":null}},"9":{"start":{"line":92,"column":4},"end":{"line":100,"column":null}},"10":{"start":{"line":93,"column":6},"end":{"line":93,"column":null}},"11":{"start":{"line":94,"column":6},"end":{"line":94,"column":null}},"12":{"start":{"line":95,"column":6},"end":{"line":95,"column":null}},"13":{"start":{"line":97,"column":6},"end":{"line":97,"column":null}},"14":{"start":{"line":98,"column":6},"end":{"line":98,"column":null}},"15":{"start":{"line":99,"column":6},"end":{"line":99,"column":null}},"16":{"start":{"line":103,"column":2},"end":{"line":106,"column":null}}},"fnMap":{"0":{"name":"(anonymous_0)","decl":{"start":{"line":25,"column":25},"end":{"line":25,"column":31}},"loc":{"start":{"line":25,"column":31},"end":{"line":25,"column":null}},"line":25},"1":{"name":"HomePage","decl":{"start":{"line":27,"column":9},"end":{"line":27,"column":20}},"loc":{"start":{"line":27,"column":20},"end":{"line":29,"column":null}},"line":27},"2":{"name":"BuilderLoading","decl":{"start":{"line":31,"column":9},"end":{"line":31,"column":24}},"loc":{"start":{"line":31,"column":38},"end":{"line":40,"column":null}},"line":31},"3":{"name":"AppContent","decl":{"start":{"line":42,"column":9},"end":{"line":42,"column":20}},"loc":{"start":{"line":42,"column":47},"end":{"line":83,"column":null}},"line":42},"4":{"name":"App","decl":{"start":{"line":85,"column":9},"end":{"line":85,"column":15}},"loc":{"start":{"line":85,"column":15},"end":{"line":108,"column":null}},"line":85},"5":{"name":"(anonymous_5)","decl":{"start":{"line":86,"column":43},"end":{"line":86,"column":49}},"loc":{"start":{"line":86,"column":49},"end":{"line":89,"column":3}},"line":86},"6":{"name":"(anonymous_6)","decl":{"start":{"line":91,"column":12},"end":{"line":91,"column":18}},"loc":{"start":{"line":91,"column":18},"end":{"line":101,"column":5}},"line":91}},"branchMap":{"0":{"loc":{"start":{"line":33,"column":44},"end":{"line":33,"column":81}},"type":"cond-expr","locations":[{"start":{"line":33,"column":55},"end":{"line":33,"column":70}},{"start":{"line":33,"column":70},"end":{"line":33,"column":81}}],"line":33},"1":{"loc":{"start":{"line":45,"column":37},"end":{"line":45,"column":74}},"type":"cond-expr","locations":[{"start":{"line":45,"column":48},"end":{"line":45,"column":62}},{"start":{"line":45,"column":62},"end":{"line":45,"column":74}}],"line":45},"2":{"loc":{"start":{"line":92,"column":4},"end":{"line":100,"column":null}},"type":"if","locations":[{"start":{"line":92,"column":4},"end":{"line":100,"column":null}},{"start":{"line":96,"column":11},"end":{"line":100,"column":null}}],"line":92}},"s":{"0":1,"1":0,"2":0,"3":0,"4":4,"5":4,"6":3,"7":3,"8":4,"9":4,"10":1,"11":1,"12":1,"13":3,"14":3,"15":3,"16":4},"f":{"0":0,"1":0,"2":0,"3":4,"4":4,"5":3,"6":4},"b":{"0":[0,0],"1":[1,3],"2":[1,3]},"meta":{"lastBranch":3,"lastFunction":7,"lastStatement":17,"seen":{"s:25:6:25:Infinity":0,"f:25:25:25:31":0,"s:25:31:25:Infinity":1,"f:27:9:27:20":1,"s:28:2:28:Infinity":2,"f:31:9:31:24":2,"s:32:2:38:Infinity":3,"b:33:55:33:70:33:70:33:81":0,"f:42:9:42:20":3,"s:43:2:81:Infinity":4,"b:45:48:45:62:45:62:45:74":1,"f:85:9:85:15":4,"s:86:30:89:Infinity":5,"f:86:43:86:49":5,"s:87:23:87:Infinity":6,"s:88:4:88:Infinity":7,"s:91:2:101:Infinity":8,"f:91:12:91:18":6,"b:92:4:100:Infinity:96:11:100:Infinity":2,"s:92:4:100:Infinity":9,"s:93:6:93:Infinity":10,"s:94:6:94:Infinity":11,"s:95:6:95:Infinity":12,"s:97:6:97:Infinity":13,"s:98:6:98:Infinity":14,"s:99:6:99:Infinity":15,"s:103:2:106:Infinity":16}}}
,"C:\\it projects\\ip_test\\Frontend\\src\\components\\CommentsSection.css": {"path":"C:\\it projects\\ip_test\\Frontend\\src\\components\\CommentsSection.css","statementMap":{},"fnMap":{},"branchMap":{},"s":{},"f":{},"b":{},"meta":{"lastBranch":0,"lastFunction":0,"lastStatement":0,"seen":{}}}
,"C:\\it projects\\ip_test\\Frontend\\src\\components\\CommentsSection.jsx": {"path":"C:\\it projects\\ip_test\\Frontend\\src\\components\\CommentsSection.jsx","statementMap":{"0":{"start":{"line":6,"column":17},"end":{"line":6,"column":null}},"1":{"start":{"line":9,"column":2},"end":{"line":9,"column":null}},"2":{"start":{"line":9,"column":14},"end":{"line":9,"column":null}},"3":{"start":{"line":10,"column":2},"end":{"line":13,"column":null}},"4":{"start":{"line":11,"column":38},"end":{"line":11,"column":null}},"5":{"start":{"line":12,"column":4},"end":{"line":12,"column":null}},"6":{"start":{"line":14,"column":2},"end":{"line":14,"column":null}},"7":{"start":{"line":18,"column":15},"end":{"line":18,"column":null}},"8":{"start":{"line":19,"column":2},"end":{"line":19,"column":null}},"9":{"start":{"line":19,"column":38},"end":{"line":19,"column":null}},"10":{"start":{"line":20,"column":14},"end":{"line":20,"column":null}},"11":{"start":{"line":21,"column":18},"end":{"line":21,"column":null}},"12":{"start":{"line":22,"column":2},"end":{"line":22,"column":null}},"13":{"start":{"line":22,"column":20},"end":{"line":22,"column":null}},"14":{"start":{"line":23,"column":2},"end":{"line":23,"column":null}},"15":{"start":{"line":23,"column":22},"end":{"line":23,"column":null}},"16":{"start":{"line":24,"column":2},"end":{"line":24,"column":null}},"17":{"start":{"line":24,"column":23},"end":{"line":24,"column":null}},"18":{"start":{"line":25,"column":2},"end":{"line":25,"column":null}},"19":{"start":{"line":25,"column":24},"end":{"line":25,"column":null}},"20":{"start":{"line":26,"column":2},"end":{"line":26,"column":null}},"21":{"start":{"line":30,"column":20},"end":{"line":30,"column":null}},"22":{"start":{"line":31,"column":18},"end":{"line":31,"column":null}},"23":{"start":{"line":33,"column":2},"end":{"line":53,"column":null}},"24":{"start":{"line":41,"column":26},"end":{"line":41,"column":59}},"25":{"start":{"line":41,"column":59},"end":{"line":41,"column":104}},"26":{"start":{"line":58,"column":20},"end":{"line":58,"column":null}},"27":{"start":{"line":59,"column":40},"end":{"line":59,"column":null}},"28":{"start":{"line":60,"column":38},"end":{"line":60,"column":null}},"29":{"start":{"line":61,"column":38},"end":{"line":61,"column":null}},"30":{"start":{"line":63,"column":19},"end":{"line":63,"column":null}},"31":{"start":{"line":64,"column":22},"end":{"line":64,"column":null}},"32":{"start":{"line":66,"column":28},"end":{"line":102,"column":null}},"33":{"start":{"line":67,"column":4},"end":{"line":67,"column":null}},"34":{"start":{"line":68,"column":4},"end":{"line":68,"column":null}},"35":{"start":{"line":68,"column":39},"end":{"line":68,"column":null}},"36":{"start":{"line":70,"column":4},"end":{"line":70,"column":null}},"37":{"start":{"line":71,"column":4},"end":{"line":101,"column":null}},"38":{"start":{"line":72,"column":23},"end":{"line":74,"column":null}},"39":{"start":{"line":76,"column":20},"end":{"line":76,"column":null}},"40":{"start":{"line":77,"column":23},"end":{"line":87,"column":null}},"41":{"start":{"line":89,"column":6},"end":{"line":95,"column":null}},"42":{"start":{"line":90,"column":8},"end":{"line":90,"column":null}},"43":{"start":{"line":91,"column":8},"end":{"line":91,"column":null}},"44":{"start":{"line":92,"column":8},"end":{"line":92,"column":null}},"45":{"start":{"line":94,"column":8},"end":{"line":94,"column":null}},"46":{"start":{"line":97,"column":6},"end":{"line":97,"column":null}},"47":{"start":{"line":98,"column":6},"end":{"line":98,"column":null}},"48":{"start":{"line":100,"column":6},"end":{"line":100,"column":null}},"49":{"start":{"line":104,"column":2},"end":{"line":192,"column":null}},"50":{"start":{"line":126,"column":29},"end":{"line":126,"column":null}},"51":{"start":{"line":139,"column":25},"end":{"line":139,"column":null}},"52":{"start":{"line":148,"column":31},"end":{"line":148,"column":null}},"53":{"start":{"line":165,"column":18},"end":{"line":165,"column":null}},"54":{"start":{"line":166,"column":18},"end":{"line":166,"column":null}},"55":{"start":{"line":179,"column":12},"end":{"line":188,"column":null}},"56":{"start":{"line":197,"column":20},"end":{"line":197,"column":null}},"57":{"start":{"line":198,"column":30},"end":{"line":198,"column":null}},"58":{"start":{"line":199,"column":34},"end":{"line":199,"column":null}},"59":{"start":{"line":200,"column":28},"end":{"line":200,"column":null}},"60":{"start":{"line":201,"column":22},"end":{"line":201,"column":null}},"61":{"start":{"line":203,"column":2},"end":{"line":205,"column":null}},"62":{"start":{"line":204,"column":4},"end":{"line":204,"column":null}},"63":{"start":{"line":207,"column":2},"end":{"line":222,"column":null}},"64":{"start":{"line":208,"column":4},"end":{"line":208,"column":null}},"65":{"start":{"line":208,"column":54},"end":{"line":208,"column":null}},"66":{"start":{"line":210,"column":16},"end":{"line":219,"column":null}},"67":{"start":{"line":211,"column":17},"end":{"line":211,"column":null}},"68":{"start":{"line":212,"column":6},"end":{"line":212,"column":null}},"69":{"start":{"line":212,"column":15},"end":{"line":212,"column":null}},"70":{"start":{"line":213,"column":6},"end":{"line":213,"column":null}},"71":{"start":{"line":214,"column":6},"end":{"line":214,"column":null}},"72":{"start":{"line":215,"column":22},"end":{"line":217,"column":null}},"73":{"start":{"line":216,"column":8},"end":{"line":216,"column":null}},"74":{"start":{"line":218,"column":6},"end":{"line":218,"column":null}},"75":{"start":{"line":221,"column":4},"end":{"line":221,"column":null}},"76":{"start":{"line":221,"column":17},"end":{"line":221,"column":null}},"77":{"start":{"line":224,"column":24},"end":{"line":247,"column":null}},"78":{"start":{"line":225,"column":4},"end":{"line":225,"column":null}},"79":{"start":{"line":225,"column":19},"end":{"line":225,"column":null}},"80":{"start":{"line":227,"column":4},"end":{"line":246,"column":null}},"81":{"start":{"line":228,"column":6},"end":{"line":228,"column":null}},"82":{"start":{"line":229,"column":23},"end":{"line":231,"column":null}},"83":{"start":{"line":233,"column":20},"end":{"line":233,"column":null}},"84":{"start":{"line":234,"column":23},"end":{"line":236,"column":null}},"85":{"start":{"line":238,"column":6},"end":{"line":241,"column":null}},"86":{"start":{"line":239,"column":21},"end":{"line":239,"column":null}},"87":{"start":{"line":240,"column":8},"end":{"line":240,"column":null}},"88":{"start":{"line":243,"column":6},"end":{"line":243,"column":null}},"89":{"start":{"line":245,"column":6},"end":{"line":245,"column":null}},"90":{"start":{"line":249,"column":27},"end":{"line":279,"column":null}},"91":{"start":{"line":250,"column":4},"end":{"line":250,"column":null}},"92":{"start":{"line":251,"column":4},"end":{"line":251,"column":null}},"93":{"start":{"line":251,"column":37},"end":{"line":251,"column":null}},"94":{"start":{"line":253,"column":4},"end":{"line":278,"column":null}},"95":{"start":{"line":254,"column":23},"end":{"line":256,"column":null}},"96":{"start":{"line":258,"column":20},"end":{"line":258,"column":null}},"97":{"start":{"line":259,"column":23},"end":{"line":266,"column":null}},"98":{"start":{"line":268,"column":6},"end":{"line":274,"column":null}},"99":{"start":{"line":269,"column":8},"end":{"line":269,"column":null}},"100":{"start":{"line":270,"column":8},"end":{"line":270,"column":null}},"101":{"start":{"line":271,"column":8},"end":{"line":271,"column":null}},"102":{"start":{"line":273,"column":8},"end":{"line":273,"column":null}},"103":{"start":{"line":276,"column":6},"end":{"line":276,"column":null}},"104":{"start":{"line":277,"column":6},"end":{"line":277,"column":null}},"105":{"start":{"line":281,"column":30},"end":{"line":302,"column":null}},"106":{"start":{"line":282,"column":4},"end":{"line":282,"column":null}},"107":{"start":{"line":282,"column":49},"end":{"line":282,"column":null}},"108":{"start":{"line":284,"column":4},"end":{"line":301,"column":null}},"109":{"start":{"line":285,"column":20},"end":{"line":285,"column":null}},"110":{"start":{"line":286,"column":23},"end":{"line":289,"column":null}},"111":{"start":{"line":291,"column":6},"end":{"line":297,"column":null}},"112":{"start":{"line":292,"column":8},"end":{"line":292,"column":null}},"113":{"start":{"line":294,"column":21},"end":{"line":294,"column":null}},"114":{"start":{"line":294,"column":55},"end":{"line":294,"column":59}},"115":{"start":{"line":295,"column":20},"end":{"line":295,"column":null}},"116":{"start":{"line":296,"column":8},"end":{"line":296,"column":null}},"117":{"start":{"line":299,"column":6},"end":{"line":299,"column":null}},"118":{"start":{"line":300,"column":6},"end":{"line":300,"column":null}},"119":{"start":{"line":304,"column":23},"end":{"line":308,"column":null}},"120":{"start":{"line":305,"column":25},"end":{"line":306,"column":null}},"121":{"start":{"line":306,"column":6},"end":{"line":306,"column":null}},"122":{"start":{"line":306,"column":37},"end":{"line":306,"column":82}},"123":{"start":{"line":307,"column":4},"end":{"line":307,"column":null}},"124":{"start":{"line":310,"column":2},"end":{"line":353,"column":null}},"125":{"start":{"line":318,"column":29},"end":{"line":318,"column":null}},"126":{"start":{"line":340,"column":12},"end":{"line":349,"column":null}}},"fnMap":{"0":{"name":"parseDate","decl":{"start":{"line":8,"column":9},"end":{"line":8,"column":19}},"loc":{"start":{"line":8,"column":26},"end":{"line":15,"column":null}},"line":8},"1":{"name":"formatRelativeDate","decl":{"start":{"line":17,"column":9},"end":{"line":17,"column":28}},"loc":{"start":{"line":17,"column":35},"end":{"line":27,"column":null}},"line":17},"2":{"name":"CommentAvatar","decl":{"start":{"line":29,"column":9},"end":{"line":29,"column":23}},"loc":{"start":{"line":29,"column":36},"end":{"line":55,"column":null}},"line":29},"3":{"name":"(anonymous_3)","decl":{"start":{"line":41,"column":19},"end":{"line":41,"column":24}},"loc":{"start":{"line":41,"column":24},"end":{"line":41,"column":null}},"line":41},"4":{"name":"CommentNode","decl":{"start":{"line":57,"column":9},"end":{"line":57,"column":21}},"loc":{"start":{"line":57,"column":98},"end":{"line":194,"column":null}},"line":57},"5":{"name":"(anonymous_5)","decl":{"start":{"line":66,"column":28},"end":{"line":66,"column":35}},"loc":{"start":{"line":66,"column":41},"end":{"line":102,"column":null}},"line":66},"6":{"name":"(anonymous_6)","decl":{"start":{"line":126,"column":23},"end":{"line":126,"column":29}},"loc":{"start":{"line":126,"column":29},"end":{"line":126,"column":null}},"line":126},"7":{"name":"(anonymous_7)","decl":{"start":{"line":139,"column":19},"end":{"line":139,"column":25}},"loc":{"start":{"line":139,"column":25},"end":{"line":139,"column":null}},"line":139},"8":{"name":"(anonymous_8)","decl":{"start":{"line":148,"column":24},"end":{"line":148,"column":25}},"loc":{"start":{"line":148,"column":31},"end":{"line":148,"column":null}},"line":148},"9":{"name":"(anonymous_9)","decl":{"start":{"line":164,"column":25},"end":{"line":164,"column":31}},"loc":{"start":{"line":164,"column":31},"end":{"line":167,"column":null}},"line":164},"10":{"name":"(anonymous_10)","decl":{"start":{"line":178,"column":31},"end":{"line":178,"column":32}},"loc":{"start":{"line":179,"column":12},"end":{"line":188,"column":null}},"line":179},"11":{"name":"CommentsSection","decl":{"start":{"line":196,"column":24},"end":{"line":196,"column":40}},"loc":{"start":{"line":196,"column":92},"end":{"line":355,"column":null}},"line":196},"12":{"name":"(anonymous_12)","decl":{"start":{"line":203,"column":12},"end":{"line":203,"column":18}},"loc":{"start":{"line":203,"column":18},"end":{"line":205,"column":5}},"line":203},"13":{"name":"(anonymous_13)","decl":{"start":{"line":207,"column":12},"end":{"line":207,"column":18}},"loc":{"start":{"line":207,"column":18},"end":{"line":222,"column":5}},"line":207},"14":{"name":"(anonymous_14)","decl":{"start":{"line":210,"column":38},"end":{"line":210,"column":44}},"loc":{"start":{"line":210,"column":44},"end":{"line":219,"column":5}},"line":210},"15":{"name":"(anonymous_15)","decl":{"start":{"line":215,"column":33},"end":{"line":215,"column":39}},"loc":{"start":{"line":215,"column":39},"end":{"line":217,"column":9}},"line":215},"16":{"name":"(anonymous_16)","decl":{"start":{"line":221,"column":11},"end":{"line":221,"column":17}},"loc":{"start":{"line":221,"column":17},"end":{"line":221,"column":null}},"line":221},"17":{"name":"(anonymous_17)","decl":{"start":{"line":224,"column":24},"end":{"line":224,"column":36}},"loc":{"start":{"line":224,"column":36},"end":{"line":247,"column":null}},"line":224},"18":{"name":"(anonymous_18)","decl":{"start":{"line":249,"column":27},"end":{"line":249,"column":34}},"loc":{"start":{"line":249,"column":40},"end":{"line":279,"column":null}},"line":249},"19":{"name":"(anonymous_19)","decl":{"start":{"line":281,"column":30},"end":{"line":281,"column":37}},"loc":{"start":{"line":281,"column":51},"end":{"line":302,"column":null}},"line":281},"20":{"name":"(anonymous_20)","decl":{"start":{"line":294,"column":49},"end":{"line":294,"column":55}},"loc":{"start":{"line":294,"column":55},"end":{"line":294,"column":59}},"line":294},"21":{"name":"(anonymous_21)","decl":{"start":{"line":304,"column":39},"end":{"line":304,"column":40}},"loc":{"start":{"line":304,"column":59},"end":{"line":308,"column":5}},"line":304},"22":{"name":"(anonymous_22)","decl":{"start":{"line":305,"column":25},"end":{"line":305,"column":26}},"loc":{"start":{"line":306,"column":6},"end":{"line":306,"column":null}},"line":306},"23":{"name":"(anonymous_23)","decl":{"start":{"line":306,"column":21},"end":{"line":306,"column":22}},"loc":{"start":{"line":306,"column":37},"end":{"line":306,"column":82}},"line":306},"24":{"name":"(anonymous_24)","decl":{"start":{"line":318,"column":22},"end":{"line":318,"column":23}},"loc":{"start":{"line":318,"column":29},"end":{"line":318,"column":null}},"line":318},"25":{"name":"(anonymous_25)","decl":{"start":{"line":339,"column":23},"end":{"line":339,"column":24}},"loc":{"start":{"line":340,"column":12},"end":{"line":349,"column":null}},"line":340}},"branchMap":{"0":{"loc":{"start":{"line":9,"column":2},"end":{"line":9,"column":null}},"type":"if","locations":[{"start":{"line":9,"column":2},"end":{"line":9,"column":null}},{"start":{},"end":{}}],"line":9},"1":{"loc":{"start":{"line":10,"column":2},"end":{"line":13,"column":null}},"type":"if","locations":[{"start":{"line":10,"column":2},"end":{"line":13,"column":null}},{"start":{},"end":{}}],"line":10},"2":{"loc":{"start":{"line":11,"column":20},"end":{"line":11,"column":27}},"type":"default-arg","locations":[{"start":{"line":11,"column":24},"end":{"line":11,"column":27}}],"line":11},"3":{"loc":{"start":{"line":11,"column":27},"end":{"line":11,"column":34}},"type":"default-arg","locations":[{"start":{"line":11,"column":33},"end":{"line":11,"column":34}}],"line":11},"4":{"loc":{"start":{"line":19,"column":2},"end":{"line":19,"column":null}},"type":"if","locations":[{"start":{"line":19,"column":2},"end":{"line":19,"column":null}},{"start":{},"end":{}}],"line":19},"5":{"loc":{"start":{"line":19,"column":6},"end":{"line":19,"column":38}},"type":"binary-expr","locations":[{"start":{"line":19,"column":6},"end":{"line":19,"column":15}},{"start":{"line":19,"column":15},"end":{"line":19,"column":38}}],"line":19},"6":{"loc":{"start":{"line":22,"column":2},"end":{"line":22,"column":null}},"type":"if","locations":[{"start":{"line":22,"column":2},"end":{"line":22,"column":null}},{"start":{},"end":{}}],"line":22},"7":{"loc":{"start":{"line":23,"column":2},"end":{"line":23,"column":null}},"type":"if","locations":[{"start":{"line":23,"column":2},"end":{"line":23,"column":null}},{"start":{},"end":{}}],"line":23},"8":{"loc":{"start":{"line":24,"column":2},"end":{"line":24,"column":null}},"type":"if","locations":[{"start":{"line":24,"column":2},"end":{"line":24,"column":null}},{"start":{},"end":{}}],"line":24},"9":{"loc":{"start":{"line":25,"column":2},"end":{"line":25,"column":null}},"type":"if","locations":[{"start":{"line":25,"column":2},"end":{"line":25,"column":null}},{"start":{},"end":{}}],"line":25},"10":{"loc":{"start":{"line":31,"column":18},"end":{"line":31,"column":null}},"type":"cond-expr","locations":[{"start":{"line":31,"column":30},"end":{"line":31,"column":37}},{"start":{"line":31,"column":37},"end":{"line":31,"column":null}}],"line":31},"11":{"loc":{"start":{"line":31,"column":37},"end":{"line":31,"column":null}},"type":"binary-expr","locations":[{"start":{"line":31,"column":37},"end":{"line":31,"column":83}},{"start":{"line":31,"column":83},"end":{"line":31,"column":null}}],"line":31},"12":{"loc":{"start":{"line":34,"column":38},"end":{"line":34,"column":64}},"type":"cond-expr","locations":[{"start":{"line":34,"column":50},"end":{"line":34,"column":62}},{"start":{"line":34,"column":62},"end":{"line":34,"column":64}}],"line":34},"13":{"loc":{"start":{"line":36,"column":7},"end":{"line":43,"column":null}},"type":"cond-expr","locations":[{"start":{"line":37,"column":8},"end":{"line":42,"column":null}},{"start":{"line":43,"column":10},"end":{"line":43,"column":null}}],"line":36},"14":{"loc":{"start":{"line":36,"column":7},"end":{"line":36,"column":null}},"type":"binary-expr","locations":[{"start":{"line":36,"column":7},"end":{"line":36,"column":21}},{"start":{"line":36,"column":21},"end":{"line":36,"column":null}}],"line":36},"15":{"loc":{"start":{"line":45,"column":18},"end":{"line":45,"column":null}},"type":"cond-expr","locations":[{"start":{"line":45,"column":53},"end":{"line":45,"column":62}},{"start":{"line":45,"column":62},"end":{"line":45,"column":null}}],"line":45},"16":{"loc":{"start":{"line":45,"column":18},"end":{"line":45,"column":53}},"type":"binary-expr","locations":[{"start":{"line":45,"column":18},"end":{"line":45,"column":32}},{"start":{"line":45,"column":32},"end":{"line":45,"column":53}}],"line":45},"17":{"loc":{"start":{"line":57,"column":60},"end":{"line":57,"column":71}},"type":"default-arg","locations":[{"start":{"line":57,"column":68},"end":{"line":57,"column":71}}],"line":57},"18":{"loc":{"start":{"line":68,"column":4},"end":{"line":68,"column":null}},"type":"if","locations":[{"start":{"line":68,"column":4},"end":{"line":68,"column":null}},{"start":{},"end":{}}],"line":68},"19":{"loc":{"start":{"line":68,"column":8},"end":{"line":68,"column":39}},"type":"binary-expr","locations":[{"start":{"line":68,"column":8},"end":{"line":68,"column":32}},{"start":{"line":68,"column":32},"end":{"line":68,"column":39}}],"line":68},"20":{"loc":{"start":{"line":72,"column":23},"end":{"line":74,"column":null}},"type":"cond-expr","locations":[{"start":{"line":73,"column":10},"end":{"line":73,"column":null}},{"start":{"line":74,"column":10},"end":{"line":74,"column":null}}],"line":72},"21":{"loc":{"start":{"line":89,"column":6},"end":{"line":95,"column":null}},"type":"if","locations":[{"start":{"line":89,"column":6},"end":{"line":95,"column":null}},{"start":{"line":93,"column":13},"end":{"line":95,"column":null}}],"line":89},"22":{"loc":{"start":{"line":106,"column":33},"end":{"line":106,"column":71}},"type":"cond-expr","locations":[{"start":{"line":106,"column":45},"end":{"line":106,"column":60}},{"start":{"line":106,"column":60},"end":{"line":106,"column":71}}],"line":106},"23":{"loc":{"start":{"line":109,"column":61},"end":{"line":109,"column":90}},"type":"cond-expr","locations":[{"start":{"line":109,"column":73},"end":{"line":109,"column":83}},{"start":{"line":109,"column":83},"end":{"line":109,"column":90}}],"line":109},"24":{"loc":{"start":{"line":112,"column":35},"end":{"line":112,"column":67}},"type":"cond-expr","locations":[{"start":{"line":112,"column":53},"end":{"line":112,"column":65}},{"start":{"line":112,"column":65},"end":{"line":112,"column":67}}],"line":112},"25":{"loc":{"start":{"line":112,"column":71},"end":{"line":112,"column":100}},"type":"cond-expr","locations":[{"start":{"line":112,"column":83},"end":{"line":112,"column":98}},{"start":{"line":112,"column":98},"end":{"line":112,"column":100}}],"line":112},"26":{"loc":{"start":{"line":123,"column":11},"end":{"line":131,"column":null}},"type":"binary-expr","locations":[{"start":{"line":123,"column":11},"end":{"line":123,"column":30}},{"start":{"line":123,"column":30},"end":{"line":123,"column":null}},{"start":{"line":124,"column":12},"end":{"line":131,"column":null}}],"line":123},"27":{"loc":{"start":{"line":135,"column":41},"end":{"line":135,"column":73}},"type":"cond-expr","locations":[{"start":{"line":135,"column":59},"end":{"line":135,"column":71}},{"start":{"line":135,"column":71},"end":{"line":135,"column":73}}],"line":135},"28":{"loc":{"start":{"line":144,"column":9},"end":{"line":172,"column":null}},"type":"binary-expr","locations":[{"start":{"line":144,"column":9},"end":{"line":144,"column":26}},{"start":{"line":144,"column":26},"end":{"line":144,"column":null}},{"start":{"line":145,"column":10},"end":{"line":172,"column":null}}],"line":144},"29":{"loc":{"start":{"line":157,"column":26},"end":{"line":157,"column":null}},"type":"binary-expr","locations":[{"start":{"line":157,"column":26},"end":{"line":157,"column":50}},{"start":{"line":157,"column":50},"end":{"line":157,"column":null}}],"line":157},"30":{"loc":{"start":{"line":159,"column":36},"end":{"line":159,"column":null}},"type":"cond-expr","locations":[{"start":{"line":159,"column":51},"end":{"line":159,"column":66}},{"start":{"line":159,"column":66},"end":{"line":159,"column":null}}],"line":159},"31":{"loc":{"start":{"line":176,"column":7},"end":{"line":190,"column":null}},"type":"binary-expr","locations":[{"start":{"line":176,"column":7},"end":{"line":176,"column":26}},{"start":{"line":176,"column":26},"end":{"line":176,"column":null}},{"start":{"line":177,"column":8},"end":{"line":190,"column":null}}],"line":176},"32":{"loc":{"start":{"line":208,"column":4},"end":{"line":208,"column":null}},"type":"if","locations":[{"start":{"line":208,"column":4},"end":{"line":208,"column":null}},{"start":{},"end":{}}],"line":208},"33":{"loc":{"start":{"line":208,"column":8},"end":{"line":208,"column":54}},"type":"binary-expr","locations":[{"start":{"line":208,"column":8},"end":{"line":208,"column":31}},{"start":{"line":208,"column":31},"end":{"line":208,"column":54}}],"line":208},"34":{"loc":{"start":{"line":212,"column":6},"end":{"line":212,"column":null}},"type":"if","locations":[{"start":{"line":212,"column":6},"end":{"line":212,"column":null}},{"start":{},"end":{}}],"line":212},"35":{"loc":{"start":{"line":225,"column":4},"end":{"line":225,"column":null}},"type":"if","locations":[{"start":{"line":225,"column":4},"end":{"line":225,"column":null}},{"start":{},"end":{}}],"line":225},"36":{"loc":{"start":{"line":229,"column":23},"end":{"line":231,"column":null}},"type":"cond-expr","locations":[{"start":{"line":230,"column":10},"end":{"line":230,"column":null}},{"start":{"line":231,"column":10},"end":{"line":231,"column":null}}],"line":229},"37":{"loc":{"start":{"line":235,"column":17},"end":{"line":235,"column":null}},"type":"cond-expr","locations":[{"start":{"line":235,"column":25},"end":{"line":235,"column":66}},{"start":{"line":235,"column":66},"end":{"line":235,"column":null}}],"line":235},"38":{"loc":{"start":{"line":238,"column":6},"end":{"line":241,"column":null}},"type":"if","locations":[{"start":{"line":238,"column":6},"end":{"line":241,"column":null}},{"start":{},"end":{}}],"line":238},"39":{"loc":{"start":{"line":240,"column":20},"end":{"line":240,"column":38}},"type":"binary-expr","locations":[{"start":{"line":240,"column":20},"end":{"line":240,"column":36}},{"start":{"line":240,"column":36},"end":{"line":240,"column":38}}],"line":240},"40":{"loc":{"start":{"line":251,"column":4},"end":{"line":251,"column":null}},"type":"if","locations":[{"start":{"line":251,"column":4},"end":{"line":251,"column":null}},{"start":{},"end":{}}],"line":251},"41":{"loc":{"start":{"line":251,"column":8},"end":{"line":251,"column":37}},"type":"binary-expr","locations":[{"start":{"line":251,"column":8},"end":{"line":251,"column":30}},{"start":{"line":251,"column":30},"end":{"line":251,"column":37}}],"line":251},"42":{"loc":{"start":{"line":254,"column":23},"end":{"line":256,"column":null}},"type":"cond-expr","locations":[{"start":{"line":255,"column":10},"end":{"line":255,"column":null}},{"start":{"line":256,"column":10},"end":{"line":256,"column":null}}],"line":254},"43":{"loc":{"start":{"line":268,"column":6},"end":{"line":274,"column":null}},"type":"if","locations":[{"start":{"line":268,"column":6},"end":{"line":274,"column":null}},{"start":{"line":272,"column":13},"end":{"line":274,"column":null}}],"line":268},"44":{"loc":{"start":{"line":282,"column":4},"end":{"line":282,"column":null}},"type":"if","locations":[{"start":{"line":282,"column":4},"end":{"line":282,"column":null}},{"start":{},"end":{}}],"line":282},"45":{"loc":{"start":{"line":291,"column":6},"end":{"line":297,"column":null}},"type":"if","locations":[{"start":{"line":291,"column":6},"end":{"line":297,"column":null}},{"start":{"line":293,"column":13},"end":{"line":297,"column":null}}],"line":291},"46":{"loc":{"start":{"line":295,"column":20},"end":{"line":295,"column":null}},"type":"binary-expr","locations":[{"start":{"line":295,"column":20},"end":{"line":295,"column":37}},{"start":{"line":295,"column":37},"end":{"line":295,"column":52}},{"start":{"line":295,"column":52},"end":{"line":295,"column":null}}],"line":295},"47":{"loc":{"start":{"line":306,"column":60},"end":{"line":306,"column":79}},"type":"binary-expr","locations":[{"start":{"line":306,"column":60},"end":{"line":306,"column":77}},{"start":{"line":306,"column":77},"end":{"line":306,"column":79}}],"line":306},"48":{"loc":{"start":{"line":307,"column":36},"end":{"line":307,"column":57}},"type":"binary-expr","locations":[{"start":{"line":307,"column":36},"end":{"line":307,"column":55}},{"start":{"line":307,"column":55},"end":{"line":307,"column":57}}],"line":307},"49":{"loc":{"start":{"line":314,"column":7},"end":{"line":330,"column":null}},"type":"cond-expr","locations":[{"start":{"line":315,"column":8},"end":{"line":326,"column":null}},{"start":{"line":328,"column":8},"end":{"line":330,"column":null}}],"line":314},"50":{"loc":{"start":{"line":334,"column":9},"end":{"line":350,"column":null}},"type":"cond-expr","locations":[{"start":{"line":335,"column":10},"end":{"line":335,"column":null}},{"start":{"line":336,"column":12},"end":{"line":350,"column":null}}],"line":334},"51":{"loc":{"start":{"line":336,"column":12},"end":{"line":350,"column":null}},"type":"cond-expr","locations":[{"start":{"line":337,"column":10},"end":{"line":337,"column":null}},{"start":{"line":339,"column":10},"end":{"line":350,"column":null}}],"line":336}},"s":{"0":1,"1":22,"2":0,"3":22,"4":11,"5":11,"6":11,"7":22,"8":22,"9":0,"10":22,"11":22,"12":22,"13":11,"14":11,"15":11,"16":11,"17":11,"18":0,"19":0,"20":0,"21":22,"22":22,"23":22,"24":0,"25":0,"26":22,"27":22,"28":22,"29":22,"30":22,"31":22,"32":22,"33":1,"34":1,"35":0,"36":1,"37":1,"38":1,"39":1,"40":1,"41":1,"42":1,"43":1,"44":1,"45":0,"46":0,"47":0,"48":1,"49":22,"50":2,"51":1,"52":1,"53":0,"54":0,"55":11,"56":20,"57":20,"58":20,"59":20,"60":20,"61":20,"62":4,"63":20,"64":8,"65":7,"66":1,"67":1,"68":1,"69":0,"70":1,"71":1,"72":1,"73":0,"74":1,"75":1,"76":1,"77":20,"78":7,"79":0,"80":7,"81":7,"82":7,"83":7,"84":7,"85":7,"86":7,"87":7,"88":0,"89":7,"90":20,"91":1,"92":1,"93":0,"94":1,"95":1,"96":1,"97":1,"98":1,"99":1,"100":1,"101":1,"102":0,"103":0,"104":0,"105":20,"106":2,"107":0,"108":2,"109":2,"110":2,"111":2,"112":1,"113":1,"114":0,"115":1,"116":1,"117":0,"118":0,"119":20,"120":11,"121":22,"122":11,"123":11,"124":20,"125":1,"126":8},"f":{"0":22,"1":22,"2":22,"3":0,"4":22,"5":1,"6":2,"7":1,"8":1,"9":0,"10":11,"11":20,"12":4,"13":8,"14":1,"15":0,"16":1,"17":7,"18":1,"19":2,"20":0,"21":11,"22":22,"23":11,"24":1,"25":8},"b":{"0":[0,22],"1":[11,11],"2":[11],"3":[11],"4":[0,22],"5":[22,22],"6":[11,11],"7":[0,11],"8":[11,0],"9":[0,0],"10":[11,11],"11":[11,0],"12":[11,11],"13":[11,11],"14":[22,11],"15":[11,11],"16":[22,11],"17":[22],"18":[0,1],"19":[1,1],"20":[0,1],"21":[1,0],"22":[11,11],"23":[11,11],"24":[11,11],"25":[11,11],"26":[22,11,11],"27":[11,11],"28":[22,3,3],"29":[3,2],"30":[1,2],"31":[22,22,11],"32":[7,1],"33":[8,2],"34":[0,1],"35":[0,7],"36":[0,7],"37":[7,0],"38":[7,0],"39":[7,0],"40":[0,1],"41":[1,1],"42":[0,1],"43":[1,0],"44":[0,2],"45":[1,1],"46":[1,0,0],"47":[11,0],"48":[11,0],"49":[17,3],"50":[7,13],"51":[5,8]},"meta":{"lastBranch":52,"lastFunction":26,"lastStatement":127,"seen":{"s:6:17:6:Infinity":0,"f:8:9:8:19":0,"b:9:2:9:Infinity:undefined:undefined:undefined:undefined":0,"s:9:2:9:Infinity":1,"s:9:14:9:Infinity":2,"b:10:2:13:Infinity:undefined:undefined:undefined:undefined":1,"s:10:2:13:Infinity":3,"s:11:38:11:Infinity":4,"b:11:24:11:27":2,"b:11:33:11:34":3,"s:12:4:12:Infinity":5,"s:14:2:14:Infinity":6,"f:17:9:17:28":1,"s:18:15:18:Infinity":7,"b:19:2:19:Infinity:undefined:undefined:undefined:undefined":4,"s:19:2:19:Infinity":8,"b:19:6:19:15:19:15:19:38":5,"s:19:38:19:Infinity":9,"s:20:14:20:Infinity":10,"s:21:18:21:Infinity":11,"b:22:2:22:Infinity:undefined:undefined:undefined:undefined":6,"s:22:2:22:Infinity":12,"s:22:20:22:Infinity":13,"b:23:2:23:Infinity:undefined:undefined:undefined:undefined":7,"s:23:2:23:Infinity":14,"s:23:22:23:Infinity":15,"b:24:2:24:Infinity:undefined:undefined:undefined:undefined":8,"s:24:2:24:Infinity":16,"s:24:23:24:Infinity":17,"b:25:2:25:Infinity:undefined:undefined:undefined:undefined":9,"s:25:2:25:Infinity":18,"s:25:24:25:Infinity":19,"s:26:2:26:Infinity":20,"f:29:9:29:23":2,"s:30:20:30:Infinity":21,"s:31:18:31:Infinity":22,"b:31:30:31:37:31:37:31:Infinity":10,"b:31:37:31:83:31:83:31:Infinity":11,"s:33:2:53:Infinity":23,"b:34:50:34:62:34:62:34:64":12,"b:37:8:42:Infinity:43:10:43:Infinity":13,"b:36:7:36:21:36:21:36:Infinity":14,"f:41:19:41:24":3,"s:41:26:41:59":24,"s:41:59:41:104":25,"b:45:53:45:62:45:62:45:Infinity":15,"b:45:18:45:32:45:32:45:53":16,"f:57:9:57:21":4,"b:57:68:57:71":17,"s:58:20:58:Infinity":26,"s:59:40:59:Infinity":27,"s:60:38:60:Infinity":28,"s:61:38:61:Infinity":29,"s:63:19:63:Infinity":30,"s:64:22:64:Infinity":31,"s:66:28:102:Infinity":32,"f:66:28:66:35":5,"s:67:4:67:Infinity":33,"b:68:4:68:Infinity:undefined:undefined:undefined:undefined":18,"s:68:4:68:Infinity":34,"b:68:8:68:32:68:32:68:39":19,"s:68:39:68:Infinity":35,"s:70:4:70:Infinity":36,"s:71:4:101:Infinity":37,"s:72:23:74:Infinity":38,"b:73:10:73:Infinity:74:10:74:Infinity":20,"s:76:20:76:Infinity":39,"s:77:23:87:Infinity":40,"b:89:6:95:Infinity:93:13:95:Infinity":21,"s:89:6:95:Infinity":41,"s:90:8:90:Infinity":42,"s:91:8:91:Infinity":43,"s:92:8:92:Infinity":44,"s:94:8:94:Infinity":45,"s:97:6:97:Infinity":46,"s:98:6:98:Infinity":47,"s:100:6:100:Infinity":48,"s:104:2:192:Infinity":49,"b:106:45:106:60:106:60:106:71":22,"b:109:73:109:83:109:83:109:90":23,"b:112:53:112:65:112:65:112:67":24,"b:112:83:112:98:112:98:112:100":25,"b:123:11:123:30:123:30:123:Infinity:124:12:131:Infinity":26,"f:126:23:126:29":6,"s:126:29:126:Infinity":50,"b:135:59:135:71:135:71:135:73":27,"f:139:19:139:25":7,"s:139:25:139:Infinity":51,"b:144:9:144:26:144:26:144:Infinity:145:10:172:Infinity":28,"f:148:24:148:25":8,"s:148:31:148:Infinity":52,"b:157:26:157:50:157:50:157:Infinity":29,"b:159:51:159:66:159:66:159:Infinity":30,"f:164:25:164:31":9,"s:165:18:165:Infinity":53,"s:166:18:166:Infinity":54,"b:176:7:176:26:176:26:176:Infinity:177:8:190:Infinity":31,"f:178:31:178:32":10,"s:179:12:188:Infinity":55,"f:196:24:196:40":11,"s:197:20:197:Infinity":56,"s:198:30:198:Infinity":57,"s:199:34:199:Infinity":58,"s:200:28:200:Infinity":59,"s:201:22:201:Infinity":60,"s:203:2:205:Infinity":61,"f:203:12:203:18":12,"s:204:4:204:Infinity":62,"s:207:2:222:Infinity":63,"f:207:12:207:18":13,"b:208:4:208:Infinity:undefined:undefined:undefined:undefined":32,"s:208:4:208:Infinity":64,"b:208:8:208:31:208:31:208:54":33,"s:208:54:208:Infinity":65,"s:210:16:219:Infinity":66,"f:210:38:210:44":14,"s:211:17:211:Infinity":67,"b:212:6:212:Infinity:undefined:undefined:undefined:undefined":34,"s:212:6:212:Infinity":68,"s:212:15:212:Infinity":69,"s:213:6:213:Infinity":70,"s:214:6:214:Infinity":71,"s:215:22:217:Infinity":72,"f:215:33:215:39":15,"s:216:8:216:Infinity":73,"s:218:6:218:Infinity":74,"s:221:4:221:Infinity":75,"f:221:11:221:17":16,"s:221:17:221:Infinity":76,"s:224:24:247:Infinity":77,"f:224:24:224:36":17,"b:225:4:225:Infinity:undefined:undefined:undefined:undefined":35,"s:225:4:225:Infinity":78,"s:225:19:225:Infinity":79,"s:227:4:246:Infinity":80,"s:228:6:228:Infinity":81,"s:229:23:231:Infinity":82,"b:230:10:230:Infinity:231:10:231:Infinity":36,"s:233:20:233:Infinity":83,"s:234:23:236:Infinity":84,"b:235:25:235:66:235:66:235:Infinity":37,"b:238:6:241:Infinity:undefined:undefined:undefined:undefined":38,"s:238:6:241:Infinity":85,"s:239:21:239:Infinity":86,"s:240:8:240:Infinity":87,"b:240:20:240:36:240:36:240:38":39,"s:243:6:243:Infinity":88,"s:245:6:245:Infinity":89,"s:249:27:279:Infinity":90,"f:249:27:249:34":18,"s:250:4:250:Infinity":91,"b:251:4:251:Infinity:undefined:undefined:undefined:undefined":40,"s:251:4:251:Infinity":92,"b:251:8:251:30:251:30:251:37":41,"s:251:37:251:Infinity":93,"s:253:4:278:Infinity":94,"s:254:23:256:Infinity":95,"b:255:10:255:Infinity:256:10:256:Infinity":42,"s:258:20:258:Infinity":96,"s:259:23:266:Infinity":97,"b:268:6:274:Infinity:272:13:274:Infinity":43,"s:268:6:274:Infinity":98,"s:269:8:269:Infinity":99,"s:270:8:270:Infinity":100,"s:271:8:271:Infinity":101,"s:273:8:273:Infinity":102,"s:276:6:276:Infinity":103,"s:277:6:277:Infinity":104,"s:281:30:302:Infinity":105,"f:281:30:281:37":19,"b:282:4:282:Infinity:undefined:undefined:undefined:undefined":44,"s:282:4:282:Infinity":106,"s:282:49:282:Infinity":107,"s:284:4:301:Infinity":108,"s:285:20:285:Infinity":109,"s:286:23:289:Infinity":110,"b:291:6:297:Infinity:293:13:297:Infinity":45,"s:291:6:297:Infinity":111,"s:292:8:292:Infinity":112,"s:294:21:294:Infinity":113,"f:294:49:294:55":20,"s:294:55:294:59":114,"s:295:20:295:Infinity":115,"b:295:20:295:37:295:37:295:52:295:52:295:Infinity":46,"s:296:8:296:Infinity":116,"s:299:6:299:Infinity":117,"s:300:6:300:Infinity":118,"s:304:23:308:Infinity":119,"f:304:39:304:40":21,"s:305:25:306:Infinity":120,"f:305:25:305:26":22,"s:306:6:306:Infinity":121,"f:306:21:306:22":23,"s:306:37:306:82":122,"b:306:60:306:77:306:77:306:79":47,"s:307:4:307:Infinity":123,"b:307:36:307:55:307:55:307:57":48,"s:310:2:353:Infinity":124,"b:315:8:326:Infinity:328:8:330:Infinity":49,"f:318:22:318:23":24,"s:318:29:318:Infinity":125,"b:335:10:335:Infinity:336:12:350:Infinity":50,"b:337:10:337:Infinity:339:10:350:Infinity":51,"f:339:23:339:24":25,"s:340:12:349:Infinity":126}}}
,"C:\\it projects\\ip_test\\Frontend\\src\\components\\CopySetupModal.css": {"path":"C:\\it projects\\ip_test\\Frontend\\src\\components\\CopySetupModal.css","statementMap":{},"fnMap":{},"branchMap":{},"s":{},"f":{},"b":{},"meta":{"lastBranch":0,"lastFunction":0,"lastStatement":0,"seen":{}}}
,"C:\\it projects\\ip_test\\Frontend\\src\\components\\CopySetupModal.jsx": {"path":"C:\\it projects\\ip_test\\Frontend\\src\\components\\CopySetupModal.jsx","statementMap":{"0":{"start":{"line":6,"column":17},"end":{"line":6,"column":null}},"1":{"start":{"line":9,"column":33},"end":{"line":9,"column":null}},"2":{"start":{"line":10,"column":22},"end":{"line":10,"column":null}},"3":{"start":{"line":11,"column":28},"end":{"line":11,"column":null}},"4":{"start":{"line":12,"column":8},"end":{"line":12,"column":null}},"5":{"start":{"line":14,"column":2},"end":{"line":19,"column":null}},"6":{"start":{"line":15,"column":4},"end":{"line":18,"column":null}},"7":{"start":{"line":16,"column":6},"end":{"line":16,"column":null}},"8":{"start":{"line":17,"column":6},"end":{"line":17,"column":null}},"9":{"start":{"line":17,"column":23},"end":{"line":17,"column":50}},"10":{"start":{"line":21,"column":21},"end":{"line":64,"column":null}},"11":{"start":{"line":22,"column":4},"end":{"line":22,"column":null}},"12":{"start":{"line":22,"column":22},"end":{"line":22,"column":null}},"13":{"start":{"line":24,"column":4},"end":{"line":24,"column":null}},"14":{"start":{"line":25,"column":4},"end":{"line":63,"column":null}},"15":{"start":{"line":26,"column":20},"end":{"line":26,"column":null}},"16":{"start":{"line":27,"column":6},"end":{"line":31,"column":null}},"17":{"start":{"line":28,"column":8},"end":{"line":28,"column":null}},"18":{"start":{"line":29,"column":8},"end":{"line":29,"column":null}},"19":{"start":{"line":30,"column":8},"end":{"line":30,"column":null}},"20":{"start":{"line":33,"column":23},"end":{"line":43,"column":null}},"21":{"start":{"line":45,"column":6},"end":{"line":57,"column":null}},"22":{"start":{"line":46,"column":21},"end":{"line":46,"column":null}},"23":{"start":{"line":47,"column":8},"end":{"line":47,"column":null}},"24":{"start":{"line":48,"column":8},"end":{"line":48,"column":null}},"25":{"start":{"line":49,"column":8},"end":{"line":49,"column":null}},"26":{"start":{"line":50,"column":6},"end":{"line":57,"column":null}},"27":{"start":{"line":51,"column":8},"end":{"line":51,"column":null}},"28":{"start":{"line":52,"column":8},"end":{"line":52,"column":null}},"29":{"start":{"line":54,"column":21},"end":{"line":54,"column":null}},"30":{"start":{"line":54,"column":55},"end":{"line":54,"column":59}},"31":{"start":{"line":55,"column":20},"end":{"line":55,"column":null}},"32":{"start":{"line":56,"column":8},"end":{"line":56,"column":null}},"33":{"start":{"line":59,"column":6},"end":{"line":59,"column":null}},"34":{"start":{"line":60,"column":6},"end":{"line":60,"column":null}},"35":{"start":{"line":62,"column":6},"end":{"line":62,"column":null}},"36":{"start":{"line":66,"column":24},"end":{"line":72,"column":null}},"37":{"start":{"line":67,"column":4},"end":{"line":71,"column":null}},"38":{"start":{"line":68,"column":6},"end":{"line":68,"column":null}},"39":{"start":{"line":69,"column":4},"end":{"line":71,"column":null}},"40":{"start":{"line":70,"column":6},"end":{"line":70,"column":null}},"41":{"start":{"line":74,"column":2},"end":{"line":74,"column":null}},"42":{"start":{"line":74,"column":15},"end":{"line":74,"column":null}},"43":{"start":{"line":76,"column":2},"end":{"line":131,"column":null}},"44":{"start":{"line":80,"column":26},"end":{"line":80,"column":61}},"45":{"start":{"line":80,"column":50},"end":{"line":80,"column":61}},"46":{"start":{"line":87,"column":24},"end":{"line":87,"column":null}},"47":{"start":{"line":88,"column":26},"end":{"line":88,"column":null}},"48":{"start":{"line":105,"column":29},"end":{"line":105,"column":null}}},"fnMap":{"0":{"name":"CopySetupModal","decl":{"start":{"line":8,"column":24},"end":{"line":8,"column":39}},"loc":{"start":{"line":8,"column":86},"end":{"line":133,"column":null}},"line":8},"1":{"name":"(anonymous_1)","decl":{"start":{"line":14,"column":12},"end":{"line":14,"column":18}},"loc":{"start":{"line":14,"column":18},"end":{"line":19,"column":5}},"line":14},"2":{"name":"(anonymous_2)","decl":{"start":{"line":17,"column":17},"end":{"line":17,"column":23}},"loc":{"start":{"line":17,"column":23},"end":{"line":17,"column":50}},"line":17},"3":{"name":"(anonymous_3)","decl":{"start":{"line":21,"column":21},"end":{"line":21,"column":33}},"loc":{"start":{"line":21,"column":33},"end":{"line":64,"column":null}},"line":21},"4":{"name":"(anonymous_4)","decl":{"start":{"line":54,"column":49},"end":{"line":54,"column":55}},"loc":{"start":{"line":54,"column":55},"end":{"line":54,"column":59}},"line":54},"5":{"name":"(anonymous_5)","decl":{"start":{"line":66,"column":24},"end":{"line":66,"column":25}},"loc":{"start":{"line":66,"column":31},"end":{"line":72,"column":null}},"line":66},"6":{"name":"(anonymous_6)","decl":{"start":{"line":80,"column":17},"end":{"line":80,"column":18}},"loc":{"start":{"line":80,"column":24},"end":{"line":80,"column":null}},"line":80},"7":{"name":"(anonymous_7)","decl":{"start":{"line":87,"column":17},"end":{"line":87,"column":18}},"loc":{"start":{"line":87,"column":24},"end":{"line":87,"column":null}},"line":87},"8":{"name":"(anonymous_8)","decl":{"start":{"line":88,"column":19},"end":{"line":88,"column":20}},"loc":{"start":{"line":88,"column":26},"end":{"line":88,"column":null}},"line":88},"9":{"name":"(anonymous_9)","decl":{"start":{"line":105,"column":22},"end":{"line":105,"column":23}},"loc":{"start":{"line":105,"column":29},"end":{"line":105,"column":null}},"line":105}},"branchMap":{"0":{"loc":{"start":{"line":15,"column":4},"end":{"line":18,"column":null}},"type":"if","locations":[{"start":{"line":15,"column":4},"end":{"line":18,"column":null}},{"start":{},"end":{}}],"line":15},"1":{"loc":{"start":{"line":15,"column":8},"end":{"line":15,"column":33}},"type":"binary-expr","locations":[{"start":{"line":15,"column":8},"end":{"line":15,"column":18}},{"start":{"line":15,"column":18},"end":{"line":15,"column":33}}],"line":15},"2":{"loc":{"start":{"line":22,"column":4},"end":{"line":22,"column":null}},"type":"if","locations":[{"start":{"line":22,"column":4},"end":{"line":22,"column":null}},{"start":{},"end":{}}],"line":22},"3":{"loc":{"start":{"line":27,"column":6},"end":{"line":31,"column":null}},"type":"if","locations":[{"start":{"line":27,"column":6},"end":{"line":31,"column":null}},{"start":{},"end":{}}],"line":27},"4":{"loc":{"start":{"line":45,"column":6},"end":{"line":57,"column":null}},"type":"if","locations":[{"start":{"line":45,"column":6},"end":{"line":57,"column":null}},{"start":{"line":50,"column":6},"end":{"line":57,"column":null}}],"line":45},"5":{"loc":{"start":{"line":50,"column":6},"end":{"line":57,"column":null}},"type":"if","locations":[{"start":{"line":50,"column":6},"end":{"line":57,"column":null}},{"start":{"line":53,"column":13},"end":{"line":57,"column":null}}],"line":50},"6":{"loc":{"start":{"line":55,"column":20},"end":{"line":55,"column":null}},"type":"binary-expr","locations":[{"start":{"line":55,"column":20},"end":{"line":55,"column":35}},{"start":{"line":55,"column":35},"end":{"line":55,"column":52}},{"start":{"line":55,"column":52},"end":{"line":55,"column":75}},{"start":{"line":55,"column":75},"end":{"line":55,"column":null}}],"line":55},"7":{"loc":{"start":{"line":67,"column":4},"end":{"line":71,"column":null}},"type":"if","locations":[{"start":{"line":67,"column":4},"end":{"line":71,"column":null}},{"start":{"line":69,"column":4},"end":{"line":71,"column":null}}],"line":67},"8":{"loc":{"start":{"line":67,"column":8},"end":{"line":67,"column":39}},"type":"binary-expr","locations":[{"start":{"line":67,"column":8},"end":{"line":67,"column":29}},{"start":{"line":67,"column":29},"end":{"line":67,"column":39}}],"line":67},"9":{"loc":{"start":{"line":69,"column":4},"end":{"line":71,"column":null}},"type":"if","locations":[{"start":{"line":69,"column":4},"end":{"line":71,"column":null}},{"start":{},"end":{}}],"line":69},"10":{"loc":{"start":{"line":74,"column":2},"end":{"line":74,"column":null}},"type":"if","locations":[{"start":{"line":74,"column":2},"end":{"line":74,"column":null}},{"start":{},"end":{}}],"line":74},"11":{"loc":{"start":{"line":80,"column":26},"end":{"line":80,"column":61}},"type":"if","locations":[{"start":{"line":80,"column":26},"end":{"line":80,"column":61}},{"start":{},"end":{}}],"line":80},"12":{"loc":{"start":{"line":127,"column":13},"end":{"line":127,"column":null}},"type":"cond-expr","locations":[{"start":{"line":127,"column":23},"end":{"line":127,"column":39}},{"start":{"line":127,"column":39},"end":{"line":127,"column":null}}],"line":127}},"s":{"0":2,"1":66,"2":66,"3":66,"4":66,"5":66,"6":10,"7":2,"8":2,"9":1,"10":66,"11":1,"12":0,"13":1,"14":1,"15":1,"16":1,"17":0,"18":0,"19":0,"20":1,"21":1,"22":1,"23":1,"24":1,"25":1,"26":0,"27":0,"28":0,"29":0,"30":0,"31":0,"32":0,"33":0,"34":0,"35":1,"36":66,"37":0,"38":0,"39":0,"40":0,"41":66,"42":59,"43":7,"44":0,"45":0,"46":1,"47":0,"48":1},"f":{"0":66,"1":10,"2":1,"3":1,"4":0,"5":0,"6":0,"7":1,"8":0,"9":1},"b":{"0":[2,8],"1":[10,2],"2":[0,1],"3":[0,1],"4":[1,0],"5":[0,0],"6":[0,0,0,0],"7":[0,0],"8":[0,0],"9":[0,0],"10":[59,7],"11":[0,0],"12":[1,6]},"meta":{"lastBranch":13,"lastFunction":10,"lastStatement":49,"seen":{"s:6:17:6:Infinity":0,"f:8:24:8:39":0,"s:9:33:9:Infinity":1,"s:10:22:10:Infinity":2,"s:11:28:11:Infinity":3,"s:12:8:12:Infinity":4,"s:14:2:19:Infinity":5,"f:14:12:14:18":1,"b:15:4:18:Infinity:undefined:undefined:undefined:undefined":0,"s:15:4:18:Infinity":6,"b:15:8:15:18:15:18:15:33":1,"s:16:6:16:Infinity":7,"s:17:6:17:Infinity":8,"f:17:17:17:23":2,"s:17:23:17:50":9,"s:21:21:64:Infinity":10,"f:21:21:21:33":3,"b:22:4:22:Infinity:undefined:undefined:undefined:undefined":2,"s:22:4:22:Infinity":11,"s:22:22:22:Infinity":12,"s:24:4:24:Infinity":13,"s:25:4:63:Infinity":14,"s:26:20:26:Infinity":15,"b:27:6:31:Infinity:undefined:undefined:undefined:undefined":3,"s:27:6:31:Infinity":16,"s:28:8:28:Infinity":17,"s:29:8:29:Infinity":18,"s:30:8:30:Infinity":19,"s:33:23:43:Infinity":20,"b:45:6:57:Infinity:50:6:57:Infinity":4,"s:45:6:57:Infinity":21,"s:46:21:46:Infinity":22,"s:47:8:47:Infinity":23,"s:48:8:48:Infinity":24,"s:49:8:49:Infinity":25,"b:50:6:57:Infinity:53:13:57:Infinity":5,"s:50:6:57:Infinity":26,"s:51:8:51:Infinity":27,"s:52:8:52:Infinity":28,"s:54:21:54:Infinity":29,"f:54:49:54:55":4,"s:54:55:54:59":30,"s:55:20:55:Infinity":31,"b:55:20:55:35:55:35:55:52:55:52:55:75:55:75:55:Infinity":6,"s:56:8:56:Infinity":32,"s:59:6:59:Infinity":33,"s:60:6:60:Infinity":34,"s:62:6:62:Infinity":35,"s:66:24:72:Infinity":36,"f:66:24:66:25":5,"b:67:4:71:Infinity:69:4:71:Infinity":7,"s:67:4:71:Infinity":37,"b:67:8:67:29:67:29:67:39":8,"s:68:6:68:Infinity":38,"b:69:4:71:Infinity:undefined:undefined:undefined:undefined":9,"s:69:4:71:Infinity":39,"s:70:6:70:Infinity":40,"b:74:2:74:Infinity:undefined:undefined:undefined:undefined":10,"s:74:2:74:Infinity":41,"s:74:15:74:Infinity":42,"s:76:2:131:Infinity":43,"f:80:17:80:18":6,"b:80:26:80:61:undefined:undefined:undefined:undefined":11,"s:80:26:80:61":44,"s:80:50:80:61":45,"f:87:17:87:18":7,"s:87:24:87:Infinity":46,"f:88:19:88:20":8,"s:88:26:88:Infinity":47,"f:105:22:105:23":9,"s:105:29:105:Infinity":48,"b:127:23:127:39:127:39:127:Infinity":12}}}
,"C:\\it projects\\ip_test\\Frontend\\src\\components\\ErrorBanner.css": {"path":"C:\\it projects\\ip_test\\Frontend\\src\\components\\ErrorBanner.css","statementMap":{},"fnMap":{},"branchMap":{},"s":{},"f":{},"b":{},"meta":{"lastBranch":0,"lastFunction":0,"lastStatement":0,"seen":{}}}
,"C:\\it projects\\ip_test\\Frontend\\src\\components\\ErrorBanner.jsx": {"path":"C:\\it projects\\ip_test\\Frontend\\src\\components\\ErrorBanner.jsx","statementMap":{"0":{"start":{"line":6,"column":45},"end":{"line":6,"column":null}},"1":{"start":{"line":8,"column":2},"end":{"line":10,"column":null}},"2":{"start":{"line":9,"column":4},"end":{"line":9,"column":null}},"3":{"start":{"line":12,"column":2},"end":{"line":24,"column":null}}},"fnMap":{"0":{"name":"ErrorBanner","decl":{"start":{"line":5,"column":24},"end":{"line":5,"column":38}},"loc":{"start":{"line":5,"column":38},"end":{"line":26,"column":null}},"line":5}},"branchMap":{"0":{"loc":{"start":{"line":8,"column":2},"end":{"line":10,"column":null}},"type":"if","locations":[{"start":{"line":8,"column":2},"end":{"line":10,"column":null}},{"start":{},"end":{}}],"line":8}},"s":{"0":67,"1":67,"2":44,"3":23},"f":{"0":67},"b":{"0":[44,23]},"meta":{"lastBranch":1,"lastFunction":1,"lastStatement":4,"seen":{"f:5:24:5:38":0,"s:6:45:6:Infinity":0,"b:8:2:10:Infinity:undefined:undefined:undefined:undefined":0,"s:8:2:10:Infinity":1,"s:9:4:9:Infinity":2,"s:12:2:24:Infinity":3}}}
,"C:\\it projects\\ip_test\\Frontend\\src\\components\\Navbar.css": {"path":"C:\\it projects\\ip_test\\Frontend\\src\\components\\Navbar.css","statementMap":{},"fnMap":{},"branchMap":{},"s":{},"f":{},"b":{},"meta":{"lastBranch":0,"lastFunction":0,"lastStatement":0,"seen":{}}}
,"C:\\it projects\\ip_test\\Frontend\\src\\components\\Navbar.jsx": {"path":"C:\\it projects\\ip_test\\Frontend\\src\\components\\Navbar.jsx","statementMap":{"0":{"start":{"line":7,"column":12},"end":{"line":7,"column":null}},"1":{"start":{"line":8,"column":2},"end":{"line":8,"column":null}},"2":{"start":{"line":8,"column":25},"end":{"line":8,"column":null}},"3":{"start":{"line":9,"column":2},"end":{"line":9,"column":null}},"4":{"start":{"line":13,"column":2},"end":{"line":13,"column":null}},"5":{"start":{"line":13,"column":14},"end":{"line":13,"column":null}},"6":{"start":{"line":14,"column":2},"end":{"line":20,"column":null}},"7":{"start":{"line":15,"column":20},"end":{"line":15,"column":null}},"8":{"start":{"line":16,"column":4},"end":{"line":16,"column":null}},"9":{"start":{"line":16,"column":23},"end":{"line":16,"column":null}},"10":{"start":{"line":17,"column":4},"end":{"line":17,"column":null}},"11":{"start":{"line":19,"column":4},"end":{"line":19,"column":null}},"12":{"start":{"line":24,"column":16},"end":{"line":24,"column":null}},"13":{"start":{"line":25,"column":2},"end":{"line":25,"column":null}},"14":{"start":{"line":25,"column":14},"end":{"line":25,"column":null}},"15":{"start":{"line":26,"column":16},"end":{"line":26,"column":null}},"16":{"start":{"line":27,"column":2},"end":{"line":27,"column":null}},"17":{"start":{"line":27,"column":14},"end":{"line":27,"column":null}},"18":{"start":{"line":28,"column":2},"end":{"line":28,"column":null}},"19":{"start":{"line":32,"column":8},"end":{"line":32,"column":null}},"20":{"start":{"line":33,"column":34},"end":{"line":33,"column":null}},"21":{"start":{"line":34,"column":22},"end":{"line":34,"column":null}},"22":{"start":{"line":36,"column":8},"end":{"line":49,"column":null}},"23":{"start":{"line":37,"column":18},"end":{"line":37,"column":null}},"24":{"start":{"line":38,"column":4},"end":{"line":48,"column":null}},"25":{"start":{"line":39,"column":6},"end":{"line":46,"column":null}},"26":{"start":{"line":40,"column":8},"end":{"line":44,"column":null}},"27":{"start":{"line":41,"column":10},"end":{"line":41,"column":null}},"28":{"start":{"line":42,"column":10},"end":{"line":42,"column":null}},"29":{"start":{"line":43,"column":10},"end":{"line":43,"column":null}},"30":{"start":{"line":45,"column":8},"end":{"line":45,"column":null}},"31":{"start":{"line":47,"column":6},"end":{"line":47,"column":null}},"32":{"start":{"line":51,"column":2},"end":{"line":68,"column":null}},"33":{"start":{"line":52,"column":4},"end":{"line":55,"column":null}},"34":{"start":{"line":53,"column":6},"end":{"line":53,"column":null}},"35":{"start":{"line":54,"column":6},"end":{"line":54,"column":null}},"36":{"start":{"line":57,"column":22},"end":{"line":65,"column":null}},"37":{"start":{"line":58,"column":19},"end":{"line":58,"column":null}},"38":{"start":{"line":59,"column":6},"end":{"line":64,"column":null}},"39":{"start":{"line":60,"column":8},"end":{"line":60,"column":null}},"40":{"start":{"line":61,"column":6},"end":{"line":64,"column":null}},"41":{"start":{"line":62,"column":8},"end":{"line":62,"column":null}},"42":{"start":{"line":63,"column":8},"end":{"line":63,"column":null}},"43":{"start":{"line":67,"column":4},"end":{"line":67,"column":null}},"44":{"start":{"line":70,"column":2},"end":{"line":90,"column":null}},"45":{"start":{"line":71,"column":25},"end":{"line":71,"column":null}},"46":{"start":{"line":71,"column":31},"end":{"line":71,"column":null}},"47":{"start":{"line":72,"column":22},"end":{"line":74,"column":null}},"48":{"start":{"line":73,"column":6},"end":{"line":73,"column":null}},"49":{"start":{"line":73,"column":53},"end":{"line":73,"column":null}},"50":{"start":{"line":75,"column":19},"end":{"line":75,"column":null}},"51":{"start":{"line":76,"column":25},"end":{"line":78,"column":null}},"52":{"start":{"line":77,"column":6},"end":{"line":77,"column":null}},"53":{"start":{"line":77,"column":28},"end":{"line":77,"column":null}},"54":{"start":{"line":80,"column":4},"end":{"line":80,"column":null}},"55":{"start":{"line":81,"column":4},"end":{"line":81,"column":null}},"56":{"start":{"line":82,"column":4},"end":{"line":82,"column":null}},"57":{"start":{"line":84,"column":4},"end":{"line":89,"column":null}},"58":{"start":{"line":85,"column":6},"end":{"line":85,"column":null}},"59":{"start":{"line":86,"column":6},"end":{"line":86,"column":null}},"60":{"start":{"line":87,"column":6},"end":{"line":87,"column":null}},"61":{"start":{"line":88,"column":6},"end":{"line":88,"column":null}},"62":{"start":{"line":93,"column":25},"end":{"line":93,"column":null}},"63":{"start":{"line":94,"column":4},"end":{"line":104,"column":null}},"64":{"start":{"line":95,"column":6},"end":{"line":103,"column":null}},"65":{"start":{"line":96,"column":8},"end":{"line":100,"column":null}},"66":{"start":{"line":106,"column":4},"end":{"line":106,"column":null}},"67":{"start":{"line":107,"column":4},"end":{"line":107,"column":null}},"68":{"start":{"line":108,"column":4},"end":{"line":108,"column":null}},"69":{"start":{"line":109,"column":4},"end":{"line":109,"column":null}},"70":{"start":{"line":110,"column":4},"end":{"line":110,"column":null}},"71":{"start":{"line":111,"column":4},"end":{"line":111,"column":null}},"72":{"start":{"line":112,"column":4},"end":{"line":112,"column":null}},"73":{"start":{"line":115,"column":21},"end":{"line":115,"column":null}},"74":{"start":{"line":116,"column":21},"end":{"line":116,"column":null}},"75":{"start":{"line":117,"column":36},"end":{"line":117,"column":null}},"76":{"start":{"line":119,"column":2},"end":{"line":119,"column":null}},"77":{"start":{"line":119,"column":20},"end":{"line":119,"column":43}},"78":{"start":{"line":121,"column":2},"end":{"line":215,"column":null}},"79":{"start":{"line":144,"column":83},"end":{"line":144,"column":null}},"80":{"start":{"line":157,"column":87},"end":{"line":157,"column":null}},"81":{"start":{"line":163,"column":33},"end":{"line":163,"column":null}},"82":{"start":{"line":189,"column":25},"end":{"line":189,"column":null}}},"fnMap":{"0":{"name":"base64UrlDecode","decl":{"start":{"line":6,"column":9},"end":{"line":6,"column":25}},"loc":{"start":{"line":6,"column":28},"end":{"line":10,"column":null}},"line":6},"1":{"name":"getTokenExpiryMs","decl":{"start":{"line":12,"column":9},"end":{"line":12,"column":26}},"loc":{"start":{"line":12,"column":33},"end":{"line":21,"column":null}},"line":12},"2":{"name":"isTokenValid","decl":{"start":{"line":23,"column":9},"end":{"line":23,"column":24}},"loc":{"start":{"line":23,"column":24},"end":{"line":29,"column":null}},"line":23},"3":{"name":"Navbar","decl":{"start":{"line":31,"column":9},"end":{"line":31,"column":16}},"loc":{"start":{"line":31,"column":43},"end":{"line":217,"column":null}},"line":31},"4":{"name":"(anonymous_4)","decl":{"start":{"line":36,"column":39},"end":{"line":36,"column":45}},"loc":{"start":{"line":36,"column":45},"end":{"line":49,"column":5}},"line":36},"5":{"name":"(anonymous_5)","decl":{"start":{"line":38,"column":18},"end":{"line":38,"column":19}},"loc":{"start":{"line":38,"column":28},"end":{"line":48,"column":5}},"line":38},"6":{"name":"(anonymous_6)","decl":{"start":{"line":51,"column":12},"end":{"line":51,"column":18}},"loc":{"start":{"line":51,"column":18},"end":{"line":68,"column":5}},"line":51},"7":{"name":"(anonymous_7)","decl":{"start":{"line":57,"column":22},"end":{"line":57,"column":34}},"loc":{"start":{"line":57,"column":34},"end":{"line":65,"column":null}},"line":57},"8":{"name":"(anonymous_8)","decl":{"start":{"line":70,"column":12},"end":{"line":70,"column":18}},"loc":{"start":{"line":70,"column":18},"end":{"line":90,"column":5}},"line":70},"9":{"name":"(anonymous_9)","decl":{"start":{"line":71,"column":25},"end":{"line":71,"column":31}},"loc":{"start":{"line":71,"column":31},"end":{"line":71,"column":null}},"line":71},"10":{"name":"(anonymous_10)","decl":{"start":{"line":72,"column":22},"end":{"line":72,"column":23}},"loc":{"start":{"line":72,"column":29},"end":{"line":74,"column":null}},"line":72},"11":{"name":"(anonymous_11)","decl":{"start":{"line":76,"column":25},"end":{"line":76,"column":31}},"loc":{"start":{"line":76,"column":31},"end":{"line":78,"column":null}},"line":76},"12":{"name":"(anonymous_12)","decl":{"start":{"line":84,"column":11},"end":{"line":84,"column":17}},"loc":{"start":{"line":84,"column":17},"end":{"line":89,"column":null}},"line":84},"13":{"name":"handleLogout","decl":{"start":{"line":92,"column":17},"end":{"line":92,"column":32}},"loc":{"start":{"line":92,"column":32},"end":{"line":113,"column":null}},"line":92},"14":{"name":"(anonymous_14)","decl":{"start":{"line":119,"column":12},"end":{"line":119,"column":18}},"loc":{"start":{"line":119,"column":18},"end":{"line":119,"column":46}},"line":119},"15":{"name":"(anonymous_15)","decl":{"start":{"line":144,"column":77},"end":{"line":144,"column":83}},"loc":{"start":{"line":144,"column":83},"end":{"line":144,"column":null}},"line":144},"16":{"name":"(anonymous_16)","decl":{"start":{"line":157,"column":81},"end":{"line":157,"column":87}},"loc":{"start":{"line":157,"column":87},"end":{"line":157,"column":null}},"line":157},"17":{"name":"(anonymous_17)","decl":{"start":{"line":163,"column":27},"end":{"line":163,"column":33}},"loc":{"start":{"line":163,"column":33},"end":{"line":163,"column":null}},"line":163},"18":{"name":"(anonymous_18)","decl":{"start":{"line":189,"column":19},"end":{"line":189,"column":25}},"loc":{"start":{"line":189,"column":25},"end":{"line":189,"column":null}},"line":189}},"branchMap":{"0":{"loc":{"start":{"line":13,"column":2},"end":{"line":13,"column":null}},"type":"if","locations":[{"start":{"line":13,"column":2},"end":{"line":13,"column":null}},{"start":{},"end":{}}],"line":13},"1":{"loc":{"start":{"line":16,"column":4},"end":{"line":16,"column":null}},"type":"if","locations":[{"start":{"line":16,"column":4},"end":{"line":16,"column":null}},{"start":{},"end":{}}],"line":16},"2":{"loc":{"start":{"line":25,"column":2},"end":{"line":25,"column":null}},"type":"if","locations":[{"start":{"line":25,"column":2},"end":{"line":25,"column":null}},{"start":{},"end":{}}],"line":25},"3":{"loc":{"start":{"line":27,"column":2},"end":{"line":27,"column":null}},"type":"if","locations":[{"start":{"line":27,"column":2},"end":{"line":27,"column":null}},{"start":{},"end":{}}],"line":27},"4":{"loc":{"start":{"line":39,"column":6},"end":{"line":46,"column":null}},"type":"if","locations":[{"start":{"line":39,"column":6},"end":{"line":46,"column":null}},{"start":{},"end":{}}],"line":39},"5":{"loc":{"start":{"line":40,"column":8},"end":{"line":44,"column":null}},"type":"if","locations":[{"start":{"line":40,"column":8},"end":{"line":44,"column":null}},{"start":{},"end":{}}],"line":40},"6":{"loc":{"start":{"line":52,"column":4},"end":{"line":55,"column":null}},"type":"if","locations":[{"start":{"line":52,"column":4},"end":{"line":55,"column":null}},{"start":{},"end":{}}],"line":52},"7":{"loc":{"start":{"line":59,"column":6},"end":{"line":64,"column":null}},"type":"if","locations":[{"start":{"line":59,"column":6},"end":{"line":64,"column":null}},{"start":{"line":61,"column":6},"end":{"line":64,"column":null}}],"line":59},"8":{"loc":{"start":{"line":61,"column":6},"end":{"line":64,"column":null}},"type":"if","locations":[{"start":{"line":61,"column":6},"end":{"line":64,"column":null}},{"start":{},"end":{}}],"line":61},"9":{"loc":{"start":{"line":73,"column":6},"end":{"line":73,"column":null}},"type":"if","locations":[{"start":{"line":73,"column":6},"end":{"line":73,"column":null}},{"start":{},"end":{}}],"line":73},"10":{"loc":{"start":{"line":73,"column":10},"end":{"line":73,"column":53}},"type":"binary-expr","locations":[{"start":{"line":73,"column":10},"end":{"line":73,"column":37}},{"start":{"line":73,"column":37},"end":{"line":73,"column":53}}],"line":73},"11":{"loc":{"start":{"line":77,"column":6},"end":{"line":77,"column":null}},"type":"if","locations":[{"start":{"line":77,"column":6},"end":{"line":77,"column":null}},{"start":{},"end":{}}],"line":77},"12":{"loc":{"start":{"line":94,"column":4},"end":{"line":104,"column":null}},"type":"if","locations":[{"start":{"line":94,"column":4},"end":{"line":104,"column":null}},{"start":{},"end":{}}],"line":94},"13":{"loc":{"start":{"line":115,"column":21},"end":{"line":115,"column":null}},"type":"binary-expr","locations":[{"start":{"line":115,"column":21},"end":{"line":115,"column":65}},{"start":{"line":115,"column":65},"end":{"line":115,"column":null}}],"line":115},"14":{"loc":{"start":{"line":116,"column":21},"end":{"line":116,"column":null}},"type":"binary-expr","locations":[{"start":{"line":116,"column":21},"end":{"line":116,"column":40}},{"start":{"line":116,"column":40},"end":{"line":116,"column":65}},{"start":{"line":116,"column":65},"end":{"line":116,"column":83}},{"start":{"line":116,"column":83},"end":{"line":116,"column":null}}],"line":116},"15":{"loc":{"start":{"line":122,"column":38},"end":{"line":122,"column":65}},"type":"cond-expr","locations":[{"start":{"line":122,"column":49},"end":{"line":122,"column":63}},{"start":{"line":122,"column":63},"end":{"line":122,"column":65}}],"line":122},"16":{"loc":{"start":{"line":155,"column":9},"end":{"line":183,"column":null}},"type":"cond-expr","locations":[{"start":{"line":156,"column":10},"end":{"line":176,"column":null}},{"start":{"line":178,"column":10},"end":{"line":183,"column":null}}],"line":155},"17":{"loc":{"start":{"line":158,"column":15},"end":{"line":166,"column":null}},"type":"cond-expr","locations":[{"start":{"line":159,"column":16},"end":{"line":164,"column":null}},{"start":{"line":166,"column":16},"end":{"line":166,"column":null}}],"line":158},"18":{"loc":{"start":{"line":158,"column":15},"end":{"line":158,"column":null}},"type":"binary-expr","locations":[{"start":{"line":158,"column":15},"end":{"line":158,"column":29}},{"start":{"line":158,"column":29},"end":{"line":158,"column":null}}],"line":158},"19":{"loc":{"start":{"line":187,"column":52},"end":{"line":187,"column":76}},"type":"cond-expr","locations":[{"start":{"line":187,"column":63},"end":{"line":187,"column":74}},{"start":{"line":187,"column":74},"end":{"line":187,"column":76}}],"line":187},"20":{"loc":{"start":{"line":194,"column":15},"end":{"line":209,"column":null}},"type":"cond-expr","locations":[{"start":{"line":195,"column":16},"end":{"line":197,"column":null}},{"start":{"line":199,"column":16},"end":{"line":209,"column":null}}],"line":194}},"s":{"0":8,"1":8,"2":0,"3":8,"4":8,"5":0,"6":8,"7":8,"8":8,"9":0,"10":8,"11":0,"12":10,"13":10,"14":2,"15":8,"16":8,"17":0,"18":8,"19":9,"20":9,"21":9,"22":9,"23":1,"24":1,"25":0,"26":0,"27":0,"28":0,"29":0,"30":0,"31":0,"32":9,"33":4,"34":2,"35":2,"36":2,"37":2,"38":2,"39":2,"40":0,"41":0,"42":0,"43":2,"44":9,"45":4,"46":1,"47":4,"48":0,"49":0,"50":4,"51":4,"52":0,"53":0,"54":4,"55":4,"56":4,"57":4,"58":4,"59":4,"60":4,"61":4,"62":1,"63":1,"64":1,"65":1,"66":1,"67":1,"68":1,"69":1,"70":1,"71":1,"72":1,"73":9,"74":9,"75":9,"76":9,"77":5,"78":9,"79":1,"80":0,"81":1,"82":1},"f":{"0":8,"1":8,"2":10,"3":9,"4":1,"5":0,"6":4,"7":2,"8":4,"9":1,"10":0,"11":0,"12":4,"13":1,"14":5,"15":1,"16":0,"17":1,"18":1},"b":{"0":[0,8],"1":[0,8],"2":[2,8],"3":[0,8],"4":[0,0],"5":[0,0],"6":[2,2],"7":[2,0],"8":[0,0],"9":[0,0],"10":[0,0],"11":[0,0],"12":[1,0],"13":[9,4],"14":[9,6,6,6],"15":[4,5],"16":[7,2],"17":[2,5],"18":[7,3],"19":[4,5],"20":[4,5]},"meta":{"lastBranch":21,"lastFunction":19,"lastStatement":83,"seen":{"f:6:9:6:25":0,"s:7:12:7:Infinity":0,"s:8:2:8:Infinity":1,"s:8:25:8:Infinity":2,"s:9:2:9:Infinity":3,"f:12:9:12:26":1,"b:13:2:13:Infinity:undefined:undefined:undefined:undefined":0,"s:13:2:13:Infinity":4,"s:13:14:13:Infinity":5,"s:14:2:20:Infinity":6,"s:15:20:15:Infinity":7,"b:16:4:16:Infinity:undefined:undefined:undefined:undefined":1,"s:16:4:16:Infinity":8,"s:16:23:16:Infinity":9,"s:17:4:17:Infinity":10,"s:19:4:19:Infinity":11,"f:23:9:23:24":2,"s:24:16:24:Infinity":12,"b:25:2:25:Infinity:undefined:undefined:undefined:undefined":2,"s:25:2:25:Infinity":13,"s:25:14:25:Infinity":14,"s:26:16:26:Infinity":15,"b:27:2:27:Infinity:undefined:undefined:undefined:undefined":3,"s:27:2:27:Infinity":16,"s:27:14:27:Infinity":17,"s:28:2:28:Infinity":18,"f:31:9:31:16":3,"s:32:8:32:Infinity":19,"s:33:34:33:Infinity":20,"s:34:22:34:Infinity":21,"s:36:8:49:Infinity":22,"f:36:39:36:45":4,"s:37:18:37:Infinity":23,"s:38:4:48:Infinity":24,"f:38:18:38:19":5,"b:39:6:46:Infinity:undefined:undefined:undefined:undefined":4,"s:39:6:46:Infinity":25,"b:40:8:44:Infinity:undefined:undefined:undefined:undefined":5,"s:40:8:44:Infinity":26,"s:41:10:41:Infinity":27,"s:42:10:42:Infinity":28,"s:43:10:43:Infinity":29,"s:45:8:45:Infinity":30,"s:47:6:47:Infinity":31,"s:51:2:68:Infinity":32,"f:51:12:51:18":6,"b:52:4:55:Infinity:undefined:undefined:undefined:undefined":6,"s:52:4:55:Infinity":33,"s:53:6:53:Infinity":34,"s:54:6:54:Infinity":35,"s:57:22:65:Infinity":36,"f:57:22:57:34":7,"s:58:19:58:Infinity":37,"b:59:6:64:Infinity:61:6:64:Infinity":7,"s:59:6:64:Infinity":38,"s:60:8:60:Infinity":39,"b:61:6:64:Infinity:undefined:undefined:undefined:undefined":8,"s:61:6:64:Infinity":40,"s:62:8:62:Infinity":41,"s:63:8:63:Infinity":42,"s:67:4:67:Infinity":43,"s:70:2:90:Infinity":44,"f:70:12:70:18":8,"s:71:25:71:Infinity":45,"f:71:25:71:31":9,"s:71:31:71:Infinity":46,"s:72:22:74:Infinity":47,"f:72:22:72:23":10,"b:73:6:73:Infinity:undefined:undefined:undefined:undefined":9,"s:73:6:73:Infinity":48,"b:73:10:73:37:73:37:73:53":10,"s:73:53:73:Infinity":49,"s:75:19:75:Infinity":50,"s:76:25:78:Infinity":51,"f:76:25:76:31":11,"b:77:6:77:Infinity:undefined:undefined:undefined:undefined":11,"s:77:6:77:Infinity":52,"s:77:28:77:Infinity":53,"s:80:4:80:Infinity":54,"s:81:4:81:Infinity":55,"s:82:4:82:Infinity":56,"s:84:4:89:Infinity":57,"f:84:11:84:17":12,"s:85:6:85:Infinity":58,"s:86:6:86:Infinity":59,"s:87:6:87:Infinity":60,"s:88:6:88:Infinity":61,"f:92:17:92:32":13,"s:93:25:93:Infinity":62,"b:94:4:104:Infinity:undefined:undefined:undefined:undefined":12,"s:94:4:104:Infinity":63,"s:95:6:103:Infinity":64,"s:96:8:100:Infinity":65,"s:106:4:106:Infinity":66,"s:107:4:107:Infinity":67,"s:108:4:108:Infinity":68,"s:109:4:109:Infinity":69,"s:110:4:110:Infinity":70,"s:111:4:111:Infinity":71,"s:112:4:112:Infinity":72,"s:115:21:115:Infinity":73,"b:115:21:115:65:115:65:115:Infinity":13,"s:116:21:116:Infinity":74,"b:116:21:116:40:116:40:116:65:116:65:116:83:116:83:116:Infinity":14,"s:117:36:117:Infinity":75,"s:119:2:119:Infinity":76,"f:119:12:119:18":14,"s:119:20:119:43":77,"s:121:2:215:Infinity":78,"b:122:49:122:63:122:63:122:65":15,"f:144:77:144:83":15,"s:144:83:144:Infinity":79,"b:156:10:176:Infinity:178:10:183:Infinity":16,"f:157:81:157:87":16,"s:157:87:157:Infinity":80,"b:159:16:164:Infinity:166:16:166:Infinity":17,"b:158:15:158:29:158:29:158:Infinity":18,"f:163:27:163:33":17,"s:163:33:163:Infinity":81,"b:187:63:187:74:187:74:187:76":19,"f:189:19:189:25":18,"s:189:25:189:Infinity":82,"b:195:16:197:Infinity:199:16:209:Infinity":20}}}
,"C:\\it projects\\ip_test\\Frontend\\src\\components\\NewPostModal.css": {"path":"C:\\it projects\\ip_test\\Frontend\\src\\components\\NewPostModal.css","statementMap":{},"fnMap":{},"branchMap":{},"s":{},"f":{},"b":{},"meta":{"lastBranch":0,"lastFunction":0,"lastStatement":0,"seen":{}}}
,"C:\\it projects\\ip_test\\Frontend\\src\\components\\NewPostModal.jsx": {"path":"C:\\it projects\\ip_test\\Frontend\\src\\components\\NewPostModal.jsx","statementMap":{"0":{"start":{"line":6,"column":2},"end":{"line":17,"column":null}},"1":{"start":{"line":7,"column":4},"end":{"line":7,"column":null}},"2":{"start":{"line":7,"column":17},"end":{"line":7,"column":null}},"3":{"start":{"line":8,"column":18},"end":{"line":10,"column":null}},"4":{"start":{"line":9,"column":6},"end":{"line":9,"column":null}},"5":{"start":{"line":9,"column":30},"end":{"line":9,"column":null}},"6":{"start":{"line":11,"column":4},"end":{"line":11,"column":null}},"7":{"start":{"line":12,"column":4},"end":{"line":12,"column":null}},"8":{"start":{"line":13,"column":4},"end":{"line":16,"column":null}},"9":{"start":{"line":14,"column":6},"end":{"line":14,"column":null}},"10":{"start":{"line":15,"column":6},"end":{"line":15,"column":null}},"11":{"start":{"line":19,"column":2},"end":{"line":19,"column":null}},"12":{"start":{"line":19,"column":15},"end":{"line":19,"column":null}},"13":{"start":{"line":21,"column":2},"end":{"line":63,"column":null}},"14":{"start":{"line":25,"column":26},"end":{"line":25,"column":61}},"15":{"start":{"line":25,"column":50},"end":{"line":25,"column":61}},"16":{"start":{"line":32,"column":24},"end":{"line":32,"column":null}},"17":{"start":{"line":33,"column":26},"end":{"line":33,"column":null}}},"fnMap":{"0":{"name":"NewPostModal","decl":{"start":{"line":5,"column":24},"end":{"line":5,"column":37}},"loc":{"start":{"line":5,"column":100},"end":{"line":65,"column":null}},"line":5},"1":{"name":"(anonymous_1)","decl":{"start":{"line":6,"column":12},"end":{"line":6,"column":18}},"loc":{"start":{"line":6,"column":18},"end":{"line":17,"column":5}},"line":6},"2":{"name":"(anonymous_2)","decl":{"start":{"line":8,"column":18},"end":{"line":8,"column":19}},"loc":{"start":{"line":8,"column":25},"end":{"line":10,"column":null}},"line":8},"3":{"name":"(anonymous_3)","decl":{"start":{"line":13,"column":11},"end":{"line":13,"column":17}},"loc":{"start":{"line":13,"column":17},"end":{"line":16,"column":null}},"line":13},"4":{"name":"(anonymous_4)","decl":{"start":{"line":25,"column":17},"end":{"line":25,"column":18}},"loc":{"start":{"line":25,"column":24},"end":{"line":25,"column":null}},"line":25},"5":{"name":"(anonymous_5)","decl":{"start":{"line":32,"column":17},"end":{"line":32,"column":18}},"loc":{"start":{"line":32,"column":24},"end":{"line":32,"column":null}},"line":32},"6":{"name":"(anonymous_6)","decl":{"start":{"line":33,"column":19},"end":{"line":33,"column":20}},"loc":{"start":{"line":33,"column":26},"end":{"line":33,"column":null}},"line":33}},"branchMap":{"0":{"loc":{"start":{"line":7,"column":4},"end":{"line":7,"column":null}},"type":"if","locations":[{"start":{"line":7,"column":4},"end":{"line":7,"column":null}},{"start":{},"end":{}}],"line":7},"1":{"loc":{"start":{"line":9,"column":6},"end":{"line":9,"column":null}},"type":"if","locations":[{"start":{"line":9,"column":6},"end":{"line":9,"column":null}},{"start":{},"end":{}}],"line":9},"2":{"loc":{"start":{"line":19,"column":2},"end":{"line":19,"column":null}},"type":"if","locations":[{"start":{"line":19,"column":2},"end":{"line":19,"column":null}},{"start":{},"end":{}}],"line":19},"3":{"loc":{"start":{"line":23,"column":43},"end":{"line":23,"column":70}},"type":"cond-expr","locations":[{"start":{"line":23,"column":54},"end":{"line":23,"column":63}},{"start":{"line":23,"column":63},"end":{"line":23,"column":70}}],"line":23},"4":{"loc":{"start":{"line":25,"column":26},"end":{"line":25,"column":61}},"type":"if","locations":[{"start":{"line":25,"column":26},"end":{"line":25,"column":61}},{"start":{},"end":{}}],"line":25}},"s":{"0":62,"1":62,"2":57,"3":5,"4":1,"5":1,"6":5,"7":5,"8":5,"9":5,"10":5,"11":62,"12":57,"13":5,"14":0,"15":0,"16":6,"17":0},"f":{"0":62,"1":62,"2":1,"3":5,"4":0,"5":6,"6":0},"b":{"0":[57,5],"1":[1,0],"2":[57,5],"3":[1,4],"4":[0,0]},"meta":{"lastBranch":5,"lastFunction":7,"lastStatement":18,"seen":{"f:5:24:5:37":0,"s:6:2:17:Infinity":0,"f:6:12:6:18":1,"b:7:4:7:Infinity:undefined:undefined:undefined:undefined":0,"s:7:4:7:Infinity":1,"s:7:17:7:Infinity":2,"s:8:18:10:Infinity":3,"f:8:18:8:19":2,"b:9:6:9:Infinity:undefined:undefined:undefined:undefined":1,"s:9:6:9:Infinity":4,"s:9:30:9:Infinity":5,"s:11:4:11:Infinity":6,"s:12:4:12:Infinity":7,"s:13:4:16:Infinity":8,"f:13:11:13:17":3,"s:14:6:14:Infinity":9,"s:15:6:15:Infinity":10,"b:19:2:19:Infinity:undefined:undefined:undefined:undefined":2,"s:19:2:19:Infinity":11,"s:19:15:19:Infinity":12,"s:21:2:63:Infinity":13,"b:23:54:23:63:23:63:23:70":3,"f:25:17:25:18":4,"b:25:26:25:61:undefined:undefined:undefined:undefined":4,"s:25:26:25:61":14,"s:25:50:25:61":15,"f:32:17:32:18":5,"s:32:24:32:Infinity":16,"f:33:19:33:20":6,"s:33:26:33:Infinity":17}}}
,"C:\\it projects\\ip_test\\Frontend\\src\\components\\ProtectedRoute.jsx": {"path":"C:\\it projects\\ip_test\\Frontend\\src\\components\\ProtectedRoute.jsx","statementMap":{"0":{"start":{"line":27,"column":8},"end":{"line":27,"column":null}},"1":{"start":{"line":28,"column":19},"end":{"line":28,"column":null}},"2":{"start":{"line":29,"column":2},"end":{"line":40,"column":null}},"3":{"start":{"line":30,"column":4},"end":{"line":38,"column":null}},"4":{"start":{"line":41,"column":2},"end":{"line":41,"column":null}}},"fnMap":{"0":{"name":"ProtectedRoute","decl":{"start":{"line":26,"column":24},"end":{"line":26,"column":41}},"loc":{"start":{"line":26,"column":41},"end":{"line":42,"column":null}},"line":26}},"branchMap":{"0":{"loc":{"start":{"line":29,"column":2},"end":{"line":40,"column":null}},"type":"if","locations":[{"start":{"line":29,"column":2},"end":{"line":40,"column":null}},{"start":{},"end":{}}],"line":29}},"s":{"0":2,"1":2,"2":2,"3":1,"4":1},"f":{"0":2},"b":{"0":[1,1]},"meta":{"lastBranch":1,"lastFunction":1,"lastStatement":5,"seen":{"f:26:24:26:41":0,"s:27:8:27:Infinity":0,"s:28:19:28:Infinity":1,"b:29:2:40:Infinity:undefined:undefined:undefined:undefined":0,"s:29:2:40:Infinity":2,"s:30:4:38:Infinity":3,"s:41:2:41:Infinity":4}}}
,"C:\\it projects\\ip_test\\Frontend\\src\\components\\catalog\\ProductCard.jsx": {"path":"C:\\it projects\\ip_test\\Frontend\\src\\components\\catalog\\ProductCard.jsx","statementMap":{"0":{"start":{"line":4,"column":26},"end":{"line":11,"column":null}},"1":{"start":{"line":13,"column":4},"end":{"line":49,"column":null}},"2":{"start":{"line":14,"column":8},"end":{"line":47,"column":null}},"3":{"start":{"line":51,"column":4},"end":{"line":92,"column":null}}},"fnMap":{"0":{"name":"ProductCard","decl":{"start":{"line":3,"column":24},"end":{"line":3,"column":36}},"loc":{"start":{"line":3,"column":67},"end":{"line":94,"column":null}},"line":3}},"branchMap":{"0":{"loc":{"start":{"line":3,"column":46},"end":{"line":3,"column":64}},"type":"default-arg","locations":[{"start":{"line":3,"column":57},"end":{"line":3,"column":64}}],"line":3},"1":{"loc":{"start":{"line":13,"column":4},"end":{"line":49,"column":null}},"type":"if","locations":[{"start":{"line":13,"column":4},"end":{"line":49,"column":null}},{"start":{},"end":{}}],"line":13},"2":{"loc":{"start":{"line":30,"column":29},"end":{"line":33,"column":null}},"type":"binary-expr","locations":[{"start":{"line":30,"column":29},"end":{"line":30,"column":null}},{"start":{"line":31,"column":32},"end":{"line":33,"column":null}}],"line":30},"3":{"loc":{"start":{"line":67,"column":21},"end":{"line":70,"column":null}},"type":"binary-expr","locations":[{"start":{"line":67,"column":21},"end":{"line":67,"column":null}},{"start":{"line":68,"column":24},"end":{"line":70,"column":null}}],"line":67},"4":{"loc":{"start":{"line":72,"column":21},"end":{"line":75,"column":null}},"type":"binary-expr","locations":[{"start":{"line":72,"column":21},"end":{"line":72,"column":null}},{"start":{"line":73,"column":24},"end":{"line":75,"column":null}}],"line":72}},"s":{"0":12,"1":12,"2":2,"3":10},"f":{"0":12},"b":{"0":[12],"1":[2,10],"2":[2,1],"3":[10,2],"4":[12,2]},"meta":{"lastBranch":5,"lastFunction":1,"lastStatement":4,"seen":{"f:3:24:3:36":0,"b:3:57:3:64
[...]
,"C:\\it projects\\ip_test\\Frontend\\src\\utils\\fuzzySearch.js": {"path":"C:\\it projects\\ip_test\\Frontend\\src\\utils\\fuzzySearch.js","statementMap":{"0":{"start":{"line":39,"column":2},"end":{"line":39,"column":27}},"1":{"start":{"line":39,"column":17},"end":{"line":39,"column":27}},"2":{"start":{"line":40,"column":2},"end":{"line":40,"column":72}},"3":{"start":{"line":61,"column":2},"end":{"line":61,"column":23}},"4":{"start":{"line":61,"column":14},"end":{"line":61,"column":23}},"5":{"start":{"line":62,"column":12},"end":{"line":62,"column":29}},"6":{"start":{"line":63,"column":12},"end":{"line":63,"column":28}},"7":{"start":{"line":64,"column":2},"end":{"line":64,"column":22}},"8":{"start":{"line":64,"column":10},"end":{"line":64,"column":22}},"9":{"start":{"line":65,"column":2},"end":{"line":65,"column":39}},"10":{"start":{"line":65,"column":27},"end":{"line":65,"column":39}},"11":{"start":{"line":67,"column":14},"end":{"line":67,"column":15}},"12":{"start":{"line":68,"column":11},"end":{"line":68,"column":12}},"13":{"start":{"line":69,"column":23},"end":{"line":69,"column":25}},"14":{"start":{"line":70,"column":2},"end":{"line":93,"column":3}},"15":{"start":{"line":70,"column":16},"end":{"line":70,"column":17}},"16":{"start":{"line":71,"column":17},"end":{"line":71,"column":22}},"17":{"start":{"line":73,"column":16},"end":{"line":73,"column":18}},"18":{"start":{"line":74,"column":4},"end":{"line":78,"column":5}},"19":{"start":{"line":75,"column":6},"end":{"line":75,"column":48}},"20":{"start":{"line":75,"column":28},"end":{"line":75,"column":39}},"21":{"start":{"line":75,"column":40},"end":{"line":75,"column":46}},"22":{"start":{"line":76,"column":6},"end":{"line":76,"column":17}},"23":{"start":{"line":77,"column":6},"end":{"line":77,"column":14}},"24":{"start":{"line":79,"column":4},"end":{"line":79,"column":34}},"25":{"start":{"line":79,"column":22},"end":{"line":79,"column":34}},"26":{"start":{"line":82,"column":4},"end":{"line":88,"column":5}},"27":{"start":{"line":83,"column":6},"end":{"line":83,"column":17}},"28":{"start":{"line":85,"column":19},"end":{"line":85,"column":31}},"29":{"start":{"line":86,"column":25},"end":{"line":86,"column":101}},"30":{"start":{"line":87,"column":6},"end":{"line":87,"column":33}},"31":{"start":{"line":87,"column":22},"end":{"line":87,"column":33}},"32":{"start":{"line":89,"column":4},"end":{"line":89,"column":49}},"33":{"start":{"line":89,"column":38},"end":{"line":89,"column":49}},"34":{"start":{"line":91,"column":4},"end":{"line":91,"column":27}},"35":{"start":{"line":92,"column":4},"end":{"line":92,"column":19}},"36":{"start":{"line":94,"column":2},"end":{"line":94,"column":15}},"37":{"start":{"line":102,"column":13},"end":{"line":102,"column":17}},"38":{"start":{"line":103,"column":2},"end":{"line":107,"column":3}},"39":{"start":{"line":104,"column":14},"end":{"line":104,"column":34}},"40":{"start":{"line":105,"column":4},"end":{"line":105,"column":28}},"41":{"start":{"line":105,"column":19},"end":{"line":105,"column":28}},"42":{"start":{"line":106,"column":4},"end":{"line":106,"column":43}},"43":{"start":{"line":106,"column":34},"end":{"line":106,"column":43}},"44":{"start":{"line":108,"column":2},"end":{"line":108,"column":14}},"45":{"start":{"line":121,"column":2},"end":{"line":121,"column":39}},"46":{"start":{"line":121,"column":29},"end":{"line":121,"column":39}},"47":{"start":{"line":122,"column":12},"end":{"line":122,"column":38}},"48":{"start":{"line":123,"column":2},"end":{"line":123,"column":23}},"49":{"start":{"line":123,"column":10},"end":{"line":123,"column":23}},"50":{"start":{"line":125,"column":17},"end":{"line":125,"column":19}},"51":{"start":{"line":126,"column":2},"end":{"line":131,"column":3}},"52":{"start":{"line":127,"column":17},"end":{"line":127,"column":30}},"53":{"start":{"line":128,"column":4},"end":{"line":128,"column":50}},"54":{"start":{"line":128,"column":32},"end":{"line":128,"column":50}},"55":{"start":{"line":129,"column":14},"end":{"line":129,"column":34}},"56":{"start":{"line":130,"column":4},"end":{"line":130,"column":55}},"57":{"start":{"line":130,"column":19},"end":{"line":130,"column":55}},"58":{"start":{"line":132,"column":2},"end":{"line":132,"column":43}},"59":{"start":{"line":132,"column":24},"end":{"line":132,"column":41}},"60":{"start":{"line":133,"column":2},"end":{"line":133,"column":35}},"61":{"start":{"line":133,"column":27},"end":{"line":133,"column":33}}},"fnMap":{"0":{"name":"normalize","decl":{"start":{"line":38,"column":9},"end":{"line":38,"column":18}},"loc":{"start":{"line":38,"column":22},"end":{"line":41,"column":1}},"line":38},"1":{"name":"scoreMatch","decl":{"start":{"line":60,"column":9},"end":{"line":60,"column":19}},"loc":{"start":{"line":60,"column":35},"end":{"line":95,"column":1}},"line":60},"2":{"name":"bestScore","decl":{"start":{"line":101,"column":9},"end":{"line":101,"column":18}},"loc":{"start":{"line":101,"column":34},"end":{"line":109,"column":1}},"line":101},"3":{"name":"fuzzyFilter","decl":{"start":{"line":120,"column":16},"end":{"line":120,"column":27}},"loc":{"start":{"line":120,"column":53},"end":{"line":134,"column":1}},"line":120},"4":{"name":"(anonymous_4)","decl":{"start":{"line":132,"column":14},"end":{"line":132,"column":15}},"loc":{"start":{"line":132,"column":24},"end":{"line":132,"column":41}},"line":132},"5":{"name":"(anonymous_5)","decl":{"start":{"line":133,"column":20},"end":{"line":133,"column":21}},"loc":{"start":{"line":133,"column":27},"end":{"line":133,"column":33}},"line":133}},"branchMap":{"0":{"loc":{"start":{"line":39,"column":2},"end":{"line":39,"column":27}},"type":"if","locations":[{"start":{"line":39,"column":2},"end":{"line":39,"column":27}},{"start":{},"end":{}}],"line":39},"1":{"loc":{"start":{"line":61,"column":2},"end":{"line":61,"column":23}},"type":"if","locations":[{"start":{"line":61,"column":2},"end":{"line":61,"column":23}},{"start":{},"end":{}}],"line":61},"2":{"loc":{"start":{"line":64,"column":2},"end":{"line":64,"column":22}},"type":"if","locations":[{"start":{"line":64,"column":2},"end":{"line":64,"column":22}},{"start":{},"end":{}}],"line":64},"3":{"loc":{"start":{"line":65,"column":2},"end":{"line":65,"column":39}},"type":"if","locations":[{"start":{"line":65,"column":2},"end":{"line":65,"column":39}},{"start":{},"end":{}}],"line":65},"4":{"loc":{"start":{"line":75,"column":6},"end":{"line":75,"column":48}},"type":"if","locations":[{"start":{"line":75,"column":6},"end":{"line":75,"column":48}},{"start":{},"end":{}}],"line":75},"5":{"loc":{"start":{"line":79,"column":4},"end":{"line":79,"column":34}},"type":"if","locations":[{"start":{"line":79,"column":4},"end":{"line":79,"column":34}},{"start":{},"end":{}}],"line":79},"6":{"loc":{"start":{"line":82,"column":4},"end":{"line":88,"column":5}},"type":"if","locations":[{"start":{"line":82,"column":4},"end":{"line":88,"column":5}},{"start":{"line":84,"column":11},"end":{"line":88,"column":5}}],"line":82},"7":{"loc":{"start":{"line":86,"column":25},"end":{"line":86,"column":101}},"type":"binary-expr","locations":[{"start":{"line":86,"column":25},"end":{"line":86,"column":37}},{"start":{"line":86,"column":41},"end":{"line":86,"column":53}},{"start":{"line":86,"column":57},"end":{"line":86,"column":69}},{"start":{"line":86,"column":73},"end":{"line":86,"column":85}},{"start":{"line":86,"column":89},"end":{"line":86,"column":101}}],"line":86},"8":{"loc":{"start":{"line":87,"column":6},"end":{"line":87,"column":33}},"type":"if","locations":[{"start":{"line":87,"column":6},"end":{"line":87,"column":33}},{"start":{},"end":{}}],"line":87},"9":{"loc":{"start":{"line":89,"column":4},"end":{"line":89,"column":49}},"type":"if","locations":[{"start":{"line":89,"column":4},"end":{"line":89,"column":49}},{"start":{},"end":{}}],"line":89},"10":{"loc":{"start":{"line":105,"column":4},"end":{"line":105,"column":28}},"type":"if","locations":[{"start":{"line":105,"column":4},"end":{"line":105,"column":28}},{"start":{},"end":{}}],"line":105},"11":{"loc":{"start":{"line":106,"column":4},"end":{"line":106,"column":43}},"type":"if","locations":[{"start":{"line":106,"column":4},"end":{"line":106,"column":43}},{"start":{},"end":{}}],"line":106},"12":{"loc":{"start":{"line":106,"column":8},"end":{"line":106,"column":32}},"type":"binary-expr","locations":[{"start":{"line":106,"column":8},"end":{"line":106,"column":20}},{"start":{"line":106,"column":24},"end":{"line":106,"column":32}}],"line":106},"13":{"loc":{"start":{"line":121,"column":2},"end":{"line":121,"column":39}},"type":"if","locations":[{"start":{"line":121,"column":2},"end":{"line":121,"column":39}},{"start":{},"end":{}}],"line":121},"14":{"loc":{"start":{"line":122,"column":19},"end":{"line":122,"column":30}},"type":"binary-expr","locations":[{"start":{"line":122,"column":19},"end":{"line":122,"column":24}},{"start":{"line":122,"column":28},"end":{"line":122,"column":30}}],"line":122},"15":{"loc":{"start":{"line":123,"column":2},"end":{"line":123,"column":23}},"type":"if","locations":[{"start":{"line":123,"column":2},"end":{"line":123,"column":23}},{"start":{},"end":{}}],"line":123},"16":{"loc":{"start":{"line":128,"column":4},"end":{"line":128,"column":50}},"type":"if","locations":[{"start":{"line":128,"column":4},"end":{"line":128,"column":50}},{"start":{},"end":{}}],"line":128},"17":{"loc":{"start":{"line":130,"column":4},"end":{"line":130,"column":55}},"type":"if","locations":[{"start":{"line":130,"column":4},"end":{"line":130,"column":55}},{"start":{},"end":{}}],"line":130}},"s":{"0":60,"1":1,"2":59,"3":29,"4":0,"5":29,"6":29,"7":29,"8":0,"9":29,"10":6,"11":23,"12":23,"13":23,"14":23,"15":23,"16":62,"17":62,"18":62,"19":315,"20":46,"21":46,"22":269,"23":269,"24":62,"25":16,"26":46,"27":6,"28":40,"29":40,"30":40,"31":1,"32":46,"33":26,"34":46,"35":46,"36":7,"37":10,"38":10,"39":26,"40":26,"41":21,"42":5,"43":5,"44":10,"45":138,"46":1,"47":137,"48":138,"49":133,"50":4,"51":4,"52":9,"53":9,"54":0,"55":9,"56":9,"57":4,"58":4,"59":1,"60":4,"61":4},"f":{"0":60,"1":29,"2":10,"3":138,"4":1,"5":4},"b":{"0":[1,59],"1":[0,29],"2":[0,29],"3":[6,23],"4":[46,269],"5":[16,46],"6":[6,40],"7":[40,39,39,39,39],"8":[1,39],"9":[26,20],"10":[21,5],"11":[5,0],"12":[5,0],"13":[1,137],"14":[137,132],"15":[133,5],"16":[0,9],"17":[4,5]},"meta":{"lastBranch":18,"lastFunction":6,"lastStatement":62,"seen":{"f:38:9:38:18":0,"b:39:2:39:27:undefined:undefined:undefined:undefined":0,"s:39:2:39:27":0,"s:39:17:39:27":1,"s:40:2:40:72":2,"f:60:9:60:19":1,"b:61:2:61:23:undefined:undefined:undefined:undefined":1,"s:61:2:61:23":3,"s:61:14:61:23":4,"s:62:12:62:29":5,"s:63:12:63:28":6,"b:64:2:64:22:undefined:undefined:undefined:undefined":2,"s:64:2:64:22":7,"s:64:10:64:22":8,"b:65:2:65:39:undefined:undefined:undefined:undefined":3,"s:65:2:65:39":9,"s:65:27:65:39":10,"s:67:14:67:15":11,"s:68:11:68:12":12,"s:69:23:69:25":13,"s:70:2:93:3":14,"s:70:16:70:17":15,"s:71:17:71:22":16,"s:73:16:73:18":17,"s:74:4:78:5":18,"b:75:6:75:48:undefined:undefined:undefined:undefined":4,"s:75:6:75:48":19,"s:75:28:75:39":20,"s:75:40:75:46":21,"s:76:6:76:17":22,"s:77:6:77:14":23,"b:79:4:79:34:undefined:undefined:undefined:undefined":5,"s:79:4:79:34":24,"s:79:22:79:34":25,"b:82:4:88:5:84:11:88:5":6,"s:82:4:88:5":26,"s:83:6:83:17":27,"s:85:19:85:31":28,"s:86:25:86:101":29,"b:86:25:86:37:86:41:86:53:86:57:86:69:86:73:86:85:86:89:86:101":7,"b:87:6:87:33:undefined:undefined:undefined:undefined":8,"s:87:6:87:33":30,"s:87:22:87:33":31,"b:89:4:89:49:undefined:undefined:undefined:undefined":9,"s:89:4:89:49":32,"s:89:38:89:49":33,"s:91:4:91:27":34,"s:92:4:92:19":35,"s:94:2:94:15":36,"f:101:9:101:18":2,"s:102:13:102:17":37,"s:103:2:107:3":38,"s:104:14:104:34":39,"b:105:4:105:28:undefined:undefined:undefined:undefined":10,"s:105:4:105:28":40,"s:105:19:105:28":41,"b:106:4:106:43:undefined:undefined:undefined:undefined":11,"s:106:4:106:43":42,"b:106:8:106:20:106:24:106:32":12,"s:106:34:106:43":43,"s:108:2:108:14":44,"f:120:16:120:27":3,"b:121:2:121:39:undefined:undefined:undefined:undefined":13,"s:121:2:121:39":45,"s:121:29:121:39":46,"s:122:12:122:38":47,"b:122:19:122:24:122:28:122:30":14,"b:123:2:123:23:undefined:undefined:undefined:undefined":15,"s:123:2:123:23":48,"s:123:10:123:23":49,"s:125:17:125:19":50,"s:126:2:131:3":51,"s:127:17:127:30":52,"b:128:4:128:50:undefined:undefined:undefined:undefined":16,"s:128:4:128:50":53,"s:128:32:128:50":54,"s:129:14:129:34":55,"b:130:4:130:55:undefined:undefined:undefined:undefined":17,"s:130:4:130:55":56,"s:130:19:130:55":57,"s:132:2:132:43":58,"f:132:14:132:15":4,"s:132:24:132:41":59,"s:133:2:133:35":60,"f:133:20:133:21":5,"s:133:27:133:33":61}}}
,"C:\\it projects\\ip_test\\Frontend\\src\\utils\\likedItemsStorage.js": {"path":"C:\\it projects\\ip_test\\Frontend\\src\\utils\\likedItemsStorage.js","statementMap":{"0":{"start":{"line":1,"column":20},"end":{"line":1,"column":44}},"1":{"start":{"line":4,"column":2},"end":{"line":4,"column":25}},"2":{"start":{"line":4,"column":13},"end":{"line":4,"column":25}},"3":{"start":{"line":5,"column":2},"end":{"line":5,"column":77}},"4":{"start":{"line":9,"column":2},"end":{"line":9,"column":47}},"5":{"start":{"line":9,"column":37},"end":{"line":9,"column":47}},"6":{"start":{"line":11,"column":2},"end":{"line":16,"column":3}},"7":{"start":{"line":12,"column":16},"end":{"line":12,"column":56}},"8":{"start":{"line":13,"column":4},"end":{"line":13,"column":38}},"9":{"start":{"line":15,"column":4},"end":{"line":15,"column":14}},"10":{"start":{"line":20,"column":2},"end":{"line":20,"column":44}},"11":{"start":{"line":20,"column":37},"end":{"line":20,"column":44}},"12":{"start":{"line":21,"column":2},"end":{"line":21,"column":66}},"13":{"start":{"line":25,"column":20},"end":{"line":25,"column":38}},"14":{"start":{"line":26,"column":2},"end":{"line":26,"column":28}},"15":{"start":{"line":26,"column":18},"end":{"line":26,"column":28}},"16":{"start":{"line":28,"column":16},"end":{"line":28,"column":27}},"17":{"start":{"line":29,"column":2},"end":{"line":29,"column":32}},"18":{"start":{"line":33,"column":14},"end":{"line":33,"column":55}},"19":{"start":{"line":34,"column":2},"end":{"line":34,"column":49}},"20":{"start":{"line":38,"column":20},"end":{"line":38,"column":38}},"21":{"start":{"line":39,"column":2},"end":{"line":39,"column":25}},"22":{"start":{"line":39,"column":18},"end":{"line":39,"column":25}},"23":{"start":{"line":41,"column":16},"end":{"line":41,"column":27}},"24":{"start":{"line":42,"column":24},"end":{"line":45,"column":3}},"25":{"start":{"line":47,"column":2},"end":{"line":50,"column":5}}},"fnMap":{"0":{"name":"getUserScope","decl":{"start":{"line":3,"column":9},"end":{"line":3,"column":21}},"loc":{"start":{"line":3,"column":28},"end":{"line":6,"column":1}},"line":3},"1":{"name":"readStore","decl":{"start":{"line":8,"column":9},"end":{"line":8,"column":18}},"loc":{"start":{"line":8,"column":21},"end":{"line":17,"column":1}},"line":8},"2":{"name":"writeStore","decl":{"start":{"line":19,"column":9},"end":{"line":19,"column":19}},"loc":{"start":{"line":19,"column":27},"end":{"line":22,"column":1}},"line":19},"3":{"name":"getStoredLikedItems","decl":{"start":{"line":24,"column":16},"end":{"line":24,"column":35}},"loc":{"start":{"line":24,"column":42},"end":{"line":30,"column":1}},"line":24},"4":{"name":"getStoredLike","decl":{"start":{"line":32,"column":16},"end":{"line":32,"column":29}},"loc":{"start":{"line":32,"column":58},"end":{"line":35,"column":1}},"line":32},"5":{"name":"setStoredLike","decl":{"start":{"line":37,"column":16},"end":{"line":37,"column":29}},"loc":{"start":{"line":37,"column":67},"end":{"line":51,"column":1}},"line":37}},"branchMap":{"0":{"loc":{"start":{"line":4,"column":2},"end":{"line":4,"column":25}},"type":"if","locations":[{"start":{"line":4,"column":2},"end":{"line":4,"column":25}},{"start":{},"end":{}}],"line":4},"1":{"loc":{"start":{"line":5,"column":9},"end":{"line":5,"column":76}},"type":"binary-expr","locations":[{"start":{"line":5,"column":9},"end":{"line":5,"column":68}},{"start":{"line":5,"column":72},"end":{"line":5,"column":76}}],"line":5},"2":{"loc":{"start":{"line":5,"column":16},"end":{"line":5,"column":60}},"type":"binary-expr","locations":[{"start":{"line":5,"column":16},"end":{"line":5,"column":23}},{"start":{"line":5,"column":27},"end":{"line":5,"column":37}},{"start":{"line":5,"column":41},"end":{"line":5,"column":54}},{"start":{"line":5,"column":58},"end":{"line":5,"column":60}}],"line":5},"3":{"loc":{"start":{"line":9,"column":2},"end":{"line":9,"column":47}},"type":"if","locations":[{"start":{"line":9,"column":2},"end":{"line":9,"column":47}},{"start":{},"end":{}}],"line":9},"4":{"loc":{"start":{"line":13,"column":11},"end":{"line":13,"column":37}},"type":"cond-expr","locations":[{"start":{"line":13,"column":17},"end":{"line":13,"column":32}},{"start":{"line":13,"column":35},"end":{"line":13,"column":37}}],"line":13},"5":{"loc":{"start":{"line":20,"column":2},"end":{"line":20,"column":44}},"type":"if","locations":[{"start":{"line":20,"column":2},"end":{"line":20,"column":44}},{"start":{},"end":{}}],"line":20},"6":{"loc":{"start":{"line":26,"column":2},"end":{"line":26,"column":28}},"type":"if","locations":[{"start":{"line":26,"column":2},"end":{"line":26,"column":28}},{"start":{},"end":{}}],"line":26},"7":{"loc":{"start":{"line":29,"column":9},"end":{"line":29,"column":31}},"type":"binary-expr","locations":[{"start":{"line":29,"column":9},"end":{"line":29,"column":25}},{"start":{"line":29,"column":29},"end":{"line":29,"column":31}}],"line":29},"8":{"loc":{"start":{"line":39,"column":2},"end":{"line":39,"column":25}},"type":"if","locations":[{"start":{"line":39,"column":2},"end":{"line":39,"column":25}},{"start":{},"end":{}}],"line":39},"9":{"loc":{"start":{"line":43,"column":8},"end":{"line":43,"column":30}},"type":"binary-expr","locations":[{"start":{"line":43,"column":8},"end":{"line":43,"column":24}},{"start":{"line":43,"column":28},"end":{"line":43,"column":30}}],"line":43}},"s":{"0":1,"1":10,"2":2,"3":8,"4":8,"5":0,"6":8,"7":8,"8":8,"9":1,"10":3,"11":0,"12":3,"13":7,"14":7,"15":2,"16":5,"17":5,"18":4,"19":4,"20":3,"21":3,"22":0,"23":3,"24":3,"25":3},"f":{"0":10,"1":8,"2":3,"3":7,"4":4,"5":3},"b":{"0":[2,8],"1":[8,0],"2":[8,0,0,0],"3":[0,8],"4":[6,2],"5":[0,3],"6":[2,5],"7":[5,1],"8":[0,3],"9":[3,3]},"meta":{"lastBranch":10,"lastFunction":6,"lastStatement":26,"seen":{"s:1:20:1:44":0,"f:3:9:3:21":0,"b:4:2:4:25:undefined:undefined:undefined:undefined":0,"s:4:2:4:25":1,"s:4:13:4:25":2,"s:5:2:5:77":3,"b:5:9:5:68:5:72:5:76":1,"b:5:16:5:23:5:27:5:37:5:41:5:54:5:58:5:60":2,"f:8:9:8:18":1,"b:9:2:9:47:undefined:undefined:undefined:undefined":3,"s:9:2:9:47":4,"s:9:37:9:47":5,"s:11:2:16:3":6,"s:12:16:12:56":7,"s:13:4:13:38":8,"b:13:17:13:32:13:35:13:37":4,"s:15:4:15:14":9,"f:19:9:19:19":2,"b:20:2:20:44:undefined:undefined:undefined:undefined":5,"s:20:2:20:44":10,"s:20:37:20:44":11,"s:21:2:21:66":12,"f:24:16:24:35":3,"s:25:20:25:38":13,"b:26:2:26:28:undefined:undefined:undefined:undefined":6,"s:26:2:26:28":14,"s:26:18:26:28":15,"s:28:16:28:27":16,"s:29:2:29:32":17,"b:29:9:29:25:29:29:29:31":7,"f:32:16:32:29":4,"s:33:14:33:55":18,"s:34:2:34:49":19,"f:37:16:37:29":5,"s:38:20:38:38":20,"b:39:2:39:25:undefined:undefined:undefined:undefined":8,"s:39:2:39:25":21,"s:39:18:39:25":22,"s:41:16:41:27":23,"s:42:24:45:3":24,"b:43:8:43:24:43:28:43:30":9,"s:47:2:50:5":25}}}
}
