TN:
SF:src\App.css
FNF:0
FNH:0
LF:0
LH:0
BRF:0
BRH:0
end_of_record
TN:
SF:src\App.jsx
FN:25,(anonymous_0)
FN:27,HomePage
FN:31,BuilderLoading
FN:42,AppContent
FN:85,App
FN:86,(anonymous_5)
FN:91,(anonymous_6)
FNF:7
FNH:4
FNDA:0,(anonymous_0)
FNDA:0,HomePage
FNDA:0,BuilderLoading
FNDA:4,AppContent
FNDA:4,App
FNDA:3,(anonymous_5)
FNDA:4,(anonymous_6)
DA:25,1
DA:28,0
DA:32,0
DA:43,4
DA:86,4
DA:87,3
DA:88,3
DA:91,4
DA:92,4
DA:93,1
DA:94,1
DA:95,1
DA:97,3
DA:98,3
DA:99,3
DA:103,4
LF:16
LH:14
BRDA:33,0,0,0
BRDA:33,0,1,0
BRDA:45,1,0,1
BRDA:45,1,1,3
BRDA:92,2,0,1
BRDA:92,2,1,3
BRF:6
BRH:4
end_of_record
TN:
SF:src\components\CommentsSection.css
FNF:0
FNH:0
LF:0
LH:0
BRF:0
BRH:0
end_of_record
TN:
SF:src\components\CommentsSection.jsx
FN:8,parseDate
FN:17,formatRelativeDate
FN:29,CommentAvatar
FN:41,(anonymous_3)
FN:57,CommentNode
FN:66,(anonymous_5)
FN:126,(anonymous_6)
FN:139,(anonymous_7)
FN:148,(anonymous_8)
FN:164,(anonymous_9)
FN:178,(anonymous_10)
FN:196,CommentsSection
FN:203,(anonymous_12)
FN:207,(anonymous_13)
FN:210,(anonymous_14)
FN:215,(anonymous_15)
FN:221,(anonymous_16)
FN:224,(anonymous_17)
FN:249,(anonymous_18)
FN:281,(anonymous_19)
FN:294,(anonymous_20)
FN:304,(anonymous_21)
FN:305,(anonymous_22)
FN:306,(anonymous_23)
FN:318,(anonymous_24)
FN:339,(anonymous_25)
FNF:26
FNH:22
FNDA:22,parseDate
FNDA:22,formatRelativeDate
FNDA:22,CommentAvatar
FNDA:0,(anonymous_3)
FNDA:22,CommentNode
FNDA:1,(anonymous_5)
FNDA:2,(anonymous_6)
FNDA:1,(anonymous_7)
FNDA:1,(anonymous_8)
FNDA:0,(anonymous_9)
FNDA:11,(anonymous_10)
FNDA:20,CommentsSection
FNDA:4,(anonymous_12)
FNDA:8,(anonymous_13)
FNDA:1,(anonymous_14)
FNDA:0,(anonymous_15)
FNDA:1,(anonymous_16)
FNDA:7,(anonymous_17)
FNDA:1,(anonymous_18)
FNDA:2,(anonymous_19)
FNDA:0,(anonymous_20)
FNDA:11,(anonymous_21)
FNDA:22,(anonymous_22)
FNDA:11,(anonymous_23)
FNDA:1,(anonymous_24)
FNDA:8,(anonymous_25)
DA:6,1
DA:9,22
DA:10,22
DA:11,11
DA:12,11
DA:14,11
DA:18,22
DA:19,22
DA:20,22
DA:21,22
DA:22,22
DA:23,11
DA:24,11
DA:25,0
DA:26,0
DA:30,22
DA:31,22
DA:33,22
DA:41,0
DA:58,22
DA:59,22
DA:60,22
DA:61,22
DA:63,22
DA:64,22
DA:66,22
DA:67,1
DA:68,1
DA:70,1
DA:71,1
DA:72,1
DA:76,1
DA:77,1
DA:89,1
DA:90,1
DA:91,1
DA:92,1
DA:94,0
DA:97,0
DA:98,0
DA:100,1
DA:104,22
DA:126,2
DA:139,1
DA:148,1
DA:165,0
DA:166,0
DA:179,11
DA:197,20
DA:198,20
DA:199,20
DA:200,20
DA:201,20
DA:203,20
DA:204,4
DA:207,20
DA:208,8
DA:210,1
DA:211,1
DA:212,1
DA:213,1
DA:214,1
DA:215,1
DA:216,0
DA:218,1
DA:221,1
DA:224,20
DA:225,7
DA:227,7
DA:228,7
DA:229,7
DA:233,7
DA:234,7
DA:238,7
DA:239,7
DA:240,7
DA:243,0
DA:245,7
DA:249,20
DA:250,1
DA:251,1
DA:253,1
DA:254,1
DA:258,1
DA:259,1
DA:268,1
DA:269,1
DA:270,1
DA:271,1
DA:273,0
DA:276,0
DA:277,0
DA:281,20
DA:282,2
DA:284,2
DA:285,2
DA:286,2
DA:291,2
DA:292,1
DA:294,1
DA:295,1
DA:296,1
DA:299,0
DA:300,0
DA:304,20
DA:305,11
DA:306,22
DA:307,11
DA:310,20
DA:318,1
DA:340,8
LF:111
LH:96
BRDA:9,0,0,0
BRDA:9,0,1,22
BRDA:10,1,0,11
BRDA:10,1,1,11
BRDA:11,2,0,11
BRDA:11,3,0,11
BRDA:19,4,0,0
BRDA:19,4,1,22
BRDA:19,5,0,22
BRDA:19,5,1,22
BRDA:22,6,0,11
BRDA:22,6,1,11
BRDA:23,7,0,0
BRDA:23,7,1,11
BRDA:24,8,0,11
BRDA:24,8,1,0
BRDA:25,9,0,0
BRDA:25,9,1,0
BRDA:31,10,0,11
BRDA:31,10,1,11
BRDA:31,11,0,11
BRDA:31,11,1,0
BRDA:34,12,0,11
BRDA:34,12,1,11
BRDA:36,13,0,11
BRDA:36,13,1,11
BRDA:36,14,0,22
BRDA:36,14,1,11
BRDA:45,15,0,11
BRDA:45,15,1,11
BRDA:45,16,0,22
BRDA:45,16,1,11
BRDA:57,17,0,22
BRDA:68,18,0,0
BRDA:68,18,1,1
BRDA:68,19,0,1
BRDA:68,19,1,1
BRDA:72,20,0,0
BRDA:72,20,1,1
BRDA:89,21,0,1
BRDA:89,21,1,0
BRDA:106,22,0,11
BRDA:106,22,1,11
BRDA:109,23,0,11
BRDA:109,23,1,11
BRDA:112,24,0,11
BRDA:112,24,1,11
BRDA:112,25,0,11
BRDA:112,25,1,11
BRDA:123,26,0,22
BRDA:123,26,1,11
BRDA:123,26,2,11
BRDA:135,27,0,11
BRDA:135,27,1,11
BRDA:144,28,0,22
BRDA:144,28,1,3
BRDA:144,28,2,3
BRDA:157,29,0,3
BRDA:157,29,1,2
BRDA:159,30,0,1
BRDA:159,30,1,2
BRDA:176,31,0,22
BRDA:176,31,1,22
BRDA:176,31,2,11
BRDA:208,32,0,7
BRDA:208,32,1,1
BRDA:208,33,0,8
BRDA:208,33,1,2
BRDA:212,34,0,0
BRDA:212,34,1,1
BRDA:225,35,0,0
BRDA:225,35,1,7
BRDA:229,36,0,0
BRDA:229,36,1,7
BRDA:235,37,0,7
BRDA:235,37,1,0
BRDA:238,38,0,7
BRDA:238,38,1,0
BRDA:240,39,0,7
BRDA:240,39,1,0
BRDA:251,40,0,0
BRDA:251,40,1,1
BRDA:251,41,0,1
BRDA:251,41,1,1
BRDA:254,42,0,0
BRDA:254,42,1,1
BRDA:268,43,0,1
BRDA:268,43,1,0
BRDA:282,44,0,0
BRDA:282,44,1,2
BRDA:291,45,0,1
BRDA:291,45,1,1
BRDA:295,46,0,1
BRDA:295,46,1,0
BRDA:295,46,2,0
BRDA:306,47,0,11
BRDA:306,47,1,0
BRDA:307,48,0,11
BRDA:307,48,1,0
BRDA:314,49,0,17
BRDA:314,49,1,3
BRDA:334,50,0,7
BRDA:334,50,1,13
BRDA:336,51,0,5
BRDA:336,51,1,8
BRF:105
BRH:81
end_of_record
TN:
SF:src\components\CopySetupModal.css
FNF:0
FNH:0
LF:0
LH:0
BRF:0
BRH:0
end_of_record
TN:
SF:src\components\CopySetupModal.jsx
FN:8,CopySetupModal
FN:14,(anonymous_1)
FN:17,(anonymous_2)
FN:21,(anonymous_3)
FN:54,(anonymous_4)
FN:66,(anonymous_5)
FN:80,(anonymous_6)
FN:87,(anonymous_7)
FN:88,(anonymous_8)
FN:105,(anonymous_9)
FNF:10
FNH:9
FNDA:108,CopySetupModal
FNDA:19,(anonymous_1)
FNDA:8,(anonymous_2)
FNDA:7,(anonymous_3)
FNDA:0,(anonymous_4)
FNDA:1,(anonymous_5)
FNDA:1,(anonymous_6)
FNDA:6,(anonymous_7)
FNDA:1,(anonymous_8)
FNDA:4,(anonymous_9)
DA:6,3
DA:9,108
DA:10,108
DA:11,108
DA:12,108
DA:14,108
DA:15,19
DA:16,8
DA:17,8
DA:21,108
DA:22,7
DA:24,6
DA:25,6
DA:26,6
DA:27,6
DA:28,1
DA:29,1
DA:30,1
DA:33,5
DA:45,4
DA:46,2
DA:47,2
DA:48,2
DA:49,2
DA:50,2
DA:51,1
DA:52,1
DA:54,1
DA:55,1
DA:56,1
DA:59,1
DA:60,1
DA:62,6
DA:66,108
DA:67,1
DA:68,1
DA:69,0
DA:70,0
DA:74,108
DA:76,31
DA:80,1
DA:87,6
DA:88,1
DA:105,4
LF:44
LH:42
BRDA:15,0,0,8
BRDA:15,0,1,11
BRDA:15,1,0,19
BRDA:15,1,1,8
BRDA:22,2,0,1
BRDA:22,2,1,6
BRDA:27,3,0,1
BRDA:27,3,1,5
BRDA:45,4,0,2
BRDA:45,4,1,2
BRDA:50,5,0,1
BRDA:50,5,1,1
BRDA:55,6,0,1
BRDA:55,6,1,1
BRDA:55,6,2,0
BRDA:55,6,3,0
BRDA:67,7,0,1
BRDA:67,7,1,0
BRDA:67,8,0,1
BRDA:67,8,1,1
BRDA:69,9,0,0
BRDA:69,9,1,0
BRDA:74,10,0,77
BRDA:74,10,1,31
BRDA:80,11,0,1
BRDA:80,11,1,0
BRDA:127,12,0,5
BRDA:127,12,1,26
BRF:28
BRH:22
end_of_record
TN:
SF:src\components\ErrorBanner.css
FNF:0
FNH:0
LF:0
LH:0
BRF:0
BRH:0
end_of_record
TN:
SF:src\components\ErrorBanner.jsx
FN:5,ErrorBanner
FNF:1
FNH:1
FNDA:82,ErrorBanner
DA:6,82
DA:8,82
DA:9,53
DA:12,29
LF:4
LH:4
BRDA:8,0,0,53
BRDA:8,0,1,29
BRF:2
BRH:2
end_of_record
TN:
SF:src\components\Navbar.css
FNF:0
FNH:0
LF:0
LH:0
BRF:0
BRH:0
end_of_record
TN:
SF:src\components\Navbar.jsx
FN:6,base64UrlDecode
FN:12,getTokenExpiryMs
FN:23,isTokenValid
FN:31,Navbar
FN:36,(anonymous_4)
FN:38,(anonymous_5)
FN:51,(anonymous_6)
FN:57,(anonymous_7)
FN:70,(anonymous_8)
FN:71,(anonymous_9)
FN:72,(anonymous_10)
FN:76,(anonymous_11)
FN:84,(anonymous_12)
FN:92,handleLogout
FN:119,(anonymous_14)
FN:144,(anonymous_15)
FN:157,(anonymous_16)
FN:163,(anonymous_17)
FN:189,(anonymous_18)
FNF:19
FNH:15
FNDA:8,base64UrlDecode
FNDA:8,getTokenExpiryMs
FNDA:10,isTokenValid
FNDA:9,Navbar
FNDA:1,(anonymous_4)
FNDA:0,(anonymous_5)
FNDA:4,(anonymous_6)
FNDA:2,(anonymous_7)
FNDA:4,(anonymous_8)
FNDA:1,(anonymous_9)
FNDA:0,(anonymous_10)
FNDA:0,(anonymous_11)
FNDA:4,(anonymous_12)
FNDA:1,handleLogout
FNDA:5,(anonymous_14)
FNDA:1,(anonymous_15)
FNDA:0,(anonymous_16)
FNDA:1,(anonymous_17)
FNDA:1,(anonymous_18)
DA:7,8
DA:8,8
DA:9,8
DA:13,8
DA:14,8
DA:15,8
DA:16,8
DA:17,8
DA:19,0
DA:24,10
DA:25,10
DA:26,8
DA:27,8
DA:28,8
DA:32,9
DA:33,9
DA:34,9
DA:36,9
DA:37,1
DA:38,1
DA:39,0
DA:40,0
DA:41,0
DA:42,0
DA:43,0
DA:45,0
DA:47,0
DA:51,9
DA:52,4
DA:53,2
DA:54,2
DA:57,2
DA:58,2
DA:59,2
DA:60,2
DA:61,0
DA:62,0
DA:63,0
DA:67,2
DA:70,9
DA:71,4
DA:72,4
DA:73,0
DA:75,4
DA:76,4
DA:77,0
DA:80,4
DA:81,4
DA:82,4
DA:84,4
DA:85,4
DA:86,4
DA:87,4
DA:88,4
DA:93,1
DA:94,1
DA:95,1
DA:96,1
DA:106,1
DA:107,1
DA:108,1
DA:109,1
DA:110,1
DA:111,1
DA:112,1
DA:115,9
DA:116,9
DA:117,9
DA:119,9
DA:121,9
DA:144,1
DA:157,0
DA:163,1
DA:189,1
LF:74
LH:60
BRDA:13,0,0,0
BRDA:13,0,1,8
BRDA:16,1,0,0
BRDA:16,1,1,8
BRDA:25,2,0,2
BRDA:25,2,1,8
BRDA:27,3,0,0
BRDA:27,3,1,8
BRDA:39,4,0,0
BRDA:39,4,1,0
BRDA:40,5,0,0
BRDA:40,5,1,0
BRDA:52,6,0,2
BRDA:52,6,1,2
BRDA:59,7,0,2
BRDA:59,7,1,0
BRDA:61,8,0,0
BRDA:61,8,1,0
BRDA:73,9,0,0
BRDA:73,9,1,0
BRDA:73,10,0,0
BRDA:73,10,1,0
BRDA:77,11,0,0
BRDA:77,11,1,0
BRDA:94,12,0,1
BRDA:94,12,1,0
BRDA:115,13,0,9
BRDA:115,13,1,4
BRDA:116,14,0,9
BRDA:116,14,1,6
BRDA:116,14,2,6
BRDA:116,14,3,6
BRDA:122,15,0,4
BRDA:122,15,1,5
BRDA:155,16,0,7
BRDA:155,16,1,2
BRDA:158,17,0,2
BRDA:158,17,1,5
BRDA:158,18,0,7
BRDA:158,18,1,3
BRDA:187,19,0,4
BRDA:187,19,1,5
BRDA:194,20,0,4
BRDA:194,20,1,5
BRF:44
BRH:27
end_of_record
TN:
SF:src\components\NewPostModal.css
FNF:0
FNH:0
LF:0
LH:0
BRF:0
BRH:0
end_of_record
TN:
SF:src\components\NewPostModal.jsx
FN:5,NewPostModal
FN:6,(anonymous_1)
FN:8,(anonymous_2)
FN:13,(anonymous_3)
FN:25,(anonymous_4)
FN:32,(anonymous_5)
FN:33,(anonymous_6)
FNF:7
FNH:5
FNDA:79,NewPostModal
FNDA:79,(anonymous_1)
FNDA:1,(anonymous_2)
FNDA:5,(anonymous_3)
FNDA:0,(anonymous_4)
FNDA:6,(anonymous_5)
FNDA:0,(anonymous_6)
DA:6,79
DA:7,79
DA:8,5
DA:9,1
DA:11,5
DA:12,5
DA:13,5
DA:14,5
DA:15,5
DA:19,79
DA:21,5
DA:25,0
DA:32,6
DA:33,0
LF:14
LH:12
BRDA:7,0,0,74
BRDA:7,0,1,5
BRDA:9,1,0,1
BRDA:9,1,1,0
BRDA:19,2,0,74
BRDA:19,2,1,5
BRDA:23,3,0,1
BRDA:23,3,1,4
BRDA:25,4,0,0
BRDA:25,4,1,0
BRF:10
BRH:7
end_of_record
TN:
SF:src\components\NotificationBell.css
FNF:0
FNH:0
LF:0
LH:0
BRF:0
BRH:0
end_of_record
TN:
SF:src\components\NotificationBell.jsx
FN:8,NotificationBell
FN:13,(anonymous_1)
FN:34,(anonymous_2)
FN:37,(anonymous_3)
FN:41,(anonymous_4)
FN:42,(anonymous_5)
FN:44,(anonymous_6)
FN:47,(anonymous_7)
FNF:8
FNH:8
FNDA:22,NotificationBell
FNDA:15,(anonymous_1)
FNDA:13,(anonymous_2)
FNDA:13,(anonymous_3)
FNDA:13,(anonymous_4)
FNDA:1,(anonymous_5)
FNDA:13,(anonymous_6)
FNDA:2,(anonymous_7)
DA:5,1
DA:6,1
DA:9,22
DA:10,22
DA:11,22
DA:13,22
DA:14,15
DA:15,15
DA:16,1
DA:17,1
DA:19,14
DA:20,14
DA:23,13
DA:24,12
DA:25,12
DA:27,1
DA:34,22
DA:35,13
DA:36,13
DA:37,13
DA:41,22
DA:42,13
DA:43,13
DA:44,13
DA:47,22
DA:48,2
DA:49,2
DA:50,2
DA:51,2
DA:58,2
DA:60,2
DA:63,22
LF:32
LH:32
BRDA:15,0,0,1
BRDA:15,0,1,14
BRDA:23,1,0,12
BRDA:23,1,1,1
BRDA:25,2,0,12
BRDA:25,2,1,0
BRDA:42,3,0,1
BRDA:42,3,1,0
BRDA:49,4,0,2
BRDA:49,4,1,0
BRDA:66,5,0,1
BRDA:66,5,1,21
BRDA:68,6,0,9
BRDA:68,6,1,13
BRDA:85,7,0,22
BRDA:85,7,1,9
BRDA:87,8,0,1
BRDA:87,8,1,8
BRF:18
BRH:15
end_of_record
TN:
SF:src\components\ProtectedRoute.jsx
FN:26,ProtectedRoute
FNF:1
FNH:1
FNDA:2,ProtectedRoute
DA:27,2
DA:28,2
DA:29,2
DA:30,1
DA:41,1
LF:5
LH:5
BRDA:29,0,0,1
BRDA:29,0,1,1
BRF:2
BRH:2
end_of_record
TN:
SF:src\components\catalog\ProductCard.jsx
FN:3,ProductCard
FNF:1
FNH:1
FNDA:23,ProductCard
DA:4,23
DA:13,23
DA:14,1
DA:51,22
LF:4
LH:4
BRDA:3,0,0,23
BRDA:13,1,0,1
BRDA:13,1,1,22
BRDA:30,2,0,1
BRDA:30,2,1,1
BRDA:67,3,0,22
BRDA:67,3,1,2
BRDA:72,4,0,23
BRDA:72,4,1,2
BRF:9
BRH:9
end_of_record
TN:
SF:src\components\catalog\SideBar.css
FNF:0
FNH:0
LF:0
LH:0
BRF:0
BRH:0
end_of_record
TN:
SF:src\components\catalog\SideBar.jsx
FN:4,Sidebar
FN:11,(anonymous_1)
FN:14,(anonymous_2)
FN:40,(anonymous_3)
FN:42,(anonymous_4)
FN:92,(anonymous_5)
FN:122,(anonymous_6)
FN:133,(anonymous_7)
FN:147,(anonymous_8)
FN:155,(anonymous_9)
FN:162,(anonymous_10)
FN:175,(anonymous_11)
FN:188,(anonymous_12)
FN:196,(anonymous_13)
FN:203,(anonymous_14)
FNF:15
FNH:14
FNDA:32,Sidebar
FNDA:3,(anonymous_1)
FNDA:0,(anonymous_2)
FNDA:3,(anonymous_3)
FNDA:1,(anonymous_4)
FNDA:3,(anonymous_5)
FNDA:2,(anonymous_6)
FNDA:1,(anonymous_7)
FNDA:3,(anonymous_8)
FNDA:71,(anonymous_9)
FNDA:2,(anonymous_10)
FNDA:2,(anonymous_11)
FNDA:2,(anonymous_12)
FNDA:25,(anonymous_13)
FNDA:1,(anonymous_14)
DA:6,32
DA:7,32
DA:8,32
DA:9,32
DA:11,32
DA:12,3
DA:13,3
DA:14,0
DA:16,3
DA:18,32
DA:23,32
DA:24,32
DA:26,32
DA:40,32
DA:42,32
DA:43,1
DA:52,32
DA:57,32
DA:63,32
DA:92,3
DA:123,2
DA:124,2
DA:134,1
DA:135,1
DA:147,3
DA:156,71
DA:162,2
DA:175,2
DA:188,2
DA:197,25
DA:203,1
LF:31
LH:30
BRDA:13,0,0,0
BRDA:13,0,1,3
BRDA:24,1,0,3
BRDA:24,1,1,29
BRDA:95,2,0,11
BRDA:95,2,1,21
BRDA:98,3,0,32
BRDA:98,3,1,11
BRDA:150,4,0,10
BRDA:150,4,1,22
BRDA:153,5,0,32
BRDA:153,5,1,10
BRDA:171,6,0,10
BRDA:171,6,1,10
BRDA:177,7,0,3
BRDA:177,7,1,7
BRDA:191,8,0,5
BRDA:191,8,1,27
BRDA:194,9,0,32
BRDA:194,9,1,5
BRF:20
BRH:19
end_of_record
TN:
SF:src\context\ErrorContext.jsx
FN:5,ErrorProvider
FN:11,(anonymous_1)
FN:18,(anonymous_2)
FN:28,(anonymous_3)
FN:33,(anonymous_4)
FN:43,(anonymous_5)
FN:64,useError
FNF:7
FNH:5
FNDA:88,ErrorProvider
FNDA:1,(anonymous_1)
FNDA:18,(anonymous_2)
FNDA:0,(anonymous_3)
FNDA:12,(anonymous_4)
FNDA:0,(anonymous_5)
FNDA:449,useError
DA:3,8
DA:6,88
DA:7,88
DA:8,88
DA:9,88
DA:11,88
DA:12,1
DA:13,1
DA:15,1
DA:18,88
DA:20,18
DA:21,5
DA:23,18
DA:24,18
DA:25,18
DA:28,18
DA:29,0
DA:33,88
DA:35,12
DA:36,4
DA:38,12
DA:39,12
DA:40,12
DA:43,12
DA:44,0
DA:48,88
DA:57,88
DA:65,449
DA:66,449
DA:67,0
DA:69,449
LF:31
LH:28
BRDA:12,0,0,1
BRDA:12,0,1,0
BRDA:18,1,0,18
BRDA:20,2,0,5
BRDA:20,2,1,13
BRDA:33,3,0,12
BRDA:35,4,0,4
BRDA:35,4,1,8
BRDA:66,5,0,0
BRDA:66,5,1,449
BRF:10
BRH:8
end_of_record
TN:
SF:src\features\builder-tailwind.css
FNF:0
FNH:0
LF:0
LH:0
BRF:0
BRH:0
end_of_record
TN:
SF:src\features\canvas\CanvasUtils.ts
FN:3,(anonymous_0)
FN:41,(anonymous_1)
FN:48,(anonymous_2)
FN:93,(anonymous_3)
FN:97,(anonymous_4)
FN:129,(anonymous_5)
FN:272,(anonymous_6)
FN:290,(anonymous_7)
FNF:8
FNH:8
FNDA:2,(anonymous_0)
FNDA:2,(anonymous_1)
FNDA:5,(anonymous_2)
FNDA:2,(anonymous_3)
FNDA:2,(anonymous_4)
FNDA:5,(anonymous_5)
FNDA:11,(anonymous_6)
FNDA:10,(anonymous_7)
DA:3,1
DA:5,2
DA:7,2
DA:37,1
DA:38,1
DA:41,1
DA:42,2
DA:45,1
DA:46,1
DA:48,1
DA:57,5
DA:58,5
DA:59,5
DA:60,5
DA:62,5
DA:65,5
DA:67,4
DA:68,4
DA:69,4
DA:70,4
DA:72,4
DA:73,4
DA:77,5
DA:79,5
DA:86,5
DA:93,1
DA:94,2
DA:97,1
DA:98,2
DA:100,2
DA:101,2
DA:102,2
DA:103,2
DA:105,2
DA:119,1
DA:120,1
DA:123,1
DA:124,1
DA:129,1
DA:138,5
DA:139,5
DA:140,5
DA:141,5
DA:143,5
DA:145,5
DA:147,4
DA:148,4
DA:149,4
DA:150,4
DA:152,4
DA:153,5
DA:159,5
DA:162,5
DA:164,5
DA:170,1
DA:267,1
DA:272,1
DA:274,11
DA:276,11
DA:282,11
DA:285,11
DA:286,11
DA:288,11
DA:290,1
DA:295,10
DA:296,10
DA:298,10
DA:300,7
DA:301,7
DA:303,6
DA:304,10
DA:307,10
DA:309,10
DA:312,10
DA:327,10
DA:329,10
DA:331,10
DA:333,10
DA:334,10
LF:79
LH:79
BRDA:5,0,0,1
BRDA:5,0,1,1
BRDA:62,1,0,1
BRDA:62,1,1,4
BRDA:65,2,0,1
BRDA:65,2,1,4
BRDA:73,3,0,1
BRDA:73,3,1,3
BRDA:98,4,0,1
BRDA:98,4,1,1
BRDA:143,5,0,1
BRDA:143,5,1,4
BRDA:145,6,0,1
BRDA:145,6,1,4
BRDA:152,7,0,1
BRDA:152,7,1,3
BRDA:274,8,0,2
BRDA:274,8,1,9
BRDA:282,9,0,11
BRDA:282,9,1,1
BRDA:288,10,0,8
BRDA:288,10,1,3
BRDA:293,11,0,10
BRDA:298,12,0,3
BRDA:298,12,1,7
BRDA:301,13,0,1
BRDA:301,13,1,6
BRDA:303,14,0,2
BRDA:303,14,1,4
BRDA:304,15,0,2
BRDA:304,15,1,4
BRDA:319,16,0,2
BRDA:319,16,1,4
BRF:33
BRH:33
end_of_record
TN:
SF:src\features\canvas\GridCanvas.tsx
FN:50,(anonymous_0)
FN:110,(anonymous_1)
FN:117,(anonymous_2)
FN:129,(anonymous_3)
FN:140,(anonymous_4)
FN:149,(anonymous_5)
FN:150,(anonymous_6)
FN:152,(anonymous_7)
FN:156,(anonymous_8)
FN:160,(anonymous_9)
FN:164,(anonymous_10)
FN:167,(anonymous_11)
FN:172,(anonymous_12)
FN:176,(anonymous_13)
FN:182,(anonymous_14)
FN:191,(anonymous_15)
FN:202,(anonymous_16)
FN:227,(anonymous_17)
FN:262,(anonymous_18)
FN:301,(anonymous_19)
FN:344,(anonymous_20)
FN:347,(anonymous_21)
FN:401,(anonymous_22)
FN:402,(anonymous_23)
FN:421,(anonymous_24)
FN:481,(anonymous_25)
FN:499,(anonymous_26)
FN:500,(anonymous_27)
FN:514,(anonymous_28)
FN:516,(anonymous_29)
FN:525,(anonymous_30)
FN:540,(anonymous_31)
FN:541,(anonymous_32)
FN:551,(anonymous_33)
FN:552,(anonymous_34)
FN:561,(anonymous_35)
FN:572,(anonymous_36)
FN:598,(anonymous_37)
FN:622,(anonymous_38)
FN:658,(anonymous_39)
FN:675,(anonymous_40)
FN:699,(anonymous_41)
FN:703,(anonymous_42)
FN:723,(anonymous_43)
FN:742,(anonymous_44)
FN:742,(anonymous_45)
FN:752,(anonymous_46)
FN:755,(anonymous_47)
FN:755,(anonymous_48)
FN:766,(anonymous_49)
FN:766,(anonymous_50)
FN:782,(anonymous_51)
FN:789,(anonymous_52)
FN:821,(anonymous_53)
FN:853,(anonymous_54)
FN:865,(anonymous_55)
FN:877,(anonymous_56)
FN:878,(anonymous_57)
FN:888,(anonymous_58)
FN:951,(anonymous_59)
FN:960,(anonymous_60)
FN:961,(anonymous_61)
FN:962,(anonymous_62)
FN:1002,(anonymous_63)
FN:1006,(anonymous_64)
FN:1006,(anonymous_65)
FN:1045,(anonymous_66)
FN:1054,(anonymous_67)
FN:1055,(anonymous_68)
FN:1056,(anonymous_69)
FN:1083,(anonymous_70)
FN:1087,(anonymous_71)
FN:1087,(anonymous_72)
FNF:73
FNH:56
FNDA:104,(anonymous_0)
FNDA:27,(anonymous_1)
FNDA:4,(anonymous_2)
FNDA:8,(anonymous_3)
FNDA:2,(anonymous_4)
FNDA:84,(anonymous_5)
FNDA:4,(anonymous_6)
FNDA:2,(anonymous_7)
FNDA:84,(anonymous_8)
FNDA:84,(anonymous_9)
FNDA:3,(anonymous_10)
FNDA:2,(anonymous_11)
FNDA:84,(anonymous_12)
FNDA:84,(anonymous_13)
FNDA:86,(anonymous_14)
FNDA:90,(anonymous_15)
FNDA:113,(anonymous_16)
FNDA:113,(anonymous_17)
FNDA:22,(anonymous_18)
FNDA:35,(anonymous_19)
FNDA:3168,(anonymous_20)
FNDA:17424,(anonymous_21)
FNDA:33,(anonymous_22)
FNDA:15,(anonymous_23)
FNDA:17,(anonymous_24)
FNDA:0,(anonymous_25)
FNDA:33,(anonymous_26)
FNDA:18,(anonymous_27)
FNDA:23,(anonymous_28)
FNDA:23,(anonymous_29)
FNDA:90,(anonymous_30)
FNDA:0,(anonymous_31)
FNDA:0,(anonymous_32)
FNDA:3,(anonymous_33)
FNDA:2,(anonymous_34)
FNDA:5,(anonymous_35)
FNDA:0,(anonymous_36)
FNDA:1,(anonymous_37)
FNDA:31,(anonymous_38)
FNDA:1,(anonymous_39)
FNDA:0,(anonymous_40)
FNDA:1,(anonymous_41)
FNDA:0,(anonymous_42)
FNDA:8,(anonymous_43)
FNDA:0,(anonymous_44)
FNDA:0,(anonymous_45)
FNDA:4,(anonymous_46)
FNDA:0,(anonymous_47)
FNDA:0,(anonymous_48)
FNDA:0,(anonymous_49)
FNDA:0,(anonymous_50)
FNDA:2,(anonymous_51)
FNDA:15,(anonymous_52)
FNDA:0,(anonymous_53)
FNDA:31,(anonymous_54)
FNDA:21,(anonymous_55)
FNDA:87,(anonymous_56)
FNDA:3,(anonymous_57)
FNDA:87,(anonymous_58)
FNDA:31,(anonymous_59)
FNDA:5,(anonymous_60)
FNDA:1,(anonymous_61)
FNDA:2,(anonymous_62)
FNDA:2,(anonymous_63)
FNDA:0,(anonymous_64)
FNDA:0,(anonymous_65)
FNDA:21,(anonymous_66)
FNDA:4,(anonymous_67)
FNDA:1,(anonymous_68)
FNDA:2,(anonymous_69)
FNDA:1,(anonymous_70)
FNDA:0,(anonymous_71)
FNDA:0,(anonymous_72)
DA:50,1
DA:75,104
DA:76,104
DA:77,104
DA:81,104
DA:84,104
DA:85,104
DA:89,104
DA:90,104
DA:93,104
DA:95,104
DA:99,104
DA:101,104
DA:102,104
DA:110,104
DA:111,27
DA:112,27
DA:113,27
DA:114,27
DA:117,27
DA:118,4
DA:119,4
DA:120,2
DA:121,2
DA:122,2
DA:123,2
DA:124,2
DA:126,27
DA:129,25
DA:130,8
DA:131,5
DA:132,5
DA:133,5
DA:134,5
DA:135,5
DA:137,25
DA:140,20
DA:141,2
DA:142,2
DA:145,20
DA:149,104
DA:150,84
DA:151,4
DA:152,2
DA:155,84
DA:156,84
DA:160,104
DA:161,84
DA:162,84
DA:164,84
DA:165,3
DA:166,2
DA:167,2
DA:171,84
DA:172,84
DA:176,104
DA:177,84
DA:178,61
DA:182,104
DA:183,86
DA:184,13
DA:185,13
DA:186,6
DA:191,104
DA:192,90
DA:193,90
DA:195,90
DA:196,90
DA:199,90
DA:200,90
DA:202,90
DA:203,113
DA:204,113
DA:205,113
DA:207,113
DA:208,22
DA:209,22
DA:211,22
DA:213,22
DA:214,22
DA:216,22
DA:217,22
DA:219,22
DA:220,22
DA:225,90
DA:227,90
DA:228,113
DA:229,113
DA:230,113
DA:231,113
DA:234,113
DA:236,113
DA:237,113
DA:238,113
DA:240,113
DA:241,113
DA:244,113
DA:249,113
DA:250,113
DA:251,113
DA:252,113
DA:255,113
DA:260,22
DA:261,22
DA:262,22
DA:265,113
DA:266,113
DA:267,113
DA:269,113
DA:270,113
DA:271,113
DA:274,113
DA:275,113
DA:277,113
DA:280,113
DA:281,113
DA:283,113
DA:284,113
DA:286,113
DA:287,96
DA:288,96
DA:291,96
DA:295,94
DA:296,94
DA:301,113
DA:309,35
DA:310,35
DA:311,35
DA:312,35
DA:314,35
DA:315,35
DA:317,35
DA:318,17
DA:319,18
DA:320,8
DA:321,8
DA:322,10
DA:323,6
DA:324,6
DA:325,4
DA:326,2
DA:327,2
DA:328,2
DA:329,2
DA:332,21
DA:333,21
DA:334,21
DA:335,35
DA:336,35
DA:340,113
DA:341,2712
DA:343,59664
DA:344,3168
DA:347,59664
DA:348,17424
DA:350,7392
DA:351,7392
DA:352,7392
DA:353,7392
DA:355,7392
DA:356,7392
DA:358,7392
DA:359,4224
DA:360,3168
DA:361,2112
DA:363,1056
DA:366,59664
DA:368,59573
DA:369,59573
DA:372,59573
DA:374,59664
DA:375,59664
DA:382,59664
DA:384,59664
DA:385,59664
DA:386,59664
DA:388,59664
DA:389,46946
DA:390,46946
DA:391,46946
DA:394,46946
DA:400,2712
DA:401,33
DA:403,15
DA:404,15
DA:405,15
DA:406,15
DA:407,15
DA:411,2712
DA:412,2
DA:413,2
DA:415,2
DA:416,2
DA:418,2
DA:421,113
DA:422,17
DA:424,17
DA:425,17
DA:426,17
DA:427,17
DA:429,17
DA:430,17
DA:431,17
DA:432,17
DA:434,17
DA:435,17
DA:439,113
DA:444,19
DA:445,19
DA:446,19
DA:447,19
DA:449,19
DA:450,19
DA:455,19
DA:456,19
DA:459,19
DA:466,19
DA:468,19
DA:469,4
DA:470,4
DA:471,4
DA:472,4
DA:479,4
DA:481,15
DA:484,19
DA:485,19
DA:486,19
DA:487,19
DA:489,19
DA:491,19
DA:492,19
DA:494,19
DA:498,113
DA:499,33
DA:501,18
DA:502,18
DA:503,18
DA:504,18
DA:505,18
DA:508,113
DA:511,90
DA:514,90
DA:515,23
DA:516,23
DA:517,23
DA:521,90
DA:522,90
DA:525,90
DA:526,90
DA:527,90
DA:528,90
DA:540,104
DA:541,0
DA:542,0
DA:543,0
DA:544,0
DA:545,0
DA:546,0
DA:547,0
DA:551,104
DA:552,3
DA:553,2
DA:554,2
DA:555,2
DA:556,1
DA:557,0
DA:561,104
DA:562,5
DA:563,5
DA:564,5
DA:565,5
DA:566,5
DA:568,5
DA:571,4
DA:572,4
DA:573,0
DA:574,0
DA:577,0
DA:578,0
DA:580,0
DA:581,0
DA:582,0
DA:585,4
DA:586,0
DA:588,0
DA:589,0
DA:592,0
DA:593,0
DA:594,0
DA:598,4
DA:599,1
DA:604,4
DA:605,1
DA:606,1
DA:607,1
DA:608,1
DA:612,3
DA:613,3
DA:614,2
DA:615,2
DA:616,2
DA:617,2
DA:618,2
DA:622,104
DA:623,31
DA:626,31
DA:627,31
DA:628,31
DA:629,31
DA:631,31
DA:632,31
DA:633,31
DA:636,31
DA:637,0
DA:638,0
DA:640,31
DA:643,31
DA:646,31
DA:648,8
DA:651,8
DA:652,8
DA:658,104
DA:659,1
DA:660,1
DA:661,1
DA:663,1
DA:664,0
DA:665,0
DA:668,1
DA:669,1
DA:671,1
DA:672,0
DA:673,0
DA:675,0
DA:676,0
DA:678,0
DA:679,0
DA:680,0
DA:681,0
DA:682,0
DA:684,0
DA:699,104
DA:700,1
DA:701,1
DA:703,1
DA:705,0
DA:706,0
DA:709,0
DA:710,0
DA:713,0
DA:714,0
DA:715,0
DA:718,0
DA:723,104
DA:725,8
DA:727,8
DA:730,8
DA:731,8
DA:734,8
DA:735,8
DA:736,8
DA:740,8
DA:741,3
DA:742,2
DA:743,0
DA:746,5
DA:749,4
DA:750,4
DA:751,4
DA:752,4
DA:754,4
DA:755,2
DA:756,0
DA:759,1
DA:762,1
DA:763,1
DA:764,1
DA:766,1
DA:767,0
DA:769,0
DA:770,0
DA:771,0
DA:772,0
DA:774,0
DA:782,104
DA:783,2
DA:784,2
DA:785,2
DA:789,104
DA:793,15
DA:794,15
DA:795,14
DA:796,14
DA:798,14
DA:799,14
DA:801,14
DA:802,5
DA:804,5
DA:806,5
DA:808,2
DA:809,2
DA:811,2
DA:821,2
DA:822,2
DA:824,5
DA:826,9
DA:827,9
DA:829,9
DA:830,8
DA:831,7
DA:832,5
DA:834,2
DA:838,1
DA:839,1
DA:840,1
DA:842,2
DA:845,1
DA:846,1
DA:847,1
DA:853,104
DA:854,31
DA:855,31
DA:856,31
DA:857,31
DA:858,31
DA:865,104
DA:866,21
DA:867,21
DA:868,21
DA:877,104
DA:878,87
DA:879,3
DA:880,3
DA:881,3
DA:882,3
DA:883,1
DA:884,1
DA:887,87
DA:888,87
DA:891,104
DA:952,31
DA:953,31
DA:954,31
DA:955,31
DA:957,31
DA:960,5
DA:961,1
DA:963,2
DA:964,0
DA:966,2
DA:967,1
DA:968,1
DA:969,1
DA:970,1
DA:971,1
DA:972,1
DA:973,1
DA:974,1
DA:975,1
DA:976,1
DA:977,1
DA:978,1
DA:1003,2
DA:1004,2
DA:1005,2
DA:1006,2
DA:1007,2
DA:1008,2
DA:1046,21
DA:1047,21
DA:1048,21
DA:1049,21
DA:1051,21
DA:1054,4
DA:1055,1
DA:1057,2
DA:1058,1
DA:1059,1
DA:1060,1
DA:1061,1
DA:1062,1
DA:1063,1
DA:1064,1
DA:1065,1
DA:1066,1
DA:1067,1
DA:1084,1
DA:1085,1
DA:1086,1
DA:1087,1
DA:1088,1
DA:1089,1
LF:492
LH:440
BRDA:118,0,0,0
BRDA:118,0,1,4
BRDA:119,1,0,2
BRDA:119,1,1,2
BRDA:124,2,0,2
BRDA:124,2,1,2
BRDA:124,2,2,2
BRDA:124,2,3,2
BRDA:126,3,0,2
BRDA:126,3,1,25
BRDA:130,4,0,3
BRDA:130,4,1,5
BRDA:135,5,0,5
BRDA:135,5,1,5
BRDA:135,5,2,5
BRDA:135,5,3,5
BRDA:137,6,0,5
BRDA:137,6,1,20
BRDA:141,7,0,0
BRDA:141,7,1,2
BRDA:142,8,0,2
BRDA:142,8,1,2
BRDA:142,8,2,2
BRDA:142,8,3,2
BRDA:151,9,0,2
BRDA:151,9,1,2
BRDA:151,10,0,4
BRDA:151,10,1,2
BRDA:162,11,0,0
BRDA:162,11,1,84
BRDA:165,12,0,2
BRDA:165,12,1,1
BRDA:167,13,0,1
BRDA:167,13,1,1
BRDA:177,14,0,61
BRDA:177,14,1,23
BRDA:183,15,0,13
BRDA:183,15,1,73
BRDA:185,16,0,6
BRDA:185,16,1,7
BRDA:193,17,0,0
BRDA:193,17,1,90
BRDA:196,18,0,0
BRDA:196,18,1,90
BRDA:204,19,0,113
BRDA:204,19,1,0
BRDA:207,20,0,22
BRDA:207,20,1,91
BRDA:207,21,0,113
BRDA:207,21,1,91
BRDA:211,22,0,22
BRDA:211,22,1,0
BRDA:228,23,0,0
BRDA:228,23,1,113
BRDA:255,24,0,22
BRDA:255,24,1,91
BRDA:256,25,0,113
BRDA:256,25,1,91
BRDA:256,25,2,91
BRDA:269,26,0,5
BRDA:269,26,1,108
BRDA:270,27,0,5
BRDA:270,27,1,108
BRDA:271,28,0,5
BRDA:271,28,1,108
BRDA:286,29,0,96
BRDA:286,29,1,17
BRDA:286,30,0,113
BRDA:286,30,1,96
BRDA:286,30,2,96
BRDA:286,30,3,96
BRDA:291,31,0,94
BRDA:291,31,1,2
BRDA:307,32,0,35
BRDA:314,33,0,1
BRDA:314,33,1,34
BRDA:317,34,0,17
BRDA:317,34,1,18
BRDA:319,35,0,8
BRDA:319,35,1,10
BRDA:322,36,0,6
BRDA:322,36,1,4
BRDA:325,37,0,2
BRDA:325,37,1,2
BRDA:327,38,0,2
BRDA:327,38,1,0
BRDA:334,39,0,2
BRDA:334,39,1,19
BRDA:344,40,0,3168
BRDA:344,40,1,132
BRDA:348,41,0,10032
BRDA:348,41,1,7392
BRDA:348,42,0,17424
BRDA:348,42,1,13200
BRDA:358,43,0,4224
BRDA:358,43,1,3168
BRDA:359,44,0,4224
BRDA:359,44,1,192
BRDA:359,44,2,181
BRDA:360,45,0,2112
BRDA:360,45,1,1056
BRDA:361,46,0,2112
BRDA:361,46,1,88
BRDA:361,46,2,88
BRDA:366,47,0,91
BRDA:366,47,1,59573
BRDA:366,48,0,59664
BRDA:366,48,1,59658
BRDA:372,49,0,59573
BRDA:372,49,1,47051
BRDA:378,50,0,46946
BRDA:378,50,1,12627
BRDA:382,51,0,46946
BRDA:382,51,1,12627
BRDA:384,52,0,46946
BRDA:384,52,1,12627
BRDA:384,53,0,528
BRDA:384,53,1,12099
BRDA:388,54,0,46946
BRDA:388,54,1,12718
BRDA:391,55,0,2112
BRDA:391,55,1,44834
BRDA:411,56,0,2
BRDA:411,56,1,2710
BRDA:411,57,0,2712
BRDA:411,57,1,2
BRDA:415,58,0,1
BRDA:415,58,1,1
BRDA:416,59,0,1
BRDA:416,59,1,1
BRDA:439,60,0,19
BRDA:439,60,1,94
BRDA:440,61,0,113
BRDA:440,61,1,19
BRDA:440,61,2,19
BRDA:456,62,0,5
BRDA:456,62,1,14
BRDA:468,63,0,4
BRDA:468,63,1,15
BRDA:468,64,0,19
BRDA:468,64,1,4
BRDA:485,65,0,0
BRDA:485,65,1,19
BRDA:521,66,0,90
BRDA:521,66,1,0
BRDA:542,67,0,0
BRDA:542,67,1,0
BRDA:545,68,0,0
BRDA:545,68,1,0
BRDA:545,69,0,0
BRDA:545,69,1,0
BRDA:545,70,0,0
BRDA:545,70,1,0
BRDA:546,71,0,0
BRDA:546,71,1,0
BRDA:546,72,0,0
BRDA:546,72,1,0
BRDA:546,73,0,0
BRDA:546,73,1,0
BRDA:555,74,0,1
BRDA:555,74,1,1
BRDA:555,75,0,2
BRDA:555,75,1,1
BRDA:555,76,0,1
BRDA:555,76,1,1
BRDA:556,77,0,1
BRDA:556,77,1,0
BRDA:556,78,0,1
BRDA:556,78,1,1
BRDA:556,79,0,1
BRDA:556,79,1,1
BRDA:568,80,0,1
BRDA:568,80,1,4
BRDA:573,81,0,0
BRDA:573,81,1,0
BRDA:574,82,0,0
BRDA:574,82,1,0
BRDA:585,83,0,0
BRDA:585,83,1,4
BRDA:588,84,0,0
BRDA:588,84,1,0
BRDA:589,85,0,0
BRDA:589,85,1,0
BRDA:599,86,0,1
BRDA:599,86,1,1
BRDA:599,86,2,1
BRDA:599,86,3,1
BRDA:604,87,0,1
BRDA:604,87,1,3
BRDA:613,88,0,2
BRDA:613,88,1,1
BRDA:623,89,0,0
BRDA:623,89,1,31
BRDA:636,90,0,0
BRDA:636,90,1,31
BRDA:640,91,0,0
BRDA:640,91,1,31
BRDA:643,92,0,30
BRDA:643,92,1,1
BRDA:646,93,0,8
BRDA:646,93,1,23
BRDA:663,94,0,0
BRDA:663,94,1,1
BRDA:671,95,0,0
BRDA:671,95,1,1
BRDA:672,96,0,0
BRDA:672,96,1,0
BRDA:676,97,0,0
BRDA:676,97,1,0
BRDA:678,98,0,0
BRDA:678,98,1,0
BRDA:681,99,0,0
BRDA:681,99,1,0
BRDA:682,100,0,0
BRDA:682,100,1,0
BRDA:686,101,0,0
BRDA:686,101,1,0
BRDA:687,102,0,0
BRDA:687,102,1,0
BRDA:687,102,2,0
BRDA:688,103,0,0
BRDA:688,103,1,0
BRDA:688,103,2,0
BRDA:689,104,0,0
BRDA:689,104,1,0
BRDA:690,105,0,0
BRDA:690,105,1,0
BRDA:705,106,0,0
BRDA:705,106,1,0
BRDA:706,107,0,0
BRDA:706,107,1,0
BRDA:725,108,0,0
BRDA:725,108,1,8
BRDA:734,109,0,8
BRDA:734,109,1,0
BRDA:740,110,0,3
BRDA:740,110,1,5
BRDA:741,111,0,2
BRDA:741,111,1,1
BRDA:743,112,0,0
BRDA:743,112,1,0
BRDA:746,113,0,4
BRDA:746,113,1,1
BRDA:754,114,0,2
BRDA:754,114,1,2
BRDA:754,115,0,4
BRDA:754,115,1,3
BRDA:756,116,0,0
BRDA:756,116,1,0
BRDA:759,117,0,1
BRDA:759,117,1,0
BRDA:767,118,0,0
BRDA:767,118,1,0
BRDA:785,119,0,1
BRDA:785,119,1,1
BRDA:793,120,0,0
BRDA:793,120,1,15
BRDA:794,121,0,1
BRDA:794,121,1,14
BRDA:801,122,0,5
BRDA:801,122,1,9
BRDA:806,123,0,2
BRDA:806,123,1,3
BRDA:829,124,0,8
BRDA:829,124,1,1
BRDA:830,125,0,7
BRDA:830,125,1,1
BRDA:831,126,0,5
BRDA:831,126,1,2
BRDA:834,127,0,1
BRDA:834,127,1,1
BRDA:835,128,0,2
BRDA:835,128,1,1
BRDA:855,129,0,0
BRDA:855,129,1,31
BRDA:867,130,0,0
BRDA:867,130,1,21
BRDA:881,131,0,2
BRDA:881,131,1,1
BRDA:882,132,0,1
BRDA:882,132,1,2
BRDA:882,133,0,3
BRDA:882,133,1,2
BRDA:915,134,0,2
BRDA:915,134,1,102
BRDA:917,135,0,6
BRDA:917,135,1,96
BRDA:935,136,0,2
BRDA:935,136,1,102
BRDA:937,137,0,6
BRDA:937,137,1,96
BRDA:951,138,0,104
BRDA:951,138,1,103
BRDA:953,139,0,0
BRDA:953,139,1,31
BRDA:955,140,0,31
BRDA:955,140,1,1
BRDA:963,141,0,0
BRDA:963,141,1,2
BRDA:966,142,0,1
BRDA:966,142,1,1
BRDA:969,143,0,0
BRDA:969,143,1,1
BRDA:994,144,0,1
BRDA:994,144,1,30
BRDA:995,145,0,4
BRDA:995,145,1,27
BRDA:1000,146,0,31
BRDA:1000,146,1,5
BRDA:1000,146,2,5
BRDA:1024,147,0,1
BRDA:1024,147,1,4
BRDA:1045,148,0,104
BRDA:1045,148,1,103
BRDA:1047,149,0,0
BRDA:1047,149,1,21
BRDA:1049,150,0,21
BRDA:1049,150,1,5
BRDA:1057,151,0,1
BRDA:1057,151,1,1
BRDA:1060,152,0,0
BRDA:1060,152,1,1
BRDA:1076,153,0,3
BRDA:1076,153,1,18
BRDA:1077,154,0,3
BRDA:1077,154,1,18
BRDA:1081,155,0,21
BRDA:1081,155,1,4
BRDA:1081,155,2,4
BRDA:1105,156,0,1
BRDA:1105,156,1,3
BRF:331
BRH:248
end_of_record
TN:
SF:src\features\canvas\Icons.tsx
FN:8,(anonymous_0)
FN:30,(anonymous_1)
FN:47,(anonymous_2)
FN:66,(anonymous_3)
FN:86,(anonymous_4)
FN:107,(anonymous_5)
FN:139,(anonymous_6)
FN:165,(anonymous_7)
FN:184,(anonymous_8)
FN:208,(anonymous_9)
FN:229,(anonymous_10)
FN:252,(anonymous_11)
FN:277,(anonymous_12)
FN:294,(anonymous_13)
FN:317,(anonymous_14)
FN:341,(anonymous_15)
FN:364,(anonymous_16)
FN:389,(anonymous_17)
FNF:18
FNH:6
FNDA:0,(anonymous_0)
FNDA:0,(anonymous_1)
FNDA:0,(anonymous_2)
FNDA:0,(anonymous_3)
FNDA:2,(anonymous_4)
FNDA:0,(anonymous_5)
FNDA:0,(anonymous_6)
FNDA:0,(anonymous_7)
FNDA:0,(anonymous_8)
FNDA:0,(anonymous_9)
FNDA:0,(anonymous_10)
FNDA:0,(anonymous_11)
FNDA:0,(anonymous_12)
FNDA:35,(anonymous_13)
FNDA:34,(anonymous_14)
FNDA:35,(anonymous_15)
FNDA:34,(anonymous_16)
FNDA:34,(anonymous_17)
DA:8,1
DA:9,0
DA:30,1
DA:31,0
DA:47,1
DA:48,0
DA:66,1
DA:67,0
DA:86,1
DA:87,2
DA:107,1
DA:108,0
DA:139,1
DA:140,0
DA:165,1
DA:166,0
DA:184,1
DA:185,0
DA:208,1
DA:209,0
DA:229,1
DA:230,0
DA:252,1
DA:253,0
DA:277,1
DA:278,0
DA:294,1
DA:295,35
DA:317,1
DA:318,34
DA:341,1
DA:342,35
DA:364,1
DA:365,34
DA:389,1
DA:390,34
LF:36
LH:24
BRDA:277,0,0,0
BRF:1
BRH:0
end_of_record
TN:
SF:src\features\canvas\LayoutCanvas.tsx
FN:48,formatEur
FN:58,(anonymous_1)
FN:59,(anonymous_2)
FN:60,(anonymous_3)
FN:109,(anonymous_4)
FN:118,(anonymous_5)
FN:138,(anonymous_6)
FN:139,(anonymous_7)
FN:148,(anonymous_8)
FN:154,(anonymous_9)
FN:157,(anonymous_10)
FN:169,(anonymous_11)
FN:187,(anonymous_12)
FN:191,(anonymous_13)
FN:199,(anonymous_14)
FN:200,(anonymous_15)
FN:201,(anonymous_16)
FN:210,(anonymous_17)
FN:211,(anonymous_18)
FN:216,(anonymous_19)
FN:222,(anonymous_20)
FN:226,(anonymous_21)
FN:227,(anonymous_22)
FN:230,(anonymous_23)
FN:232,(anonymous_24)
FN:232,(anonymous_25)
FN:238,(anonymous_26)
FN:241,(anonymous_27)
FN:242,(anonymous_28)
FN:247,(anonymous_29)
FN:249,(anonymous_30)
FN:249,(anonymous_31)
FN:255,(anonymous_32)
FN:258,(anonymous_33)
FN:259,(anonymous_34)
FN:269,(anonymous_35)
FN:273,(anonymous_36)
FN:274,(anonymous_37)
FN:280,(anonymous_38)
FN:283,(anonymous_39)
FN:290,(anonymous_40)
FN:293,(anonymous_41)
FN:300,(anonymous_42)
FN:301,(anonymous_43)
FN:302,(anonymous_44)
FN:305,(anonymous_45)
FN:315,(anonymous_46)
FN:330,(anonymous_47)
FN:331,(anonymous_48)
FN:334,(anonymous_49)
FN:349,(anonymous_50)
FN:351,(anonymous_51)
FN:351,(anonymous_52)
FN:355,(anonymous_53)
FN:355,(anonymous_54)
FN:362,(anonymous_55)
FN:362,(anonymous_56)
FN:366,(anonymous_57)
FN:366,(anonymous_58)
FN:369,(anonymous_59)
FN:371,(anonymous_60)
FN:372,(anonymous_61)
FN:376,(anonymous_62)
FN:376,(anonymous_63)
FN:393,(anonymous_64)
FN:397,(anonymous_65)
FN:399,(anonymous_66)
FN:423,(anonymous_67)
FN:424,(anonymous_68)
FN:432,(anonymous_69)
FN:433,(anonymous_70)
FN:436,(anonymous_71)
FN:440,(anonymous_72)
FN:445,(anonymous_73)
FN:452,(anonymous_74)
FN:479,(anonymous_75)
FN:621,(anonymous_76)
FN:621,(anonymous_77)
FN:625,(anonymous_78)
FN:629,(anonymous_79)
FN:629,(anonymous_80)
FN:658,(anonymous_81)
FN:659,(anonymous_82)
FN:667,(anonymous_83)
FN:674,(anonymous_84)
FN:675,(anonymous_85)
FN:676,(anonymous_86)
FN:705,(anonymous_87)
FN:708,(anonymous_88)
FN:769,(anonymous_89)
FN:778,(anonymous_90)
FN:805,(anonymous_91)
FN:808,(anonymous_92)
FN:861,(anonymous_93)
FN:867,(anonymous_94)
FN:908,(anonymous_95)
FNF:96
FNH:45
FNDA:34,formatEur
FNDA:35,(anonymous_1)
FNDA:10,(anonymous_2)
FNDA:20,(anonymous_3)
FNDA:0,(anonymous_4)
FNDA:0,(anonymous_5)
FNDA:10,(anonymous_6)
FNDA:1,(anonymous_7)
FNDA:0,(anonymous_8)
FNDA:0,(anonymous_9)
FNDA:0,(anonymous_10)
FNDA:0,(anonymous_11)
FNDA:1,(anonymous_12)
FNDA:10,(anonymous_13)
FNDA:11,(anonymous_14)
FNDA:1,(anonymous_15)
FNDA:0,(anonymous_16)
FNDA:10,(anonymous_17)
FNDA:2,(anonymous_18)
FNDA:1,(anonymous_19)
FNDA:10,(anonymous_20)
FNDA:10,(anonymous_21)
FNDA:2,(anonymous_22)
FNDA:0,(anonymous_23)
FNDA:0,(anonymous_24)
FNDA:0,(anonymous_25)
FNDA:10,(anonymous_26)
FNDA:10,(anonymous_27)
FNDA:2,(anonymous_28)
FNDA:0,(anonymous_29)
FNDA:0,(anonymous_30)
FNDA:0,(anonymous_31)
FNDA:10,(anonymous_32)
FNDA:10,(anonymous_33)
FNDA:0,(anonymous_34)
FNDA:10,(anonymous_35)
FNDA:0,(anonymous_36)
FNDA:0,(anonymous_37)
FNDA:0,(anonymous_38)
FNDA:0,(anonymous_39)
FNDA:0,(anonymous_40)
FNDA:0,(anonymous_41)
FNDA:0,(anonymous_42)
FNDA:0,(anonymous_43)
FNDA:0,(anonymous_44)
FNDA:0,(anonymous_45)
FNDA:0,(anonymous_46)
FNDA:0,(anonymous_47)
FNDA:0,(anonymous_48)
FNDA:0,(anonymous_49)
FNDA:13,(anonymous_50)
FNDA:2,(anonymous_51)
FNDA:2,(anonymous_52)
FNDA:2,(anonymous_53)
FNDA:0,(anonymous_54)
FNDA:2,(anonymous_55)
FNDA:0,(anonymous_56)
FNDA:1,(anonymous_57)
FNDA:0,(anonymous_58)
FNDA:13,(anonymous_59)
FNDA:2,(anonymous_60)
FNDA:2,(anonymous_61)
FNDA:1,(anonymous_62)
FNDA:1,(anonymous_63)
FNDA:23,(anonymous_64)
FNDA:1,(anonymous_65)
FNDA:1,(anonymous_66)
FNDA:1,(anonymous_67)
FNDA:0,(anonymous_68)
FNDA:0,(anonymous_69)
FNDA:0,(anonymous_70)
FNDA:0,(anonymous_71)
FNDA:0,(anonymous_72)
FNDA:0,(anonymous_73)
FNDA:1,(anonymous_74)
FNDA:0,(anonymous_75)
FNDA:1,(anonymous_76)
FNDA:1,(anonymous_77)
FNDA:1,(anonymous_78)
FNDA:1,(anonymous_79)
FNDA:1,(anonymous_80)
FNDA:0,(anonymous_81)
FNDA:0,(anonymous_82)
FNDA:0,(anonymous_83)
FNDA:0,(anonymous_84)
FNDA:0,(anonymous_85)
FNDA:0,(anonymous_86)
FNDA:0,(anonymous_87)
FNDA:0,(anonymous_88)
FNDA:170,(anonymous_89)
FNDA:0,(anonymous_90)
FNDA:0,(anonymous_91)
FNDA:0,(anonymous_92)
FNDA:0,(anonymous_93)
FNDA:0,(anonymous_94)
FNDA:2,(anonymous_95)
DA:35,1
DA:37,1
DA:44,1
DA:49,34
DA:58,1
DA:59,35
DA:60,20
DA:61,10
DA:64,35
DA:65,35
DA:66,35
DA:67,35
DA:68,35
DA:69,35
DA:70,35
DA:71,35
DA:72,35
DA:73,35
DA:74,35
DA:75,35
DA:76,35
DA:77,35
DA:78,35
DA:79,35
DA:81,35
DA:82,35
DA:83,35
DA:84,35
DA:85,35
DA:86,35
DA:89,35
DA:104,35
DA:105,35
DA:107,35
DA:109,35
DA:110,0
DA:115,0
DA:118,35
DA:119,0
DA:133,0
DA:136,35
DA:138,35
DA:139,10
DA:140,1
DA:141,1
DA:142,1
DA:144,1
DA:145,1
DA:147,1
DA:148,0
DA:149,0
DA:150,0
DA:153,1
DA:154,0
DA:156,1
DA:157,0
DA:158,0
DA:159,0
DA:162,1
DA:163,0
DA:166,1
DA:167,1
DA:168,0
DA:169,0
DA:178,0
DA:181,1
DA:183,1
DA:187,10
DA:188,1
DA:191,10
DA:194,35
DA:195,35
DA:196,35
DA:197,35
DA:199,35
DA:200,11
DA:201,11
DA:202,0
DA:203,0
DA:204,0
DA:206,11
DA:210,35
DA:211,10
DA:212,2
DA:213,2
DA:214,1
DA:215,1
DA:216,1
DA:219,10
DA:220,10
DA:221,10
DA:222,10
DA:226,35
DA:227,10
DA:228,2
DA:229,0
DA:230,0
DA:231,0
DA:232,0
DA:237,10
DA:238,10
DA:241,35
DA:242,10
DA:243,2
DA:244,0
DA:245,0
DA:246,0
DA:247,0
DA:248,0
DA:249,0
DA:254,10
DA:255,10
DA:258,35
DA:259,10
DA:260,0
DA:261,0
DA:262,0
DA:263,0
DA:264,0
DA:265,0
DA:268,10
DA:269,10
DA:273,35
DA:274,0
DA:277,0
DA:280,35
DA:281,0
DA:282,0
DA:283,0
DA:284,0
DA:285,0
DA:286,0
DA:287,0
DA:290,35
DA:291,0
DA:292,0
DA:293,0
DA:294,0
DA:295,0
DA:296,0
DA:297,0
DA:300,35
DA:301,0
DA:302,0
DA:304,0
DA:305,0
DA:306,0
DA:307,0
DA:308,0
DA:309,0
DA:310,0
DA:311,0
DA:315,35
DA:316,0
DA:317,0
DA:318,0
DA:319,0
DA:326,0
DA:330,35
DA:331,0
DA:334,35
DA:335,0
DA:336,0
DA:337,0
DA:338,0
DA:340,0
DA:342,0
DA:344,0
DA:345,0
DA:349,35
DA:350,13
DA:351,13
DA:355,13
DA:362,13
DA:366,13
DA:369,13
DA:370,13
DA:371,2
DA:372,2
DA:373,2
DA:375,13
DA:376,13
DA:390,13
DA:393,35
DA:394,23
DA:397,35
DA:398,1
DA:399,1
DA:400,1
DA:402,1
DA:403,0
DA:404,0
DA:405,0
DA:408,1
DA:409,1
DA:418,1
DA:424,1
DA:425,1
DA:426,1
DA:427,1
DA:428,1
DA:430,0
DA:431,1
DA:432,0
DA:433,0
DA:435,1
DA:437,0
DA:438,0
DA:440,0
DA:442,1
DA:443,1
DA:446,0
DA:447,0
DA:452,35
DA:453,1
DA:454,1
DA:455,1
DA:456,1
DA:457,1
DA:458,1
DA:459,1
DA:460,1
DA:461,1
DA:463,0
DA:465,1
DA:473,1
DA:474,1
DA:479,1
DA:480,1
DA:481,0
DA:482,0
DA:483,0
DA:485,1
DA:487,0
DA:489,1
DA:494,35
DA:621,1
DA:625,1
DA:629,1
DA:658,0
DA:659,0
DA:668,0
DA:669,0
DA:670,0
DA:671,0
DA:674,0
DA:675,0
DA:677,0
DA:678,0
DA:679,0
DA:706,0
DA:707,0
DA:708,0
DA:709,0
DA:710,0
DA:770,170
DA:771,170
DA:774,170
DA:775,170
DA:778,0
DA:806,0
DA:808,0
DA:862,0
DA:863,0
DA:864,0
DA:867,0
DA:909,2
DA:910,2
LF:268
LH:155
BRDA:35,0,0,1
BRDA:35,0,1,1
BRDA:90,1,0,0
BRDA:90,1,1,34
BRDA:91,2,0,0
BRDA:91,2,1,34
BRDA:92,3,0,0
BRDA:92,3,1,34
BRDA:93,4,0,0
BRDA:93,4,1,34
BRDA:94,5,0,0
BRDA:94,5,1,34
BRDA:95,6,0,0
BRDA:95,6,1,34
BRDA:96,7,0,0
BRDA:96,7,1,34
BRDA:97,8,0,0
BRDA:97,8,1,34
BRDA:98,9,0,0
BRDA:98,9,1,34
BRDA:99,10,0,0
BRDA:99,10,1,34
BRDA:100,11,0,0
BRDA:100,11,1,34
BRDA:101,12,0,0
BRDA:101,12,1,34
BRDA:115,13,0,0
BRDA:115,13,1,0
BRDA:147,14,0,0
BRDA:147,14,1,1
BRDA:150,15,0,0
BRDA:150,15,1,0
BRDA:153,16,0,0
BRDA:153,16,1,1
BRDA:156,17,0,0
BRDA:156,17,1,1
BRDA:162,18,0,0
BRDA:162,18,1,1
BRDA:167,19,0,0
BRDA:167,19,1,1
BRDA:173,20,0,0
BRDA:173,20,1,0
BRDA:174,21,0,0
BRDA:174,21,1,0
BRDA:200,22,0,1
BRDA:200,22,1,0
BRDA:203,23,0,0
BRDA:203,23,1,0
BRDA:203,24,0,0
BRDA:203,24,1,0
BRDA:212,25,0,0
BRDA:212,25,1,2
BRDA:213,26,0,1
BRDA:213,26,1,1
BRDA:215,27,0,1
BRDA:215,27,1,0
BRDA:220,28,0,10
BRDA:220,28,1,0
BRDA:228,29,0,0
BRDA:228,29,1,2
BRDA:229,30,0,0
BRDA:229,30,1,0
BRDA:231,31,0,0
BRDA:231,31,1,0
BRDA:232,32,0,0
BRDA:232,32,1,0
BRDA:233,33,0,0
BRDA:233,33,1,0
BRDA:243,34,0,0
BRDA:243,34,1,2
BRDA:243,35,0,2
BRDA:243,35,1,2
BRDA:245,36,0,0
BRDA:245,36,1,0
BRDA:246,37,0,0
BRDA:246,37,1,0
BRDA:248,38,0,0
BRDA:248,38,1,0
BRDA:249,39,0,0
BRDA:249,39,1,0
BRDA:250,40,0,0
BRDA:250,40,1,0
BRDA:262,41,0,0
BRDA:262,41,1,0
BRDA:262,42,0,0
BRDA:262,42,1,0
BRDA:265,43,0,0
BRDA:265,43,1,0
BRDA:281,44,0,0
BRDA:281,44,1,0
BRDA:291,45,0,0
BRDA:291,45,1,0
BRDA:301,46,0,0
BRDA:301,46,1,0
BRDA:301,47,0,0
BRDA:301,47,1,0
BRDA:301,47,2,0
BRDA:302,48,0,0
BRDA:302,48,1,0
BRDA:302,49,0,0
BRDA:302,49,1,0
BRDA:302,49,2,0
BRDA:302,49,3,0
BRDA:302,49,4,0
BRDA:306,50,0,0
BRDA:306,50,1,0
BRDA:309,51,0,0
BRDA:309,51,1,0
BRDA:309,52,0,0
BRDA:309,52,1,0
BRDA:309,53,0,0
BRDA:309,53,1,0
BRDA:310,54,0,0
BRDA:310,54,1,0
BRDA:310,55,0,0
BRDA:310,55,1,0
BRDA:310,56,0,0
BRDA:310,56,1,0
BRDA:316,57,0,0
BRDA:316,57,1,0
BRDA:316,58,0,0
BRDA:316,58,1,0
BRDA:317,59,0,0
BRDA:317,59,1,0
BRDA:336,60,0,0
BRDA:336,60,1,0
BRDA:337,61,0,0
BRDA:337,61,1,0
BRDA:337,62,0,0
BRDA:337,62,1,0
BRDA:344,63,0,0
BRDA:344,63,1,0
BRDA:350,64,0,13
BRDA:350,64,1,13
BRDA:358,65,0,0
BRDA:358,65,1,0
BRDA:359,66,0,0
BRDA:359,66,1,0
BRDA:370,67,0,11
BRDA:370,67,1,2
BRDA:381,68,0,0
BRDA:381,68,1,1
BRDA:382,69,0,0
BRDA:382,69,1,1
BRDA:383,70,0,0
BRDA:383,70,1,1
BRDA:384,71,0,1
BRDA:384,71,1,0
BRDA:385,72,0,0
BRDA:385,72,1,1
BRDA:386,73,0,0
BRDA:386,73,1,1
BRDA:387,74,0,0
BRDA:387,74,1,1
BRDA:398,75,0,0
BRDA:398,75,1,1
BRDA:402,76,0,0
BRDA:402,76,1,1
BRDA:402,77,0,1
BRDA:402,77,1,1
BRDA:425,78,0,1
BRDA:425,78,1,0
BRDA:430,79,0,0
BRDA:430,79,1,0
BRDA:432,80,0,0
BRDA:432,80,1,0
BRDA:437,81,0,0
BRDA:437,81,1,0
BRDA:438,82,0,0
BRDA:438,82,1,0
BRDA:438,82,2,0
BRDA:453,83,0,0
BRDA:453,83,1,1
BRDA:454,84,0,0
BRDA:454,84,1,1
BRDA:473,85,0,1
BRDA:473,85,1,0
BRDA:480,86,0,0
BRDA:480,86,1,1
BRDA:480,87,0,1
BRDA:480,87,1,1
BRDA:485,88,0,1
BRDA:485,88,1,0
BRDA:550,89,0,35
BRDA:550,89,1,33
BRDA:556,90,0,2
BRDA:556,90,1,32
BRDA:556,91,0,35
BRDA:556,91,1,33
BRDA:557,92,0,2
BRDA:557,92,1,32
BRDA:557,93,0,35
BRDA:557,93,1,33
BRDA:564,94,0,35
BRDA:564,94,1,1
BRDA:584,95,0,35
BRDA:584,95,1,1
BRDA:667,96,0,35
BRDA:667,96,1,0
BRDA:668,97,0,0
BRDA:668,97,1,0
BRDA:669,98,0,0
BRDA:669,98,1,0
BRDA:677,99,0,0
BRDA:677,99,1,0
BRDA:677,100,0,0
BRDA:677,100,1,0
BRDA:685,101,0,0
BRDA:685,101,1,0
BRDA:686,102,0,0
BRDA:686,102,1,0
BRDA:687,103,0,0
BRDA:687,103,1,0
BRDA:689,104,0,0
BRDA:689,104,1,0
BRDA:690,105,0,0
BRDA:690,105,1,0
BRDA:691,106,0,0
BRDA:691,106,1,0
BRDA:692,107,0,0
BRDA:692,107,1,0
BRDA:697,108,0,0
BRDA:697,108,1,0
BRDA:698,109,0,0
BRDA:698,109,1,0
BRDA:699,110,0,0
BRDA:699,110,1,0
BRDA:703,111,0,0
BRDA:703,111,1,0
BRDA:703,111,2,0
BRDA:703,111,3,0
BRDA:716,112,0,0
BRDA:716,112,1,0
BRDA:729,113,0,35
BRDA:729,113,1,0
BRDA:729,113,2,0
BRDA:729,113,3,0
BRDA:744,114,0,0
BRDA:744,114,1,0
BRDA:746,115,0,0
BRDA:746,115,1,0
BRDA:749,116,0,0
BRDA:749,116,1,0
BRDA:771,117,0,34
BRDA:771,117,1,136
BRDA:782,118,0,0
BRDA:782,118,1,170
BRDA:787,119,0,0
BRDA:787,119,1,170
BRDA:787,120,0,0
BRDA:787,120,1,170
BRDA:792,121,0,0
BRDA:792,121,1,170
BRDA:792,122,0,0
BRDA:792,122,1,170
BRDA:796,123,0,170
BRDA:796,123,1,34
BRDA:796,123,2,0
BRDA:813,124,0,0
BRDA:813,124,1,0
BRDA:814,125,0,0
BRDA:814,125,1,0
BRDA:815,126,0,0
BRDA:815,126,1,0
BRDA:816,127,0,0
BRDA:816,127,1,0
BRDA:847,128,0,0
BRDA:847,128,1,34
BRDA:848,129,0,0
BRDA:848,129,1,34
BRDA:856,130,0,32
BRDA:856,130,1,2
BRDA:858,131,0,2
BRDA:858,131,1,0
BRDA:862,132,0,0
BRDA:862,132,1,0
BRDA:867,133,0,0
BRDA:867,133,1,0
BRDA:871,134,0,0
BRDA:871,134,1,0
BRDA:872,135,0,0
BRDA:872,135,1,0
BRDA:872,136,0,0
BRDA:872,136,1,0
BRDA:874,137,0,0
BRDA:874,137,1,0
BRDA:880,138,0,0
BRDA:880,138,1,0
BRDA:902,139,0,32
BRDA:902,139,1,2
BRDA:909,140,0,2
BRDA:909,140,1,0
BRDA:916,141,0,0
BRDA:916,141,1,2
BRDA:925,142,0,0
BRDA:925,142,1,2
BRDA:927,143,0,0
BRDA:927,143,1,2
BRDA:912,144,0,2
BRDA:912,144,1,0
BRF:300
BRH:89
end_of_record
TN:
SF:src\features\canvas\captureLayoutThumbnail.ts
FN:3,captureLayoutThumbnailRoot
FNF:1
FNH:1
FNDA:10,captureLayoutThumbnailRoot
DA:1,1
DA:4,10
DA:5,9
DA:6,9
DA:8,6
DA:9,6
DA:10,6
DA:11,6
DA:12,4
DA:13,4
DA:15,2
DA:16,2
DA:17,2
DA:18,2
DA:19,2
DA:20,2
DA:21,2
DA:22,1
DA:23,1
DA:25,1
DA:26,1
DA:28,1
LF:22
LH:22
BRDA:4,0,0,1
BRDA:4,0,1,9
BRDA:6,1,0,3
BRDA:6,1,1,6
BRDA:6,2,0,9
BRDA:6,2,1,8
BRDA:6,2,2,7
BRDA:11,3,0,4
BRDA:11,3,1,2
BRDA:13,4,0,4
BRDA:13,4,1,1
BRDA:21,5,0,1
BRDA:21,5,1,1
BRDA:23,6,0,1
BRDA:23,6,1,0
BRDA:26,7,0,1
BRDA:26,7,1,0
BRF:17
BRH:15
end_of_record
TN:
SF:src\features\wizard\component-fullscreen\SetupWizard.jsx
FN:8,(anonymous_0)
FN:27,(anonymous_1)
FN:30,(anonymous_2)
FN:45,(anonymous_3)
FN:90,(anonymous_4)
FN:113,(anonymous_5)
FN:114,(anonymous_6)
FN:122,(anonymous_7)
FN:136,(anonymous_8)
FN:137,(anonymous_9)
FN:147,(anonymous_10)
FN:148,(anonymous_11)
FN:149,(anonymous_12)
FN:159,(anonymous_13)
FN:163,(anonymous_14)
FN:167,(anonymous_15)
FN:168,(anonymous_16)
FN:169,(anonymous_17)
FN:179,(anonymous_18)
FN:183,(anonymous_19)
FN:189,(anonymous_20)
FN:190,(anonymous_21)
FN:190,(anonymous_22)
FN:194,(anonymous_23)
FN:195,(anonymous_24)
FN:196,(anonymous_25)
FN:250,(anonymous_26)
FN:263,(anonymous_27)
FN:311,(anonymous_28)
FN:327,(anonymous_29)
FN:328,(anonymous_30)
FN:335,(anonymous_31)
FN:347,(anonymous_32)
FN:353,(anonymous_33)
FN:367,(anonymous_34)
FN:372,(anonymous_35)
FN:373,(anonymous_36)
FN:384,(anonymous_37)
FN:385,(anonymous_38)
FN:394,(anonymous_39)
FN:395,(anonymous_40)
FN:412,(anonymous_41)
FN:413,(anonymous_42)
FN:416,(anonymous_43)
FN:417,(anonymous_44)
FN:432,(anonymous_45)
FN:433,(anonymous_46)
FN:450,(anonymous_47)
FNF:48
FNH:48
FNDA:12,(anonymous_0)
FNDA:20,(anonymous_1)
FNDA:7,(anonymous_2)
FNDA:150,(anonymous_3)
FNDA:20,(anonymous_4)
FNDA:32,(anonymous_5)
FNDA:7,(anonymous_6)
FNDA:97,(anonymous_7)
FNDA:22,(anonymous_8)
FNDA:22,(anonymous_9)
FNDA:21,(anonymous_10)
FNDA:21,(anonymous_11)
FNDA:11,(anonymous_12)
FNDA:1,(anonymous_13)
FNDA:22,(anonymous_14)
FNDA:21,(anonymous_15)
FNDA:21,(anonymous_16)
FNDA:1,(anonymous_17)
FNDA:1,(anonymous_18)
FNDA:22,(anonymous_19)
FNDA:7,(anonymous_20)
FNDA:7,(anonymous_21)
FNDA:1,(anonymous_22)
FNDA:44,(anonymous_23)
FNDA:40,(anonymous_24)
FNDA:6,(anonymous_25)
FNDA:3,(anonymous_26)
FNDA:48,(anonymous_27)
FNDA:79,(anonymous_28)
FNDA:1,(anonymous_29)
FNDA:3,(anonymous_30)
FNDA:57,(anonymous_31)
FNDA:48,(anonymous_32)
FNDA:2,(anonymous_33)
FNDA:1,(anonymous_34)
FNDA:28,(anonymous_35)
FNDA:2,(anonymous_36)
FNDA:21,(anonymous_37)
FNDA:1,(anonymous_38)
FNDA:28,(anonymous_39)
FNDA:1,(anonymous_40)
FNDA:90,(anonymous_41)
FNDA:1,(anonymous_42)
FNDA:90,(anonymous_43)
FNDA:1,(anonymous_44)
FNDA:228,(anonymous_45)
FNDA:1,(anonymous_46)
FNDA:22,(anonymous_47)
DA:5,1
DA:8,1
DA:9,12
DA:10,10
DA:11,2
DA:12,0
DA:13,0
DA:14,0
DA:15,0
DA:16,0
DA:17,0
DA:18,0
DA:19,0
DA:20,0
DA:21,0
DA:22,0
DA:27,1
DA:28,20
DA:30,7
DA:45,1
DA:46,150
DA:91,20
DA:113,32
DA:114,7
DA:122,1
DA:123,97
DA:126,97
DA:127,97
DA:130,97
DA:131,97
DA:134,97
DA:136,97
DA:137,22
DA:138,22
DA:139,22
DA:142,22
DA:143,22
DA:146,22
DA:147,21
DA:149,21
DA:160,1
DA:161,1
DA:163,22
DA:166,22
DA:167,21
DA:169,21
DA:180,1
DA:181,1
DA:183,22
DA:186,22
DA:189,97
DA:190,7
DA:194,97
DA:195,97
DA:196,97
DA:198,97
DA:250,3
DA:263,1
DA:264,48
DA:311,1
DA:312,79
DA:313,79
DA:315,79
DA:322,79
DA:323,22
DA:327,1
DA:328,3
DA:335,57
DA:336,57
DA:337,12
DA:348,48
DA:353,2
DA:359,7
DA:367,1
DA:373,28
DA:379,7
DA:385,21
DA:395,28
DA:407,30
DA:413,90
DA:417,90
DA:425,1
DA:429,57
DA:433,228
DA:450,22
LF:85
LH:74
BRDA:5,0,0,1
BRDA:5,0,1,1
BRDA:9,1,0,10
BRDA:9,1,1,2
BRDA:9,1,2,0
BRDA:9,1,3,0
BRDA:9,1,4,0
BRDA:9,1,5,0
BRDA:9,1,6,0
BRDA:9,1,7,0
BRDA:9,1,8,0
BRDA:9,1,9,0
BRDA:9,1,10,0
BRDA:9,1,11,0
BRDA:9,1,12,0
BRDA:29,2,0,7
BRDA:29,2,1,13
BRDA:39,3,0,19
BRDA:39,3,1,1
BRDA:74,4,0,90
BRDA:74,4,1,60
BRDA:85,5,0,40
BRDA:85,5,1,20
BRDA:142,6,0,22
BRDA:142,6,1,4
BRDA:142,7,0,18
BRDA:142,7,1,4
BRDA:153,8,0,11
BRDA:153,8,1,0
BRDA:153,8,2,0
BRDA:155,9,0,11
BRDA:155,9,1,1
BRDA:155,9,2,1
BRDA:173,10,0,1
BRDA:173,10,1,0
BRDA:173,10,2,0
BRDA:175,11,0,1
BRDA:175,11,1,0
BRDA:175,11,2,0
BRDA:190,12,0,1
BRDA:190,12,1,6
BRDA:265,13,0,1
BRDA:265,13,1,47
BRDA:271,14,0,1
BRDA:271,14,1,47
BRDA:272,15,0,1
BRDA:272,15,1,47
BRDA:288,16,0,1
BRDA:288,16,1,47
BRDA:295,17,0,48
BRDA:295,17,1,1
BRDA:322,18,0,22
BRDA:322,18,1,57
BRDA:324,19,0,0
BRDA:324,19,1,22
BRDA:336,20,0,12
BRDA:336,20,1,7
BRDA:336,20,2,7
BRDA:336,20,3,30
BRDA:336,20,4,1
BRDA:373,21,0,7
BRDA:373,21,1,21
BRDA:385,22,0,1
BRDA:385,22,1,20
BRDA:395,23,0,1
BRDA:395,23,1,27
BRDA:401,24,0,28
BRDA:401,24,1,1
BRDA:413,25,0,20
BRDA:413,25,1,70
BRDA:417,26,0,30
BRDA:417,26,1,60
BRDA:418,27,0,30
BRDA:418,27,1,60
BRDA:418,28,0,30
BRDA:418,28,1,30
BRDA:420,29,0,90
BRDA:420,29,1,30
BRDA:430,30,0,1
BRDA:430,30,1,56
BRDA:434,31,0,56
BRDA:434,31,1,172
BRDA:434,32,0,115
BRDA:434,32,1,113
BRDA:435,33,0,115
BRDA:435,33,1,113
BRDA:450,34,0,22
BRDA:450,34,1,27
BRDA:452,35,0,30
BRDA:452,35,1,27
BRF:90
BRH:72
end_of_record
TN:
SF:src\features\wizard\component-fullscreen\wizard.css
FNF:0
FNH:0
LF:0
LH:0
BRF:0
BRH:0
end_of_record
TN:
SF:src\features\wizard\components\WizardSidebar.css
FNF:0
FNH:0
LF:0
LH:0
BRF:0
BRH:0
end_of_record
TN:
SF:src\features\wizard\components\WizardSidebar.jsx
FN:29,(anonymous_0)
FN:34,(anonymous_1)
FN:48,(anonymous_2)
FN:56,(anonymous_3)
FN:59,(anonymous_4)
FN:63,(anonymous_5)
FN:76,(anonymous_6)
FN:77,(anonymous_7)
FN:107,(anonymous_8)
FN:118,(anonymous_9)
FN:128,(anonymous_10)
FN:133,(anonymous_11)
FN:139,(anonymous_12)
FN:148,(anonymous_13)
FN:148,(anonymous_14)
FN:154,(anonymous_15)
FN:157,(anonymous_16)
FN:157,(anonymous_17)
FN:166,(anonymous_18)
FN:169,(anonymous_19)
FNF:20
FNH:19
FNDA:12,(anonymous_0)
FNDA:255,(anonymous_1)
FNDA:16,(anonymous_2)
FNDA:2,(anonymous_3)
FNDA:135,(anonymous_4)
FNDA:1,(anonymous_5)
FNDA:60,(anonymous_6)
FNDA:1,(anonymous_7)
FNDA:1,(anonymous_8)
FNDA:1,(anonymous_9)
FNDA:90,(anonymous_10)
FNDA:1,(anonymous_11)
FNDA:0,(anonymous_12)
FNDA:75,(anonymous_13)
FNDA:1,(anonymous_14)
FNDA:2,(anonymous_15)
FNDA:2,(anonymous_16)
FNDA:1,(anonymous_17)
FNDA:5,(anonymous_18)
FNDA:1,(anonymous_19)
DA:5,1
DA:6,1
DA:7,1
DA:9,1
DA:14,1
DA:29,1
DA:30,12
DA:31,12
DA:34,1
DA:35,255
DA:48,1
DA:54,16
DA:56,16
DA:58,16
DA:59,16
DA:60,135
DA:63,16
DA:64,1
DA:67,16
DA:77,60
DA:108,1
DA:109,1
DA:119,1
DA:120,1
DA:129,90
DA:133,1
DA:139,0
DA:148,75
DA:154,2
DA:157,2
DA:167,5
DA:169,1
LF:32
LH:31
BRDA:30,0,0,6
BRDA:30,0,1,6
BRDA:38,1,0,255
BRDA:38,1,1,3
BRDA:60,2,0,135
BRDA:60,2,1,119
BRDA:60,2,2,2
BRDA:64,3,0,1
BRDA:64,3,1,0
BRDA:77,4,0,5
BRDA:77,4,1,55
BRDA:135,5,0,90
BRDA:135,5,1,90
BRDA:155,6,0,16
BRDA:155,6,1,2
BRDA:164,7,0,4
BRDA:164,7,1,11
BRDA:173,8,0,11
BRDA:173,8,1,6
BRF:19
BRH:18
end_of_record
TN:
SF:src\pages\ArticleDetailPage.jsx
FN:34,parseDate
FN:43,formatDate
FN:52,formatRelativeDate
FN:65,extractPriceLabel
FN:83,formatPrice
FN:94,getArticleTopics
FN:97,(anonymous_6)
FN:98,(anonymous_7)
FN:99,(anonymous_8)
FN:102,estimateReadingTime
FN:107,splitIntoParagraphs
FN:113,(anonymous_11)
FN:117,buildExcerpt
FN:124,ArticleDetailPage
FN:140,(anonymous_14)
FN:145,(anonymous_15)
FN:154,(anonymous_16)
FN:171,(anonymous_17)
FN:177,(anonymous_18)
FN:204,(anonymous_19)
FN:250,(anonymous_20)
FN:262,(anonymous_21)
FN:298,(anonymous_22)
FN:328,(anonymous_23)
FN:336,(anonymous_24)
FN:397,(anonymous_25)
FNF:26
FNH:24
FNDA:34,parseDate
FNDA:18,formatDate
FNDA:12,formatRelativeDate
FNDA:2,extractPriceLabel
FNDA:2,formatPrice
FNDA:2,getArticleTopics
FNDA:20,(anonymous_6)
FNDA:54,(anonymous_7)
FNDA:8,(anonymous_8)
FNDA:2,estimateReadingTime
FNDA:2,splitIntoParagraphs
FNDA:4,(anonymous_11)
FNDA:2,buildExcerpt
FNDA:11,ArticleDetailPage
FNDA:3,(anonymous_14)
FNDA:5,(anonymous_15)
FNDA:3,(anonymous_16)
FNDA:3,(anonymous_17)
FNDA:2,(anonymous_18)
FNDA:5,(anonymous_19)
FNDA:1,(anonymous_20)
FNDA:0,(anonymous_21)
FNDA:0,(anonymous_22)
FNDA:36,(anonymous_23)
FNDA:12,(anonymous_24)
FNDA:36,(anonymous_25)
DA:18,1
DA:19,1
DA:21,1
DA:35,34
DA:36,34
DA:37,0
DA:38,0
DA:40,34
DA:44,18
DA:45,18
DA:46,18
DA:47,18
DA:53,12
DA:54,12
DA:55,12
DA:56,12
DA:57,12
DA:58,12
DA:59,12
DA:60,12
DA:61,0
DA:62,0
DA:66,2
DA:67,2
DA:71,2
DA:72,2
DA:75,0
DA:76,0
DA:77,0
DA:80,0
DA:84,2
DA:86,2
DA:87,2
DA:88,0
DA:91,2
DA:95,2
DA:97,2
DA:98,54
DA:99,8
DA:103,2
DA:104,2
DA:108,2
DA:109,2
DA:111,2
DA:113,4
DA:118,2
DA:119,2
DA:120,2
DA:121,0
DA:125,11
DA:126,11
DA:127,11
DA:131,11
DA:132,11
DA:133,11
DA:134,11
DA:135,11
DA:136,11
DA:137,11
DA:138,11
DA:140,11
DA:141,3
DA:142,3
DA:145,11
DA:146,5
DA:147,3
DA:148,3
DA:151,2
DA:154,11
DA:155,3
DA:156,3
DA:157,3
DA:158,3
DA:159,2
DA:160,2
DA:161,2
DA:162,2
DA:165,0
DA:167,3
DA:171,11
DA:173,3
DA:174,3
DA:177,11
DA:178,2
DA:179,1
DA:180,1
DA:183,1
DA:184,1
DA:185,1
DA:193,1
DA:194,1
DA:195,1
DA:196,1
DA:197,1
DA:200,0
DA:204,11
DA:205,5
DA:207,2
DA:208,2
DA:209,5
DA:210,5
DA:211,5
DA:212,5
DA:213,5
DA:219,5
DA:226,5
DA:239,11
DA:240,3
DA:243,8
DA:244,2
DA:247,6
DA:250,1
DA:262,0
DA:298,0
DA:329,36
DA:337,12
DA:398,36
LF:117
LH:103
BRDA:35,0,0,0
BRDA:35,0,1,34
BRDA:36,1,0,0
BRDA:36,1,1,34
BRDA:37,2,0,0
BRDA:37,3,0,0
BRDA:43,4,0,18
BRDA:44,5,0,0
BRDA:44,5,1,18
BRDA:46,6,0,0
BRDA:46,6,1,18
BRDA:46,7,0,18
BRDA:46,7,1,18
BRDA:53,8,0,0
BRDA:53,8,1,12
BRDA:55,9,0,0
BRDA:55,9,1,12
BRDA:55,10,0,12
BRDA:55,10,1,12
BRDA:58,11,0,0
BRDA:58,11,1,12
BRDA:59,12,0,0
BRDA:59,12,1,12
BRDA:60,13,0,12
BRDA:60,13,1,0
BRDA:61,14,0,0
BRDA:61,14,1,0
BRDA:65,15,0,2
BRDA:71,16,0,2
BRDA:71,16,1,0
BRDA:76,17,0,0
BRDA:76,17,1,0
BRDA:84,18,0,0
BRDA:84,18,1,2
BRDA:87,19,0,0
BRDA:87,19,1,2
BRDA:87,20,0,2
BRDA:87,20,1,2
BRDA:95,21,0,2
BRDA:95,21,1,0
BRDA:95,22,0,2
BRDA:95,22,1,0
BRDA:102,23,0,2
BRDA:107,24,0,2
BRDA:109,25,0,0
BRDA:109,25,1,2
BRDA:117,26,0,2
BRDA:119,27,0,0
BRDA:119,27,1,2
BRDA:120,28,0,2
BRDA:120,28,1,0
BRDA:146,29,0,3
BRDA:146,29,1,2
BRDA:158,30,0,2
BRDA:158,30,1,1
BRDA:161,31,0,2
BRDA:161,31,1,0
BRDA:162,32,0,2
BRDA:162,32,1,0
BRDA:178,33,0,1
BRDA:178,33,1,1
BRDA:193,34,0,1
BRDA:193,34,1,0
BRDA:205,35,0,3
BRDA:205,35,1,2
BRDA:208,36,0,2
BRDA:208,36,1,0
BRDA:208,37,0,5
BRDA:208,37,1,0
BRDA:209,38,0,5
BRDA:209,38,1,0
BRDA:214,39,0,5
BRDA:214,39,1,2
BRDA:214,39,2,2
BRDA:221,40,0,2
BRDA:221,40,1,0
BRDA:222,41,0,2
BRDA:222,41,1,0
BRDA:222,42,0,0
BRDA:222,42,1,2
BRDA:223,43,0,2
BRDA:223,43,1,0
BRDA:235,44,0,5
BRDA:235,44,1,0
BRDA:239,45,0,3
BRDA:239,45,1,8
BRDA:243,46,0,2
BRDA:243,46,1,6
BRDA:248,47,0,0
BRDA:248,47,1,6
BRDA:259,48,0,6
BRDA:259,48,1,0
BRDA:264,49,0,0
BRDA:264,49,1,0
BRDA:268,50,0,11
BRDA:268,50,1,0
BRDA:271,51,0,6
BRDA:271,51,1,0
BRDA:277,52,0,11
BRDA:277,52,1,0
BRDA:285,53,0,6
BRDA:285,53,1,0
BRDA:303,54,0,6
BRDA:303,54,1,0
BRDA:318,55,0,11
BRDA:318,55,1,0
BRDA:322,56,0,11
BRDA:322,56,1,0
BRDA:326,57,0,6
BRDA:326,57,1,0
BRDA:335,58,0,6
BRDA:335,58,1,0
BRDA:348,59,0,1
BRDA:348,59,1,5
BRDA:349,60,0,1
BRDA:349,60,1,5
BRDA:349,61,0,1
BRDA:349,61,1,5
BRDA:366,62,0,11
BRDA:366,62,1,0
BRDA:370,63,0,11
BRDA:370,63,1,0
BRDA:374,64,0,11
BRDA:374,64,1,0
BRDA:378,65,0,11
BRDA:378,65,1,0
BRDA:387,66,0,6
BRDA:387,66,1,0
BRDA:396,67,0,6
BRDA:396,67,1,0
BRF:130
BRH:77
end_of_record
TN:
SF:src\pages\BuilderPage.jsx
FN:10,BuilderPage
FN:15,(anonymous_1)
FN:16,(anonymous_2)
FN:18,(anonymous_3)
FN:23,(anonymous_4)
FN:32,(anonymous_5)
FN:49,(anonymous_6)
FN:57,(anonymous_7)
FN:66,(anonymous_8)
FNF:9
FNH:9
FNDA:9,BuilderPage
FNDA:26,(anonymous_1)
FNDA:26,(anonymous_2)
FNDA:3,(anonymous_3)
FNDA:2,(anonymous_4)
FNDA:2,(anonymous_5)
FNDA:1,(anonymous_6)
FNDA:1,(anonymous_7)
FNDA:2,(anonymous_8)
DA:11,9
DA:12,9
DA:13,9
DA:14,9
DA:15,26
DA:16,26
DA:18,9
DA:19,3
DA:20,3
DA:23,9
DA:24,2
DA:25,2
DA:26,2
DA:27,1
DA:29,1
DA:32,2
DA:33,2
DA:37,9
DA:44,9
DA:50,1
DA:51,1
DA:57,1
DA:66,2
LF:23
LH:23
BRDA:10,0,0,9
BRDA:13,1,0,4
BRDA:13,1,1,5
BRDA:20,2,0,1
BRDA:20,2,1,2
BRDA:26,3,0,1
BRDA:26,3,1,1
BRDA:38,4,0,6
BRDA:38,4,1,3
BRDA:39,5,0,6
BRDA:39,5,1,3
BRDA:40,6,0,6
BRDA:40,6,1,3
BRDA:41,7,0,6
BRDA:41,7,1,3
BRDA:46,8,0,4
BRDA:46,8,1,5
BRF:17
BRH:17
end_of_record
TN:
SF:src\pages\CatalogPage.jsx
FN:5,CatalogPage
FN:21,(anonymous_1)
FN:22,(anonymous_2)
FN:46,(anonymous_3)
FN:53,(anonymous_4)
FN:59,(anonymous_5)
FN:60,(anonymous_6)
FN:64,(anonymous_7)
FN:73,(anonymous_8)
FN:74,(anonymous_9)
FN:118,(anonymous_10)
FN:145,(anonymous_11)
FN:150,(anonymous_12)
FN:155,(anonymous_13)
FN:160,(anonymous_14)
FN:168,(anonymous_15)
FN:190,(anonymous_16)
FN:198,(anonymous_17)
FN:214,(anonymous_18)
FNF:19
FNH:12
FNDA:22,CatalogPage
FNDA:8,(anonymous_1)
FNDA:8,(anonymous_2)
FNDA:1,(anonymous_3)
FNDA:0,(anonymous_4)
FNDA:7,(anonymous_5)
FNDA:7,(anonymous_6)
FNDA:1,(anonymous_7)
FNDA:22,(anonymous_8)
FNDA:15,(anonymous_9)
FNDA:1,(anonymous_10)
FNDA:0,(anonymous_11)
FNDA:1,(anonymous_12)
FNDA:0,(anonymous_13)
FNDA:0,(anonymous_14)
FNDA:0,(anonymous_15)
FNDA:0,(anonymous_16)
FNDA:0,(anonymous_17)
FNDA:26,(anonymous_18)
DA:6,22
DA:7,22
DA:8,22
DA:9,22
DA:10,22
DA:11,22
DA:12,22
DA:19,22
DA:21,22
DA:22,8
DA:23,8
DA:25,8
DA:27,8
DA:28,8
DA:29,8
DA:30,8
DA:31,1
DA:46,1
DA:47,1
DA:48,1
DA:52,8
DA:53,0
DA:54,0
DA:58,8
DA:59,7
DA:61,7
DA:62,7
DA:65,1
DA:66,1
DA:70,8
DA:73,22
DA:74,22
DA:75,15
DA:76,15
DA:78,14
DA:79,14
DA:81,1
DA:82,1
DA:84,0
DA:85,0
DA:87,0
DA:88,0
DA:90,0
DA:92,15
DA:96,22
DA:98,22
DA:118,1
DA:145,0
DA:150,1
DA:155,0
DA:160,0
DA:168,0
DA:190,0
DA:198,0
DA:215,26
LF:55
LH:42
BRDA:29,0,0,1
BRDA:29,0,1,7
BRDA:30,1,0,1
BRDA:30,1,1,7
BRDA:48,2,0,1
BRDA:48,2,1,0
BRDA:52,3,0,0
BRDA:52,3,1,8
BRDA:76,4,0,14
BRDA:76,4,1,1
BRDA:76,4,2,0
BRDA:76,4,3,0
BRDA:76,4,4,0
BRDA:81,5,0,1
BRDA:81,5,1,0
BRDA:81,6,0,1
BRDA:81,6,1,0
BRDA:84,7,0,0
BRDA:84,7,1,0
BRDA:84,8,0,0
BRDA:84,8,1,0
BRDA:87,9,0,0
BRDA:87,9,1,0
BRDA:87,10,0,0
BRDA:87,10,1,0
BRDA:92,11,0,15
BRDA:92,11,1,0
BRDA:168,12,0,0
BRDA:168,12,1,0
BRDA:169,13,0,22
BRDA:169,13,1,0
BRDA:172,14,0,22
BRDA:172,14,1,0
BRDA:188,15,0,0
BRDA:188,15,1,22
BRDA:189,16,0,0
BRDA:189,16,1,22
BRDA:196,17,0,22
BRDA:196,17,1,0
BRDA:197,18,0,22
BRDA:197,18,1,0
BRDA:208,19,0,22
BRDA:208,19,1,0
BRDA:209,20,0,8
BRDA:209,20,1,14
BRDA:211,21,0,1
BRDA:211,21,1,13
BRF:47
BRH:22
end_of_record
TN:
SF:src\pages\CommunityPage.jsx
FN:26,parseDate
FN:35,formatDate
FN:48,renderSidebar
FN:67,(anonymous_3)
FN:75,(anonymous_4)
FN:100,(anonymous_5)
FN:108,(anonymous_6)
FN:116,(anonymous_7)
FN:131,(anonymous_8)
FN:139,(anonymous_9)
FN:155,(anonymous_10)
FN:159,(anonymous_11)
FN:164,(anonymous_12)
FN:177,(anonymous_13)
FN:180,(anonymous_14)
FN:183,(anonymous_15)
FN:192,CommunityPage
FN:229,(anonymous_17)
FN:232,(anonymous_18)
FN:234,(anonymous_19)
FN:240,(anonymous_20)
FN:247,(anonymous_21)
FN:252,(anonymous_22)
FN:252,(anonymous_23)
FN:258,(anonymous_24)
FN:260,(anonymous_25)
FN:263,(anonymous_26)
FN:269,(anonymous_27)
FN:276,(anonymous_28)
FN:278,(anonymous_29)
FN:279,(anonymous_30)
FN:282,(anonymous_31)
FN:288,(anonymous_32)
FN:290,(anonymous_33)
FN:290,(anonymous_34)
FN:291,(anonymous_35)
FN:295,(anonymous_36)
FN:303,(anonymous_37)
FN:304,(anonymous_38)
FN:310,(anonymous_39)
FN:316,(anonymous_40)
FN:328,(anonymous_41)
FN:340,(anonymous_42)
FN:341,(anonymous_43)
FN:349,(anonymous_44)
FN:377,(anonymous_45)
FN:396,(anonymous_46)
FN:397,(anonymous_47)
FN:409,(anonymous_48)
FN:422,(anonymous_49)
FN:427,(anonymous_50)
FN:439,(anonymous_51)
FN:447,(anonymous_52)
FN:452,(anonymous_53)
FN:462,(anonymous_54)
FN:468,(anonymous_55)
FN:480,(anonymous_56)
FN:486,(anonymous_57)
FN:493,(anonymous_58)
FN:498,(anonymous_59)
FN:505,(anonymous_60)
FN:510,(anonymous_61)
FN:517,(anonymous_62)
FN:522,(anonymous_63)
FN:531,(anonymous_64)
FN:535,(anonymous_65)
FN:539,(anonymous_66)
FN:580,(anonymous_67)
FN:620,(anonymous_68)
FN:625,(anonymous_69)
FN:630,(anonymous_70)
FN:643,(anonymous_71)
FN:661,(anonymous_72)
FN:675,(anonymous_73)
FN:683,(anonymous_74)
FN:689,(anonymous_75)
FN:703,(anonymous_76)
FN:711,(anonymous_77)
FN:729,(anonymous_78)
FN:738,(anonymous_79)
FN:751,(anonymous_80)
FN:773,(anonymous_81)
FN:781,(anonymous_82)
FN:807,(anonymous_83)
FN:819,(anonymous_84)
FN:827,(anonymous_85)
FN:846,(anonymous_86)
FN:857,(anonymous_87)
FN:866,(anonymous_88)
FN:870,(anonymous_89)
FN:885,(anonymous_90)
FN:893,(anonymous_91)
FN:912,(anonymous_92)
FN:933,(anonymous_93)
FN:934,(anonymous_94)
FN:937,(anonymous_95)
FN:945,(anonymous_96)
FN:946,(anonymous_97)
FN:954,(anonymous_98)
FN:962,(anonymous_99)
FN:964,(anonymous_100)
FN:974,(anonymous_101)
FN:975,(anonymous_102)
FN:983,(anonymous_103)
FNF:104
FNH:77
FNDA:202,parseDate
FNDA:202,formatDate
FNDA:79,renderSidebar
FNDA:0,(anonymous_3)
FNDA:1,(anonymous_4)
FNDA:0,(anonymous_5)
FNDA:1,(anonymous_6)
FNDA:1,(anonymous_7)
FNDA:0,(anonymous_8)
FNDA:1,(anonymous_9)
FNDA:0,(anonymous_10)
FNDA:24,(anonymous_11)
FNDA:1,(anonymous_12)
FNDA:1,(anonymous_13)
FNDA:0,(anonymous_14)
FNDA:0,(anonymous_15)
FNDA:77,CommunityPage
FNDA:41,(anonymous_17)
FNDA:2,(anonymous_18)
FNDA:1,(anonymous_19)
FNDA:17,(anonymous_20)
FNDA:2,(anonymous_21)
FNDA:44,(anonymous_22)
FNDA:6,(anonymous_23)
FNDA:22,(anonymous_24)
FNDA:1,(anonymous_25)
FNDA:1,(anonymous_26)
FNDA:9,(anonymous_27)
FNDA:28,(anonymous_28)
FNDA:6,(anonymous_29)
FNDA:8,(anonymous_30)
FNDA:5,(anonymous_31)
FNDA:20,(anonymous_32)
FNDA:19,(anonymous_33)
FNDA:27,(anonymous_34)
FNDA:27,(anonymous_35)
FNDA:10,(anonymous_36)
FNDA:0,(anonymous_37)
FNDA:0,(anonymous_38)
FNDA:10,(anonymous_39)
FNDA:18,(anonymous_40)
FNDA:8,(anonymous_41)
FNDA:7,(anonymous_42)
FNDA:7,(anonymous_43)
FNDA:10,(anonymous_44)
FNDA:8,(anonymous_45)
FNDA:7,(anonymous_46)
FNDA:7,(anonymous_47)
FNDA:10,(anonymous_48)
FNDA:10,(anonymous_49)
FNDA:10,(anonymous_50)
FNDA:10,(anonymous_51)
FNDA:10,(anonymous_52)
FNDA:10,(anonymous_53)
FNDA:0,(anonymous_54)
FNDA:0,(anonymous_55)
FNDA:0,(anonymous_56)
FNDA:0,(anonymous_57)
FNDA:0,(anonymous_58)
FNDA:0,(anonymous_59)
FNDA:0,(anonymous_60)
FNDA:0,(anonymous_61)
FNDA:1,(anonymous_62)
FNDA:2,(anonymous_63)
FNDA:1,(anonymous_64)
FNDA:1,(anonymous_65)
FNDA:3,(anonymous_66)
FNDA:3,(anonymous_67)
FNDA:202,(anonymous_68)
FNDA:202,(anonymous_69)
FNDA:606,(anonymous_70)
FNDA:4,(anonymous_71)
FNDA:2,(anonymous_72)
FNDA:3,(anonymous_73)
FNDA:0,(anonymous_74)
FNDA:3,(anonymous_75)
FNDA:103,(anonymous_76)
FNDA:1,(anonymous_77)
FNDA:1,(anonymous_78)
FNDA:3,(anonymous_79)
FNDA:1,(anonymous_80)
FNDA:2,(anonymous_81)
FNDA:0,(anonymous_82)
FNDA:0,(anonymous_83)
FNDA:99,(anonymous_84)
FNDA:1,(anonymous_85)
FNDA:0,(anonymous_86)
FNDA:0,(anonymous_87)
FNDA:144,(anonymous_88)
FNDA:1,(anonymous_89)
FNDA:1,(anonymous_90)
FNDA:1,(anonymous_91)
FNDA:1,(anonymous_92)
FNDA:0,(anonymous_93)
FNDA:2,(anonymous_94)
FNDA:1,(anonymous_95)
FNDA:1,(anonymous_96)
FNDA:0,(anonymous_97)
FNDA:0,(anonymous_98)
FNDA:0,(anonymous_99)
FNDA:0,(anonymous_100)
FNDA:0,(anonymous_101)
FNDA:2,(anonymous_102)
FNDA:2,(anonymous_103)
DA:27,202
DA:28,198
DA:29,42
DA:30,42
DA:32,156
DA:36,202
DA:37,202
DA:38,194
DA:62,79
DA:67,0
DA:75,1
DA:100,0
DA:108,1
DA:116,1
DA:131,0
DA:139,1
DA:155,0
DA:160,24
DA:164,1
DA:177,1
DA:180,0
DA:183,0
DA:193,77
DA:194,77
DA:195,77
DA:196,77
DA:197,77
DA:198,77
DA:199,77
DA:200,77
DA:201,77
DA:202,77
DA:203,77
DA:204,77
DA:205,77
DA:206,77
DA:207,77
DA:208,77
DA:209,77
DA:210,77
DA:211,77
DA:212,77
DA:213,77
DA:214,77
DA:217,77
DA:229,77
DA:231,41
DA:232,2
DA:233,39
DA:234,1
DA:235,1
DA:236,1
DA:237,1
DA:240,38
DA:241,17
DA:242,17
DA:243,17
DA:246,41
DA:247,2
DA:251,77
DA:252,44
DA:258,77
DA:259,22
DA:260,1
DA:262,21
DA:263,1
DA:264,1
DA:265,1
DA:266,1
DA:269,20
DA:270,9
DA:271,9
DA:272,9
DA:276,77
DA:277,28
DA:278,6
DA:279,8
DA:282,28
DA:288,77
DA:289,20
DA:290,27
DA:291,27
DA:295,77
DA:296,10
DA:297,0
DA:298,0
DA:299,0
DA:300,0
DA:301,0
DA:303,0
DA:304,0
DA:310,77
DA:311,10
DA:312,10
DA:313,10
DA:316,77
DA:317,18
DA:318,10
DA:319,10
DA:320,10
DA:323,8
DA:324,8
DA:325,8
DA:328,77
DA:329,8
DA:330,8
DA:331,8
DA:332,7
DA:335,7
DA:336,7
DA:337,7
DA:338,8
DA:340,7
DA:341,7
DA:343,8
DA:345,0
DA:349,77
DA:353,10
DA:354,10
DA:355,8
DA:356,8
DA:358,2
DA:359,2
DA:377,77
DA:378,8
DA:379,8
DA:380,8
DA:381,1
DA:382,1
DA:384,7
DA:393,7
DA:394,8
DA:396,8
DA:397,8
DA:399,8
DA:404,0
DA:405,0
DA:409,77
DA:410,10
DA:411,10
DA:412,10
DA:413,10
DA:414,10
DA:415,10
DA:422,10
DA:423,10
DA:424,19
DA:425,10
DA:427,10
DA:428,10
DA:429,19
DA:430,10
DA:433,0
DA:435,10
DA:439,77
DA:440,10
DA:441,10
DA:442,10
DA:443,10
DA:444,10
DA:447,10
DA:448,10
DA:449,19
DA:450,10
DA:452,10
DA:453,10
DA:454,19
DA:455,10
DA:458,0
DA:462,77
DA:463,0
DA:464,0
DA:465,0
DA:466,0
DA:467,0
DA:468,0
DA:472,0
DA:476,0
DA:480,77
DA:481,0
DA:482,0
DA:483,0
DA:484,0
DA:485,0
DA:486,0
DA:489,0
DA:493,77
DA:494,0
DA:495,0
DA:496,0
DA:497,0
DA:498,0
DA:501,0
DA:505,77
DA:506,0
DA:507,0
DA:508,0
DA:509,0
DA:510,0
DA:513,0
DA:517,77
DA:518,1
DA:519,1
DA:522,77
DA:523,2
DA:528,2
DA:531,77
DA:532,1
DA:535,77
DA:536,1
DA:539,77
DA:540,3
DA:541,1
DA:542,1
DA:545,2
DA:546,2
DA:547,2
DA:548,1
DA:549,1
DA:552,1
DA:560,1
DA:561,1
DA:562,1
DA:563,0
DA:565,1
DA:567,1
DA:568,0
DA:569,0
DA:570,0
DA:571,0
DA:573,0
DA:576,0
DA:580,77
DA:581,3
DA:582,1
DA:583,1
DA:586,2
DA:587,2
DA:588,2
DA:592,3
DA:600,2
DA:601,2
DA:602,2
DA:605,2
DA:606,2
DA:607,2
DA:608,2
DA:611,2
DA:612,2
DA:613,2
DA:616,0
DA:620,77
DA:621,202
DA:622,202
DA:625,77
DA:626,202
DA:627,202
DA:630,77
DA:631,606
DA:632,606
DA:635,77
DA:643,4
DA:661,2
DA:675,3
DA:683,0
DA:689,3
DA:704,103
DA:711,1
DA:729,1
DA:738,3
DA:751,1
DA:773,2
DA:781,0
DA:807,0
DA:820,99
DA:827,1
DA:846,0
DA:857,0
DA:867,144
DA:871,1
DA:872,1
DA:885,1
DA:893,1
DA:912,1
DA:933,0
DA:934,2
DA:937,1
DA:945,1
DA:946,0
DA:954,0
DA:962,0
DA:974,0
DA:976,2
DA:977,2
DA:978,1
DA:979,1
DA:981,1
DA:984,2
DA:985,2
DA:986,1
DA:987,1
DA:989,1
LF:302
LH:239
BRDA:27,0,0,4
BRDA:27,0,1,198
BRDA:28,1,0,42
BRDA:28,1,1,156
BRDA:29,2,0,42
BRDA:29,3,0,42
BRDA:37,4,0,8
BRDA:37,4,1,194
BRDA:37,5,0,202
BRDA:37,5,1,198
BRDA:70,6,0,4
BRDA:70,6,1,75
BRDA:78,7,0,75
BRDA:78,7,1,26
BRDA:82,8,0,79
BRDA:82,8,1,30
BRDA:99,9,0,73
BRDA:99,9,1,6
BRDA:107,10,0,4
BRDA:107,10,1,75
BRDA:115,11,0,2
BRDA:115,11,1,77
BRDA:124,12,0,79
BRDA:124,12,1,70
BRDA:130,13,0,69
BRDA:130,13,1,1
BRDA:138,14,0,1
BRDA:138,14,1,69
BRDA:148,15,0,79
BRDA:148,15,1,9
BRDA:148,15,2,8
BRDA:154,16,0,4
BRDA:154,16,1,4
BRDA:163,17,0,4
BRDA:163,17,1,20
BRDA:164,18,0,0
BRDA:164,18,1,1
BRDA:231,19,0,2
BRDA:231,19,1,39
BRDA:232,20,0,2
BRDA:232,20,1,0
BRDA:232,21,0,2
BRDA:232,21,1,0
BRDA:233,22,0,1
BRDA:233,22,1,38
BRDA:235,23,0,1
BRDA:235,23,1,0
BRDA:236,24,0,1
BRDA:236,24,1,0
BRDA:241,25,0,17
BRDA:241,25,1,0
BRDA:242,26,0,17
BRDA:242,26,1,0
BRDA:246,27,0,1
BRDA:246,27,1,40
BRDA:259,28,0,1
BRDA:259,28,1,21
BRDA:260,29,0,1
BRDA:260,29,1,0
BRDA:260,30,0,1
BRDA:260,30,1,0
BRDA:262,31,0,1
BRDA:262,31,1,20
BRDA:264,32,0,1
BRDA:264,32,1,0
BRDA:265,33,0,1
BRDA:265,33,1,0
BRDA:270,34,0,9
BRDA:270,34,1,0
BRDA:271,35,0,9
BRDA:271,35,1,0
BRDA:277,36,0,3
BRDA:277,36,1,25
BRDA:279,37,0,6
BRDA:279,37,1,0
BRDA:290,38,0,19
BRDA:290,38,1,0
BRDA:296,39,0,0
BRDA:296,39,1,10
BRDA:298,40,0,0
BRDA:298,40,1,0
BRDA:300,41,0,0
BRDA:300,41,1,0
BRDA:301,42,0,0
BRDA:301,42,1,0
BRDA:317,43,0,10
BRDA:317,43,1,8
BRDA:331,44,0,1
BRDA:331,44,1,7
BRDA:335,45,0,0
BRDA:335,45,1,7
BRDA:337,46,0,7
BRDA:337,46,1,0
BRDA:337,46,2,0
BRDA:340,47,0,7
BRDA:340,47,1,0
BRDA:340,47,2,0
BRDA:354,48,0,8
BRDA:354,48,1,2
BRDA:380,49,0,1
BRDA:380,49,1,7
BRDA:393,50,0,7
BRDA:393,50,1,0
BRDA:393,51,0,7
BRDA:393,51,1,0
BRDA:394,52,0,7
BRDA:394,52,1,0
BRDA:394,53,0,7
BRDA:394,53,1,0
BRDA:396,54,0,7
BRDA:396,54,1,0
BRDA:397,55,0,7
BRDA:397,55,1,0
BRDA:414,56,0,10
BRDA:414,56,1,0
BRDA:424,57,0,19
BRDA:424,57,1,0
BRDA:429,58,0,19
BRDA:429,58,1,0
BRDA:443,59,0,10
BRDA:443,59,1,0
BRDA:449,60,0,19
BRDA:449,60,1,0
BRDA:454,61,0,19
BRDA:454,61,1,0
BRDA:466,62,0,0
BRDA:466,62,1,0
BRDA:472,63,0,0
BRDA:472,63,1,0
BRDA:484,64,0,0
BRDA:484,64,1,0
BRDA:496,65,0,0
BRDA:496,65,1,0
BRDA:508,66,0,0
BRDA:508,66,1,0
BRDA:540,67,0,1
BRDA:540,67,1,2
BRDA:547,68,0,1
BRDA:547,68,1,1
BRDA:560,69,0,1
BRDA:560,69,1,0
BRDA:562,70,0,0
BRDA:562,70,1,1
BRDA:568,71,0,0
BRDA:568,71,1,0
BRDA:581,72,0,1
BRDA:581,72,1,2
BRDA:588,73,0,1
BRDA:588,73,1,1
BRDA:600,74,0,2
BRDA:600,74,1,0
BRDA:622,75,0,202
BRDA:622,75,1,8
BRDA:627,76,0,202
BRDA:627,76,1,54
BRDA:632,77,0,606
BRDA:632,77,1,537
BRDA:682,78,0,68
BRDA:682,78,1,9
BRDA:688,79,0,9
BRDA:688,79,1,68
BRDA:698,80,0,68
BRDA:698,80,1,9
BRDA:699,81,0,20
BRDA:699,81,1,57
BRDA:701,82,0,55
BRDA:701,82,1,2
BRDA:708,83,0,4
BRDA:708,83,1,99
BRDA:713,84,0,99
BRDA:713,84,1,0
BRDA:718,85,0,103
BRDA:718,85,1,4
BRDA:737,86,0,38
BRDA:737,86,1,65
BRDA:739,87,0,38
BRDA:739,87,1,65
BRDA:740,88,0,38
BRDA:740,88,1,65
BRDA:743,89,0,38
BRDA:743,89,1,65
BRDA:772,90,0,22
BRDA:772,90,1,81
BRDA:776,91,0,22
BRDA:776,91,1,81
BRDA:776,92,0,22
BRDA:776,92,1,81
BRDA:797,93,0,9
BRDA:797,93,1,68
BRDA:801,94,0,77
BRDA:801,94,1,4
BRDA:815,95,0,20
BRDA:815,95,1,57
BRDA:817,96,0,53
BRDA:817,96,1,4
BRDA:824,97,0,4
BRDA:824,97,1,95
BRDA:829,98,0,95
BRDA:829,98,1,0
BRDA:834,99,0,99
BRDA:834,99,1,4
BRDA:851,100,0,99
BRDA:851,100,1,0
BRDA:864,101,0,99
BRDA:864,101,1,99
BRDA:864,101,2,95
BRDA:869,102,0,3
BRDA:869,102,1,141
BRDA:872,103,0,0
BRDA:872,103,1,1
BRDA:884,104,0,1
BRDA:884,104,1,98
BRDA:888,105,0,1
BRDA:888,105,1,98
BRDA:888,106,0,1
BRDA:888,106,1,98
BRDA:906,107,0,1
BRDA:906,107,1,3
BRDA:909,108,0,4
BRDA:909,108,1,1
BRDA:932,109,0,77
BRDA:932,109,1,2
BRDA:977,110,0,1
BRDA:977,110,1,1
BRDA:985,111,0,1
BRDA:985,111,1,1
BRF:226
BRH:168
end_of_record
TN:
SF:src\pages\CreateArticlePage.jsx
FN:20,CreateArticlePage
FN:46,(anonymous_1)
FN:49,(anonymous_2)
FN:68,(anonymous_3)
FN:71,(anonymous_4)
FN:98,(anonymous_5)
FN:115,(anonymous_6)
FN:122,(anonymous_7)
FN:129,(anonymous_8)
FN:140,(anonymous_9)
FN:146,(anonymous_10)
FN:147,(anonymous_11)
FN:150,(anonymous_12)
FN:167,(anonymous_13)
FN:209,(anonymous_14)
FN:226,(anonymous_15)
FN:231,(anonymous_16)
FN:245,(anonymous_17)
FN:289,(anonymous_18)
FN:293,(anonymous_19)
FN:295,(anonymous_20)
FN:298,(anonymous_21)
FN:323,(anonymous_22)
FN:336,(anonymous_23)
FN:348,(anonymous_24)
FN:353,(anonymous_25)
FN:366,(anonymous_26)
FN:368,(anonymous_27)
FN:376,(anonymous_28)
FN:376,(anonymous_29)
FN:381,(anonymous_30)
FN:395,(anonymous_31)
FN:445,(anonymous_32)
FN:446,(anonymous_33)
FN:453,(anonymous_34)
FN:454,(anonymous_35)
FN:462,(anonymous_36)
FN:480,(anonymous_37)
FN:491,(anonymous_38)
FN:501,(anonymous_39)
FNF:40
FNH:31
FNDA:49,CreateArticlePage
FNDA:8,(anonymous_1)
FNDA:3,(anonymous_2)
FNDA:3,(anonymous_3)
FNDA:4,(anonymous_4)
FNDA:0,(anonymous_5)
FNDA:1,(anonymous_6)
FNDA:1,(anonymous_7)
FNDA:8,(anonymous_8)
FNDA:11,(anonymous_9)
FNDA:1,(anonymous_10)
FNDA:5,(anonymous_11)
FNDA:7,(anonymous_12)
FNDA:3,(anonymous_13)
FNDA:0,(anonymous_14)
FNDA:2,(anonymous_15)
FNDA:1,(anonymous_16)
FNDA:2,(anonymous_17)
FNDA:1,(anonymous_18)
FNDA:0,(anonymous_19)
FNDA:0,(anonymous_20)
FNDA:1,(anonymous_21)
FNDA:3,(anonymous_22)
FNDA:3,(anonymous_23)
FNDA:52,(anonymous_24)
FNDA:1,(anonymous_25)
FNDA:8,(anonymous_26)
FNDA:1,(anonymous_27)
FNDA:490,(anonymous_28)
FNDA:294,(anonymous_29)
FNDA:1,(anonymous_30)
FNDA:1,(anonymous_31)
FNDA:0,(anonymous_32)
FNDA:0,(anonymous_33)
FNDA:2,(anonymous_34)
FNDA:0,(anonymous_35)
FNDA:0,(anonymous_36)
FNDA:1,(anonymous_37)
FNDA:0,(anonymous_38)
FNDA:1,(anonymous_39)
DA:7,1
DA:21,49
DA:22,49
DA:23,49
DA:24,49
DA:25,49
DA:27,49
DA:28,49
DA:29,49
DA:30,49
DA:31,49
DA:32,49
DA:33,49
DA:34,49
DA:35,49
DA:36,49
DA:40,49
DA:41,49
DA:46,49
DA:47,8
DA:48,3
DA:49,3
DA:50,3
DA:51,3
DA:52,3
DA:53,1
DA:55,2
DA:56,2
DA:57,2
DA:58,3
DA:59,3
DA:60,3
DA:61,3
DA:63,1
DA:65,3
DA:68,3
DA:71,49
DA:72,4
DA:73,4
DA:74,1
DA:75,1
DA:77,3
DA:78,1
DA:79,1
DA:82,2
DA:83,2
DA:86,2
DA:87,2
DA:89,2
DA:90,2
DA:91,2
DA:93,2
DA:97,2
DA:98,1
DA:99,1
DA:101,1
DA:103,1
DA:104,1
DA:107,1
DA:108,1
DA:109,1
DA:111,2
DA:115,49
DA:116,1
DA:117,1
DA:118,1
DA:119,1
DA:122,49
DA:123,1
DA:124,0
DA:126,1
DA:129,49
DA:130,8
DA:131,8
DA:132,8
DA:133,0
DA:134,0
DA:136,8
DA:137,1
DA:138,1
DA:140,11
DA:141,6
DA:142,6
DA:143,6
DA:146,49
DA:147,5
DA:150,49
DA:151,7
DA:152,6
DA:153,6
DA:154,1
DA:155,1
DA:167,49
DA:168,3
DA:169,2
DA:170,0
DA:171,0
DA:173,2
DA:174,0
DA:175,0
DA:180,1
DA:181,0
DA:182,0
DA:186,3
DA:187,3
DA:189,3
DA:190,3
DA:192,3
DA:193,3
DA:195,3
DA:208,3
DA:209,0
DA:210,0
DA:217,3
DA:219,0
DA:220,0
DA:222,3
DA:226,49
DA:227,2
DA:228,2
DA:231,49
DA:232,1
DA:233,1
DA:240,49
DA:245,49
DA:246,2
DA:247,2
DA:249,0
DA:254,49
DA:259,49
DA:264,49
DA:266,49
DA:290,1
DA:291,1
DA:293,0
DA:295,0
DA:299,1
DA:300,1
DA:301,1
DA:323,3
DA:336,3
DA:349,52
DA:353,1
DA:366,8
DA:368,1
DA:376,490
DA:377,294
DA:381,1
DA:395,1
DA:445,0
DA:446,0
DA:453,2
DA:454,0
DA:462,0
DA:481,1
DA:482,1
DA:492,0
DA:493,0
DA:501,1
LF:159
LH:137
BRDA:47,0,0,5
BRDA:47,0,1,3
BRDA:52,1,0,1
BRDA:52,1,1,2
BRDA:56,2,0,0
BRDA:56,2,1,2
BRDA:57,3,0,2
BRDA:57,3,1,0
BRDA:58,4,0,3
BRDA:58,4,1,0
BRDA:59,5,0,3
BRDA:59,5,1,1
BRDA:60,6,0,2
BRDA:60,6,1,0
BRDA:61,7,0,3
BRDA:61,7,1,0
BRDA:63,8,0,1
BRDA:63,8,1,0
BRDA:63,9,0,1
BRDA:63,9,1,0
BRDA:65,10,0,3
BRDA:65,10,1,0
BRDA:72,11,0,0
BRDA:72,11,1,4
BRDA:73,12,0,1
BRDA:73,12,1,3
BRDA:77,13,0,1
BRDA:77,13,1,2
BRDA:97,14,0,1
BRDA:97,14,1,1
BRDA:99,15,0,1
BRDA:99,15,1,0
BRDA:99,16,0,0
BRDA:99,16,1,0
BRDA:109,17,0,1
BRDA:109,17,1,0
BRDA:119,18,0,1
BRDA:119,18,1,0
BRDA:123,19,0,0
BRDA:123,19,1,1
BRDA:123,20,0,1
BRDA:123,20,1,1
BRDA:131,21,0,0
BRDA:131,21,1,8
BRDA:132,22,0,0
BRDA:132,22,1,8
BRDA:136,23,0,1
BRDA:136,23,1,7
BRDA:140,24,0,1
BRDA:140,24,1,6
BRDA:151,25,0,6
BRDA:151,25,1,1
BRDA:151,26,0,7
BRDA:151,26,1,2
BRDA:154,27,0,1
BRDA:154,27,1,0
BRDA:154,28,0,1
BRDA:154,28,1,1
BRDA:154,28,2,1
BRDA:167,29,0,3
BRDA:167,30,0,3
BRDA:168,31,0,2
BRDA:168,31,1,1
BRDA:169,32,0,0
BRDA:169,32,1,2
BRDA:169,33,0,2
BRDA:169,33,1,2
BRDA:173,34,0,0
BRDA:173,34,1,2
BRDA:173,35,0,2
BRDA:173,35,1,2
BRDA:180,36,0,0
BRDA:180,36,1,1
BRDA:180,37,0,1
BRDA:180,37,1,0
BRDA:180,37,2,0
BRDA:180,37,3,0
BRDA:190,38,0,0
BRDA:190,38,1,3
BRDA:192,39,0,1
BRDA:192,39,1,2
BRDA:193,40,0,1
BRDA:193,40,1,2
BRDA:199,41,0,3
BRDA:199,41,1,0
BRDA:200,42,0,3
BRDA:200,42,1,1
BRDA:208,43,0,0
BRDA:208,43,1,3
BRDA:211,44,0,0
BRDA:211,44,1,0
BRDA:211,44,2,0
BRDA:213,45,0,0
BRDA:213,45,1,0
BRDA:219,46,0,0
BRDA:219,46,1,0
BRDA:219,47,0,0
BRDA:219,47,1,0
BRDA:228,48,0,2
BRDA:228,48,1,0
BRDA:233,49,0,1
BRDA:233,49,1,0
BRDA:240,50,0,49
BRDA:240,50,1,33
BRDA:240,50,2,33
BRDA:240,50,3,18
BRDA:246,51,0,2
BRDA:246,51,1,0
BRDA:254,52,0,49
BRDA:254,52,1,16
BRDA:254,52,2,9
BRDA:254,52,3,9
BRDA:259,53,0,49
BRDA:259,53,1,34
BRDA:259,53,2,32
BRDA:264,54,0,49
BRDA:264,54,1,9
BRDA:267,55,0,0
BRDA:267,55,1,49
BRDA:269,56,0,9
BRDA:269,56,1,40
BRDA:270,57,0,49
BRDA:270,57,1,3
BRDA:274,58,0,7
BRDA:274,58,1,42
BRDA:288,59,0,1
BRDA:288,59,1,41
BRDA:299,60,0,1
BRDA:299,60,1,0
BRDA:299,61,0,1
BRDA:299,61,1,0
BRDA:305,62,0,0
BRDA:305,62,1,42
BRDA:360,63,0,49
BRDA:360,63,1,48
BRDA:364,64,0,27
BRDA:364,64,1,21
BRDA:368,65,0,1
BRDA:368,65,1,1
BRDA:399,66,0,49
BRDA:399,66,1,7
BRDA:414,67,0,49
BRDA:414,67,1,41
BRDA:422,68,0,2
BRDA:422,68,1,39
BRDA:431,69,0,3
BRDA:431,69,1,46
BRDA:432,70,0,1
BRDA:432,70,1,2
BRDA:433,71,0,3
BRDA:433,71,1,43
BRDA:433,72,0,46
BRDA:433,72,1,8
BRDA:442,73,0,49
BRDA:442,73,1,2
BRDA:446,74,0,0
BRDA:446,74,1,0
BRF:157
BRH:112
end_of_record
TN:
SF:src\pages\ForgotPasswordPage.jsx
FN:4,ForgotPasswordPage
FN:10,(anonymous_1)
FN:48,(anonymous_2)
FNF:3
FNH:3
FNDA:4,ForgotPasswordPage
FNDA:1,(anonymous_1)
FNDA:1,(anonymous_2)
DA:5,4
DA:6,4
DA:7,4
DA:8,4
DA:10,4
DA:11,1
DA:12,1
DA:13,1
DA:14,1
DA:15,1
DA:16,1
DA:22,1
DA:23,1
DA:25,0
DA:27,1
DA:31,4
DA:48,1
LF:17
LH:16
BRDA:39,0,0,1
BRDA:39,0,1,3
BRDA:51,1,0,3
BRDA:51,1,1,0
BRDA:57,2,0,1
BRDA:57,2,1,2
BRF:6
BRH:5
end_of_record
TN:
SF:src\pages\LoginPage.jsx
FN:4,LoginPage
FN:16,handleChange
FN:19,(anonymous_2)
FN:25,handleSubmit
FN:56,(anonymous_4)
FN:88,handleGoogleLogin
FN:92,handleFacebookLogin
FNF:7
FNH:4
FNDA:13,LoginPage
FNDA:6,handleChange
FNDA:6,(anonymous_2)
FNDA:3,handleSubmit
FNDA:0,(anonymous_4)
FNDA:0,handleGoogleLogin
FNDA:0,handleFacebookLogin
DA:5,13
DA:6,13
DA:7,13
DA:12,13
DA:13,13
DA:14,13
DA:17,6
DA:19,6
DA:26,3
DA:27,3
DA:28,3
DA:30,3
DA:31,3
DA:34,3
DA:35,3
DA:51,0
DA:56,3
DA:58,3
DA:62,1
DA:67,1
DA:70,2
DA:71,1
DA:72,1
DA:74,1
DA:75,1
DA:76,1
DA:79,1
DA:82,1
DA:84,3
DA:89,0
DA:93,0
DA:96,13
LF:32
LH:29
BRDA:13,0,0,13
BRDA:13,0,1,13
BRDA:58,1,0,1
BRDA:58,1,1,2
BRDA:62,2,0,1
BRDA:62,2,1,0
BRDA:64,3,0,0
BRDA:64,3,1,0
BRDA:67,4,0,1
BRDA:67,4,1,1
BRDA:67,4,2,1
BRDA:70,5,0,1
BRDA:70,5,1,1
BRDA:82,6,0,1
BRDA:82,6,1,0
BRDA:130,7,0,13
BRDA:130,7,1,1
BRDA:131,8,0,13
BRDA:131,8,1,0
BRDA:138,9,0,3
BRDA:138,9,1,10
BRF:21
BRH:16
end_of_record
TN:
SF:src\pages\MfaSettingsPage.jsx
FN:15,MfaSettingsPage
FN:23,(anonymous_1)
FN:25,(anonymous_2)
FN:44,(anonymous_3)
FN:46,(anonymous_4)
FN:52,(anonymous_5)
FN:69,(anonymous_6)
FN:98,(anonymous_7)
FN:117,(anonymous_8)
FNF:9
FNH:7
FNDA:6,MfaSettingsPage
FNDA:2,(anonymous_1)
FNDA:3,(anonymous_2)
FNDA:1,(anonymous_3)
FNDA:2,(anonymous_4)
FNDA:1,(anonymous_5)
FNDA:0,(anonymous_6)
FNDA:1,(anonymous_7)
FNDA:0,(anonymous_8)
DA:16,6
DA:17,6
DA:18,6
DA:19,6
DA:20,6
DA:23,6
DA:24,2
DA:25,2
DA:26,3
DA:27,3
DA:28,0
DA:29,0
DA:31,3
DA:32,3
DA:33,3
DA:34,2
DA:35,2
DA:36,0
DA:37,0
DA:43,2
DA:44,2
DA:45,2
DA:46,2
DA:47,2
DA:48,2
DA:52,6
DA:53,1
DA:54,1
DA:55,1
DA:58,0
DA:60,1
DA:61,1
DA:62,1
DA:63,1
DA:64,1
DA:65,1
DA:67,1
DA:69,0
DA:70,0
DA:73,0
DA:75,1
DA:79,6
DA:98,1
DA:117,0
LF:44
LH:35
BRDA:27,0,0,0
BRDA:27,0,1,3
BRDA:33,1,0,2
BRDA:33,1,1,0
BRDA:33,2,0,3
BRDA:33,2,1,3
BRDA:36,3,0,0
BRDA:36,3,1,0
BRDA:36,4,0,0
BRDA:36,4,1,0
BRDA:55,5,0,0
BRDA:55,5,1,1
BRDA:63,6,0,1
BRDA:63,6,1,0
BRDA:70,7,0,0
BRDA:70,7,1,0
BRDA:83,8,0,2
BRDA:83,8,1,4
BRDA:83,9,0,2
BRDA:83,9,1,2
BRDA:84,10,0,2
BRDA:84,10,1,4
BRDA:85,11,0,2
BRDA:85,11,1,4
BRDA:87,12,0,2
BRDA:87,12,1,2
BRDA:92,13,0,6
BRDA:92,13,1,1
BRDA:93,14,0,6
BRDA:93,14,1,0
BRDA:102,15,0,2
BRDA:102,15,1,4
BRDA:104,16,0,6
BRDA:104,16,1,2
BRDA:111,17,0,1
BRDA:111,17,1,1
BRF:36
BRH:25
end_of_record
TN:
SF:src\pages\MfaSetupPage.jsx
FN:6,MfaSetupPage
FN:14,(anonymous_1)
FN:27,(anonymous_2)
FN:33,(anonymous_3)
FN:39,(anonymous_4)
FN:54,(anonymous_5)
FN:70,(anonymous_6)
FN:113,(anonymous_7)
FN:130,(anonymous_8)
FNF:9
FNH:5
FNDA:6,MfaSetupPage
FNDA:2,(anonymous_1)
FNDA:1,(anonymous_2)
FNDA:0,(anonymous_3)
FNDA:1,(anonymous_4)
FNDA:0,(anonymous_5)
FNDA:0,(anonymous_6)
FNDA:1,(anonymous_7)
FNDA:0,(anonymous_8)
DA:7,6
DA:8,6
DA:9,6
DA:10,6
DA:11,6
DA:12,6
DA:14,6
DA:15,2
DA:16,2
DA:17,1
DA:18,1
DA:22,1
DA:28,1
DA:29,1
DA:30,1
DA:31,1
DA:34,0
DA:35,0
DA:39,6
DA:40,1
DA:41,1
DA:48,1
DA:49,1
DA:52,1
DA:54,0
DA:55,0
DA:59,6
DA:61,4
DA:70,0
DA:113,1
DA:130,0
LF:31
LH:25
BRDA:16,0,0,1
BRDA:16,0,1,1
BRDA:28,1,0,0
BRDA:28,1,1,1
BRDA:34,2,0,0
BRDA:34,2,1,0
BRDA:48,3,0,1
BRDA:48,3,1,0
BRDA:55,4,0,0
BRDA:55,4,1,0
BRDA:59,5,0,2
BRDA:59,5,1,4
BRDA:65,6,0,1
BRDA:65,6,1,3
BRDA:82,7,0,3
BRDA:82,7,1,3
BRDA:117,8,0,3
BRDA:117,8,1,0
BRF:18
BRH:11
end_of_record
TN:
SF:src\pages\MfaVerifyPage.jsx
FN:5,MfaVerifyPage
FN:14,(anonymous_1)
FN:20,(anonymous_2)
FN:29,(anonymous_3)
FN:63,(anonymous_4)
FNF:5
FNH:4
FNDA:4,MfaVerifyPage
FNDA:2,(anonymous_1)
FNDA:1,(anonymous_2)
FNDA:0,(anonymous_3)
FNDA:1,(anonymous_4)
DA:6,4
DA:7,4
DA:8,4
DA:9,4
DA:10,4
DA:12,4
DA:14,4
DA:15,2
DA:16,1
DA:20,4
DA:21,1
DA:22,1
DA:23,1
DA:24,1
DA:29,1
DA:30,1
DA:31,1
DA:32,1
DA:33,1
DA:35,1
DA:37,1
DA:40,0
DA:43,0
DA:45,1
DA:48,4
DA:50,3
DA:63,1
LF:27
LH:25
BRDA:15,0,0,1
BRDA:15,0,1,1
BRDA:30,1,0,1
BRDA:30,1,1,0
BRDA:40,2,0,0
BRDA:40,2,1,0
BRDA:48,3,0,1
BRDA:48,3,1,3
BRDA:66,4,0,3
BRDA:66,4,1,0
BRDA:67,5,0,4
BRDA:67,5,1,0
BRDA:71,6,0,4
BRDA:71,6,1,2
BRDA:73,7,0,1
BRDA:73,7,1,2
BRF:16
BRH:11
end_of_record
TN:
SF:src\pages\NotFoundPage.jsx
FN:6,NotFoundPage
FNF:1
FNH:1
FNDA:1,NotFoundPage
DA:7,1
LF:1
LH:1
BRF:0
BRH:0
end_of_record
TN:
SF:src\pages\OAuthCallbackPage.jsx
FN:22,OAuthCallbackPage
FN:26,(anonymous_1)
FNF:2
FNH:2
FNDA:2,OAuthCallbackPage
FNDA:2,(anonymous_1)
DA:23,2
DA:24,2
DA:26,2
DA:27,2
DA:32,2
DA:33,2
DA:34,1
DA:38,1
DA:40,1
DA:41,1
DA:42,1
DA:44,0
DA:46,1
DA:47,1
DA:50,2
LF:15
LH:14
BRDA:33,0,0,1
BRDA:33,0,1,1
BRDA:41,1,0,1
BRDA:41,1,1,0
BRF:4
BRH:3
end_of_record
TN:
SF:src\pages\RegisterPage.jsx
FN:4,RegisterPage
FN:18,handleChange
FN:21,(anonymous_2)
FN:27,handleSubmit
FN:58,(anonymous_4)
FN:84,handleGoogleRegister
FN:88,handleFacebookRegister
FNF:7
FNH:4
FNDA:19,RegisterPage
FNDA:11,handleChange
FNDA:11,(anonymous_2)
FNDA:4,handleSubmit
FNDA:0,(anonymous_4)
FNDA:0,handleGoogleRegister
FNDA:0,handleFacebookRegister
DA:5,19
DA:13,19
DA:14,19
DA:15,19
DA:16,19
DA:19,11
DA:21,11
DA:28,4
DA:29,4
DA:30,4
DA:31,4
DA:33,4
DA:34,1
DA:35,1
DA:38,3
DA:39,1
DA:40,1
DA:43,2
DA:44,2
DA:46,2
DA:58,2
DA:60,2
DA:61,1
DA:62,1
DA:64,0
DA:66,1
DA:69,1
DA:70,1
DA:78,0
DA:80,2
DA:85,0
DA:89,0
DA:92,19
LF:33
LH:29
BRDA:23,0,0,2
BRDA:23,0,1,9
BRDA:33,1,0,1
BRDA:33,1,1,3
BRDA:38,2,0,1
BRDA:38,2,1,2
BRDA:60,3,0,1
BRDA:60,3,1,1
BRDA:61,4,0,1
BRDA:61,4,1,0
BRDA:64,5,0,0
BRDA:64,5,1,0
BRDA:78,6,0,0
BRDA:78,6,1,0
BRDA:107,7,0,19
BRDA:107,7,1,1
BRDA:118,8,0,19
BRDA:118,8,1,1
BRDA:129,9,0,19
BRDA:129,9,1,0
BRDA:140,10,0,19
BRDA:140,10,1,10
BRDA:141,11,0,8
BRDA:141,11,1,2
BRDA:142,12,0,8
BRDA:142,12,1,2
BRDA:143,13,0,8
BRDA:143,13,1,2
BRDA:165,14,0,19
BRDA:165,14,1,4
BRDA:166,15,0,19
BRDA:166,15,1,1
BRDA:173,16,0,2
BRDA:173,16,1,17
BRF:34
BRH:28
end_of_record
TN:
SF:src\pages\ResetPasswordPage.jsx
FN:4,ResetPasswordPage
FN:25,(anonymous_1)
FN:39,(anonymous_2)
FN:64,(anonymous_3)
FN:72,(anonymous_4)
FNF:5
FNH:4
FNDA:6,ResetPasswordPage
FNDA:1,(anonymous_1)
FNDA:0,(anonymous_2)
FNDA:1,(anonymous_3)
FNDA:2,(anonymous_4)
DA:5,6
DA:6,6
DA:7,6
DA:9,6
DA:10,6
DA:11,6
DA:12,6
DA:14,6
DA:15,1
DA:25,5
DA:26,1
DA:27,1
DA:28,1
DA:29,0
DA:30,0
DA:32,1
DA:33,1
DA:34,1
DA:39,1
DA:40,1
DA:41,1
DA:43,0
DA:46,0
DA:48,1
DA:52,5
DA:54,6
DA:64,1
DA:72,2
LF:28
LH:24
BRDA:14,0,0,1
BRDA:14,0,1,5
BRDA:28,1,0,0
BRDA:28,1,1,1
BRDA:40,2,0,1
BRDA:40,2,1,0
BRDA:43,3,0,0
BRDA:43,3,1,0
BRDA:52,4,0,5
BRDA:52,4,1,3
BRDA:75,5,0,6
BRDA:75,5,1,3
BRDA:78,6,0,2
BRDA:78,6,1,1
BRDA:84,7,0,2
BRDA:84,7,1,1
BRDA:85,8,0,2
BRDA:85,8,1,1
BRDA:88,9,0,6
BRDA:88,9,1,0
BRDA:92,10,0,6
BRDA:92,10,1,4
BRDA:94,11,0,1
BRDA:94,11,1,4
BRF:24
BRH:19
end_of_record
TN:
SF:src\pages\SetupDetailPage.jsx
FN:35,formatDate
FN:45,formatRelativeDate
FN:60,splitIntoParagraphs
FN:66,(anonymous_3)
FN:70,buildExcerpt
FN:77,estimateReadingTime
FN:82,getSetupTopics
FN:85,(anonymous_7)
FN:86,(anonymous_8)
FN:87,(anonymous_9)
FN:90,SetupDetailPage
FN:108,(anonymous_11)
FN:113,(anonymous_12)
FN:122,(anonymous_13)
FN:140,(anonymous_14)
FN:146,(anonymous_15)
FN:173,(anonymous_16)
FN:208,(anonymous_17)
FN:260,(anonymous_18)
FN:312,(anonymous_19)
FN:346,(anonymous_20)
FN:411,(anonymous_21)
FNF:22
FNH:22
FNDA:30,formatDate
FNDA:28,formatRelativeDate
FNDA:5,splitIntoParagraphs
FNDA:8,(anonymous_3)
FNDA:5,buildExcerpt
FNDA:5,estimateReadingTime
FNDA:5,getSetupTopics
FNDA:45,(anonymous_7)
FNDA:129,(anonymous_8)
[...]
FN:166,(anonymous_10)
FN:172,(anonymous_11)
FN:179,(anonymous_12)
FN:180,(anonymous_13)
FN:182,(anonymous_14)
FN:196,(anonymous_15)
FN:217,(anonymous_16)
FN:225,(anonymous_17)
FN:231,(anonymous_18)
FN:236,(anonymous_19)
FN:247,(anonymous_20)
FN:252,(anonymous_21)
FN:272,(anonymous_22)
FN:280,(anonymous_23)
FN:286,(anonymous_24)
FN:299,(anonymous_25)
FN:307,(anonymous_26)
FN:322,(anonymous_27)
FN:336,(anonymous_28)
FN:343,(anonymous_29)
FN:344,(anonymous_30)
FN:364,(anonymous_31)
FNF:32
FNH:20
FNDA:40,MySetups
FNDA:7,(anonymous_1)
FNDA:10,(anonymous_2)
FNDA:2,(anonymous_3)
FNDA:0,(anonymous_4)
FNDA:1,(anonymous_5)
FNDA:0,(anonymous_6)
FNDA:1,(anonymous_7)
FNDA:0,(anonymous_8)
FNDA:2,(anonymous_9)
FNDA:1,(anonymous_10)
FNDA:0,(anonymous_11)
FNDA:0,(anonymous_12)
FNDA:0,(anonymous_13)
FNDA:3,(anonymous_14)
FNDA:3,(anonymous_15)
FNDA:0,(anonymous_16)
FNDA:1,(anonymous_17)
FNDA:1,(anonymous_18)
FNDA:0,(anonymous_19)
FNDA:0,(anonymous_20)
FNDA:1,(anonymous_21)
FNDA:0,(anonymous_22)
FNDA:0,(anonymous_23)
FNDA:2,(anonymous_24)
FNDA:2,(anonymous_25)
FNDA:1,(anonymous_26)
FNDA:1,(anonymous_27)
FNDA:1,(anonymous_28)
FNDA:2,(anonymous_29)
FNDA:0,(anonymous_30)
FNDA:1,(anonymous_31)
DA:8,1
DA:11,40
DA:12,40
DA:13,40
DA:14,40
DA:15,40
DA:16,40
DA:17,40
DA:18,40
DA:19,40
DA:20,40
DA:22,40
DA:23,7
DA:26,40
DA:27,10
DA:28,10
DA:29,10
DA:30,10
DA:31,1
DA:32,1
DA:33,1
DA:34,1
DA:37,9
DA:46,9
DA:47,9
DA:48,9
DA:50,9
DA:51,9
DA:52,9
DA:55,0
DA:57,10
DA:61,40
DA:62,2
DA:63,1
DA:64,1
DA:67,1
DA:68,1
DA:69,1
DA:70,0
DA:71,0
DA:74,1
DA:83,1
DA:84,1
DA:85,1
DA:86,1
DA:87,1
DA:88,1
DA:90,0
DA:91,0
DA:92,0
DA:95,0
DA:96,0
DA:100,40
DA:101,1
DA:102,1
DA:103,1
DA:105,1
DA:110,1
DA:111,1
DA:112,1
DA:114,0
DA:115,0
DA:116,0
DA:117,0
DA:120,0
DA:121,0
DA:122,0
DA:126,40
DA:130,1
DA:133,1
DA:135,1
DA:136,1
DA:137,1
DA:139,1
DA:144,1
DA:145,1
DA:146,1
DA:148,0
DA:149,0
DA:150,0
DA:151,0
DA:154,0
DA:155,0
DA:156,0
DA:160,40
DA:161,2
DA:162,2
DA:163,2
DA:166,40
DA:167,1
DA:168,1
DA:169,1
DA:172,40
DA:173,0
DA:174,0
DA:179,40
DA:180,40
DA:182,40
DA:183,3
DA:196,3
DA:217,0
DA:225,1
DA:231,1
DA:236,0
DA:247,0
DA:252,1
DA:264,40
DA:272,0
DA:280,0
DA:286,2
DA:299,2
DA:307,1
DA:322,1
DA:336,1
DA:343,2
DA:344,0
DA:364,1
LF:117
LH:87
BRDA:30,0,0,1
BRDA:30,0,1,9
BRDA:46,1,0,9
BRDA:46,1,1,0
BRDA:48,2,0,9
BRDA:48,2,1,0
BRDA:50,3,0,9
BRDA:50,3,1,0
BRDA:52,4,0,9
BRDA:52,4,1,0
BRDA:62,5,0,1
BRDA:62,5,1,1
BRDA:69,6,0,0
BRDA:69,6,1,1
BRDA:83,7,0,1
BRDA:83,7,1,0
BRDA:91,8,0,0
BRDA:91,8,1,0
BRDA:91,8,2,0
BRDA:91,8,3,0
BRDA:103,9,0,0
BRDA:103,9,1,1
BRDA:110,10,0,1
BRDA:110,10,1,0
BRDA:115,11,0,0
BRDA:115,11,1,0
BRDA:115,11,2,0
BRDA:115,11,3,0
BRDA:126,12,0,1
BRDA:130,13,0,0
BRDA:130,13,1,1
BRDA:133,14,0,0
BRDA:133,14,1,1
BRDA:137,15,0,0
BRDA:137,15,1,1
BRDA:144,16,0,1
BRDA:144,16,1,0
BRDA:146,17,0,0
BRDA:146,17,1,1
BRDA:149,18,0,0
BRDA:149,18,1,0
BRDA:149,18,2,0
BRDA:149,18,3,0
BRDA:173,19,0,0
BRDA:173,19,1,0
BRDA:174,20,0,0
BRDA:174,20,1,0
BRDA:182,21,0,3
BRDA:185,22,0,2
BRDA:185,22,1,1
BRDA:186,23,0,2
BRDA:186,23,1,1
BRDA:192,24,0,3
BRDA:192,24,1,3
BRDA:193,25,0,3
BRDA:193,25,1,3
BRDA:199,26,0,3
BRDA:199,26,1,0
BRDA:200,27,0,3
BRDA:200,27,1,0
BRDA:202,28,0,3
BRDA:202,28,1,2
BRDA:204,29,0,2
BRDA:204,29,1,1
BRDA:222,30,0,2
BRDA:222,30,1,1
BRDA:245,31,0,3
BRDA:245,31,1,1
BRDA:279,32,0,35
BRDA:279,32,1,5
BRDA:285,33,0,5
BRDA:285,33,1,35
BRDA:292,34,0,17
BRDA:292,34,1,23
BRDA:296,35,0,23
BRDA:296,35,1,20
BRDA:298,36,0,2
BRDA:298,36,1,18
BRDA:307,37,0,1
BRDA:307,37,1,0
BRDA:307,38,0,1
BRDA:307,38,1,0
BRDA:319,39,0,23
BRDA:319,39,1,3
BRDA:321,40,0,1
BRDA:321,40,1,2
BRDA:332,41,0,40
BRDA:332,41,1,4
BRDA:336,42,0,1
BRDA:336,42,1,0
BRDA:360,43,0,1
BRDA:360,43,1,3
BRDA:364,44,0,1
BRDA:364,44,1,0
BRDA:368,45,0,4
BRDA:368,45,1,1
BRF:96
BRH:61
end_of_record
TN:
SF:src\pages\Profile\ProfilePage.css
FNF:0
FNH:0
LF:0
LH:0
BRF:0
BRH:0
end_of_record
TN:
SF:src\pages\Profile\ProfilePage.jsx
FN:18,ProfilePage
FN:24,(anonymous_1)
FN:32,(anonymous_2)
FN:34,(anonymous_3)
FN:36,(anonymous_4)
FN:39,(anonymous_5)
FN:81,(anonymous_6)
FN:93,(anonymous_7)
FN:103,(anonymous_8)
FN:109,(anonymous_9)
FN:115,(anonymous_10)
FN:121,(anonymous_11)
FNF:12
FNH:7
FNDA:5,ProfilePage
FNDA:2,(anonymous_1)
FNDA:2,(anonymous_2)
FNDA:0,(anonymous_3)
FNDA:2,(anonymous_4)
FNDA:2,(anonymous_5)
FNDA:0,(anonymous_6)
FNDA:1,(anonymous_7)
FNDA:0,(anonymous_8)
FNDA:1,(anonymous_9)
FNDA:0,(anonymous_10)
FNDA:0,(anonymous_11)
DA:12,1
DA:19,5
DA:20,5
DA:21,5
DA:22,5
DA:24,5
DA:25,2
DA:32,5
DA:33,2
DA:34,2
DA:35,2
DA:36,2
DA:39,5
DA:40,2
DA:41,2
DA:44,1
DA:45,1
DA:47,1
DA:50,1
DA:51,1
DA:52,1
DA:53,1
DA:54,0
DA:56,0
DA:59,0
DA:63,5
DA:69,5
DA:81,0
DA:93,1
DA:103,0
DA:109,1
DA:115,0
DA:121,0
LF:33
LH:26
BRDA:21,0,0,5
BRDA:21,0,1,3
BRDA:41,1,0,1
BRDA:41,1,1,1
BRDA:51,2,0,1
BRDA:51,2,1,0
BRDA:54,3,0,0
BRDA:54,3,1,0
BRDA:70,4,0,0
BRDA:70,4,1,5
BRDA:76,5,0,3
BRDA:76,5,1,2
BRDA:84,6,0,3
BRDA:84,6,1,2
BRDA:85,7,0,5
BRDA:85,7,1,2
BRDA:89,8,0,5
BRDA:89,8,1,2
BRDA:90,9,0,5
BRDA:90,9,1,2
BRDA:102,10,0,3
BRDA:102,10,1,2
BRDA:108,11,0,1
BRDA:108,11,1,4
BRDA:114,12,0,0
BRDA:114,12,1,5
BRDA:120,13,0,0
BRDA:120,13,1,5
BRDA:129,14,0,5
BRDA:129,14,1,3
BRDA:130,15,0,5
BRDA:130,15,1,1
BRDA:131,16,0,5
BRDA:131,16,1,0
BRDA:132,17,0,5
BRDA:132,17,1,0
BRDA:133,18,0,5
BRDA:133,18,1,1
BRF:38
BRH:30
end_of_record
TN:
SF:src\pages\Profile\Settings.css
FNF:0
FNH:0
LF:0
LH:0
BRF:0
BRH:0
end_of_record
TN:
SF:src\pages\Profile\Settings.jsx
FN:12,Settings
FN:21,(anonymous_1)
FN:22,(anonymous_2)
FN:23,(anonymous_3)
FN:24,(anonymous_4)
FN:36,(anonymous_5)
FN:63,(anonymous_6)
FN:71,(anonymous_7)
FN:80,(anonymous_8)
FN:128,(anonymous_9)
FN:144,(anonymous_10)
FN:176,(anonymous_11)
FN:190,(anonymous_12)
FN:218,(anonymous_13)
FN:241,(anonymous_14)
FN:267,(anonymous_15)
FN:306,(anonymous_16)
FN:321,(anonymous_17)
FN:322,(anonymous_18)
FN:324,(anonymous_19)
FN:325,(anonymous_20)
FN:335,(anonymous_21)
FN:365,(anonymous_22)
FN:375,(anonymous_23)
FN:393,(anonymous_24)
FN:426,(anonymous_25)
FN:439,(anonymous_26)
FN:458,(anonymous_27)
FN:459,(anonymous_28)
FN:480,(anonymous_29)
FN:492,(anonymous_30)
FNF:31
FNH:21
FNDA:45,Settings
FNDA:5,(anonymous_1)
FNDA:5,(anonymous_2)
FNDA:5,(anonymous_3)
FNDA:5,(anonymous_4)
FNDA:3,(anonymous_5)
FNDA:4,(anonymous_6)
FNDA:3,(anonymous_7)
FNDA:4,(anonymous_8)
FNDA:0,(anonymous_9)
FNDA:2,(anonymous_10)
FNDA:0,(anonymous_11)
FNDA:3,(anonymous_12)
FNDA:2,(anonymous_13)
FNDA:0,(anonymous_14)
FNDA:2,(anonymous_15)
FNDA:0,(anonymous_16)
FNDA:0,(anonymous_17)
FNDA:0,(anonymous_18)
FNDA:0,(anonymous_19)
FNDA:0,(anonymous_20)
FNDA:1,(anonymous_21)
FNDA:0,(anonymous_22)
FNDA:2,(anonymous_23)
FNDA:2,(anonymous_24)
FNDA:1,(anonymous_25)
FNDA:4,(anonymous_26)
FNDA:3,(anonymous_27)
FNDA:1,(anonymous_28)
FNDA:0,(anonymous_29)
FNDA:3,(anonymous_30)
DA:8,1
DA:10,1
DA:13,45
DA:14,45
DA:15,45
DA:16,45
DA:17,45
DA:18,45
DA:21,45
DA:22,45
DA:23,45
DA:24,45
DA:25,45
DA:26,45
DA:27,45
DA:28,45
DA:29,45
DA:30,45
DA:31,45
DA:32,45
DA:34,45
DA:36,45
DA:37,3
DA:38,0
DA:39,0
DA:42,3
DA:43,3
DA:44,3
DA:50,3
DA:51,3
DA:52,3
DA:57,0
DA:59,3
DA:63,45
DA:64,4
DA:65,4
DA:67,4
DA:68,1
DA:71,4
DA:72,3
DA:74,3
DA:80,45
DA:81,4
DA:83,4
DA:84,1
DA:85,1
DA:86,1
DA:88,3
DA:89,0
DA:90,0
DA:93,3
DA:94,0
DA:95,0
DA:98,3
DA:99,1
DA:100,1
DA:101,1
DA:104,2
DA:105,0
DA:106,0
DA:110,2
DA:114,4
DA:116,2
DA:118,2
DA:121,2
DA:127,2
DA:128,0
DA:129,0
DA:132,2
DA:133,2
DA:136,2
DA:138,0
DA:140,2
DA:144,45
DA:145,2
DA:146,1
DA:147,1
DA:149,1
DA:150,0
DA:151,0
DA:154,1
DA:155,0
DA:156,0
DA:160,1
DA:164,2
DA:166,1
DA:168,1
DA:169,1
DA:175,1
DA:176,0
DA:177,0
DA:180,1
DA:181,1
DA:182,1
DA:184,0
DA:186,1
DA:190,45
DA:191,3
DA:192,1
DA:193,1
DA:194,0
DA:195,0
DA:197,2
DA:198,2
DA:199,1
DA:200,1
DA:201,1
DA:202,1
DA:203,1
DA:218,45
DA:219,2
DA:221,1
DA:222,1
DA:225,1
DA:229,1
DA:231,1
DA:232,1
DA:233,1
DA:234,0
DA:235,0
DA:237,1
DA:240,1
DA:241,0
DA:242,0
DA:244,1
DA:246,1
DA:247,1
DA:249,0
DA:251,1
DA:267,45
DA:268,2
DA:269,2
DA:270,1
DA:271,1
DA:273,1
DA:274,0
DA:275,0
DA:278,1
DA:279,1
DA:283,1
DA:285,0
DA:286,0
DA:288,1
DA:289,1
DA:290,1
DA:294,1
DA:295,1
DA:296,1
DA:297,1
DA:300,1
DA:305,1
DA:306,0
DA:307,0
DA:310,1
DA:311,1
DA:312,1
DA:314,0
DA:316,1
DA:317,1
DA:321,45
DA:322,0
DA:323,0
DA:324,0
DA:325,0
DA:326,0
DA:335,45
DA:336,1
DA:343,45
DA:365,0
DA:375,2
DA:393,2
DA:427,1
DA:428,1
DA:429,1
DA:439,4
DA:458,3
DA:459,1
DA:481,0
DA:482,0
DA:492,3
LF:180
LH:139
BRDA:15,0,0,45
BRDA:15,0,1,0
BRDA:16,1,0,45
BRDA:16,1,1,0
BRDA:17,2,0,45
BRDA:17,2,1,1
BRDA:18,3,0,45
BRDA:18,3,1,16
BRDA:21,4,0,5
BRDA:21,4,1,0
BRDA:22,5,0,5
BRDA:22,5,1,0
BRDA:24,6,0,5
BRDA:24,6,1,2
BRDA:37,7,0,0
BRDA:37,7,1,3
BRDA:37,8,0,3
BRDA:37,8,1,3
BRDA:50,9,0,3
BRDA:50,9,1,0
BRDA:67,10,0,1
BRDA:67,10,1,3
BRDA:74,11,0,3
BRDA:74,11,1,0
BRDA:74,12,0,3
BRDA:74,12,1,3
BRDA:83,13,0,1
BRDA:83,13,1,3
BRDA:88,14,0,0
BRDA:88,14,1,3
BRDA:93,15,0,0
BRDA:93,15,1,3
BRDA:98,16,0,1
BRDA:98,16,1,2
BRDA:104,17,0,0
BRDA:104,17,1,2
BRDA:114,18,0,0
BRDA:114,18,1,4
BRDA:127,19,0,0
BRDA:127,19,1,2
BRDA:129,20,0,0
BRDA:129,20,1,0
BRDA:129,20,2,0
BRDA:145,21,0,1
BRDA:145,21,1,1
BRDA:149,22,0,0
BRDA:149,22,1,1
BRDA:154,23,0,0
BRDA:154,23,1,1
BRDA:164,24,0,0
BRDA:164,24,1,2
BRDA:175,25,0,0
BRDA:175,25,1,1
BRDA:177,26,0,0
BRDA:177,26,1,0
BRDA:177,26,2,0
BRDA:191,27,0,1
BRDA:191,27,1,2
BRDA:192,28,0,1
BRDA:192,28,1,0
BRDA:194,29,0,0
BRDA:194,29,1,0
BRDA:197,30,0,2
BRDA:197,30,1,0
BRDA:198,31,0,1
BRDA:198,31,1,1
BRDA:200,32,0,1
BRDA:200,32,1,0
BRDA:201,33,0,1
BRDA:201,33,1,0
BRDA:203,34,0,1
BRDA:203,34,1,0
BRDA:219,35,0,1
BRDA:219,35,1,1
BRDA:229,36,0,0
BRDA:229,36,1,1
BRDA:233,37,0,0
BRDA:233,37,1,1
BRDA:240,38,0,0
BRDA:240,38,1,1
BRDA:242,39,0,0
BRDA:242,39,1,0
BRDA:242,39,2,0
BRDA:268,40,0,0
BRDA:268,40,1,2
BRDA:269,41,0,1
BRDA:269,41,1,1
BRDA:273,42,0,0
BRDA:273,42,1,1
BRDA:283,43,0,0
BRDA:283,43,1,1
BRDA:294,44,0,0
BRDA:294,44,1,1
BRDA:305,45,0,0
BRDA:305,45,1,1
BRDA:307,46,0,0
BRDA:307,46,1,0
BRDA:307,46,2,0
BRDA:317,47,0,1
BRDA:317,47,1,0
BRDA:352,48,0,30
BRDA:352,48,1,15
BRDA:359,49,0,15
BRDA:359,49,1,2
BRDA:366,50,0,45
BRDA:366,50,1,44
BRDA:369,51,0,1
BRDA:369,51,1,44
BRDA:387,52,0,21
BRDA:387,52,1,24
BRDA:398,53,0,21
BRDA:398,53,1,15
BRDA:400,54,0,3
BRDA:400,54,1,12
BRDA:402,55,0,5
BRDA:402,55,1,7
BRDA:404,56,0,2
BRDA:404,56,1,5
BRDA:415,57,0,21
BRDA:415,57,1,24
BRDA:428,58,0,1
BRDA:428,58,1,0
BRDA:454,59,0,10
BRDA:454,59,1,35
BRDA:469,60,0,10
BRDA:469,60,1,35
BRDA:482,61,0,0
BRDA:482,61,1,0
BRDA:508,62,0,42
BRDA:508,62,1,3
BRDA:524,63,0,45
BRDA:524,63,1,3
BRF:132
BRH:85
end_of_record
TN:
SF:src\pages\Profile\Sidebar.jsx
FN:1,getInitials
FN:2,(anonymous_1)
FN:5,getUsername
FN:9,Sidebar
FN:15,(anonymous_4)
FN:16,(anonymous_5)
FN:25,(anonymous_6)
FN:48,(anonymous_7)
FN:52,(anonymous_8)
FN:53,(anonymous_9)
FNF:10
FNH:9
FNDA:1,getInitials
FNDA:2,(anonymous_1)
FNDA:1,getUsername
FNDA:1,Sidebar
FNDA:2,(anonymous_4)
FNDA:1,(anonymous_5)
FNDA:1,(anonymous_6)
FNDA:4,(anonymous_7)
FNDA:1,(anonymous_8)
FNDA:0,(anonymous_9)
DA:2,2
DA:6,1
DA:10,1
DA:11,1
DA:14,1
DA:15,2
DA:16,1
DA:18,1
DA:25,1
DA:26,1
DA:27,1
DA:30,1
DA:49,4
DA:52,1
DA:53,0
LF:15
LH:14
BRDA:26,0,0,1
BRDA:26,0,1,0
BRDA:51,1,0,1
BRDA:51,1,1,3
BRDA:53,2,0,0
BRDA:53,2,1,0
BRDA:53,3,0,0
BRDA:53,3,1,0
BRF:8
BRH:3
end_of_record
TN:
SF:src\pages\Profile\Wishlist.css
FNF:0
FNH:0
LF:0
LH:0
BRF:0
BRH:0
end_of_record
TN:
SF:src\pages\Profile\Wishlist.jsx
FN:25,Wishlist
FN:35,(anonymous_1)
FN:37,fetchWishlist
FN:64,handleRemove
FN:77,(anonymous_4)
FN:88,(anonymous_5)
FN:102,(anonymous_6)
FN:109,(anonymous_7)
FN:112,(anonymous_8)
FN:131,(anonymous_9)
FN:143,(anonymous_10)
FN:152,(anonymous_11)
FNF:12
FNH:10
FNDA:17,Wishlist
FNDA:4,(anonymous_1)
FNDA:5,fetchWishlist
FNDA:1,handleRemove
FNDA:0,(anonymous_4)
FNDA:12,(anonymous_5)
FNDA:2,(anonymous_6)
FNDA:1,(anonymous_7)
FNDA:0,(anonymous_8)
FNDA:10,(anonymous_9)
FNDA:1,(anonymous_10)
FNDA:1,(anonymous_11)
DA:7,1
DA:26,17
DA:27,17
DA:29,17
DA:30,17
DA:31,17
DA:32,17
DA:33,17
DA:35,17
DA:38,5
DA:39,5
DA:40,5
DA:41,5
DA:43,1
DA:44,1
DA:45,1
DA:47,4
DA:50,4
DA:51,3
DA:52,3
DA:54,1
DA:57,0
DA:58,0
DA:60,5
DA:65,1
DA:66,1
DA:67,1
DA:68,1
DA:69,1
DA:73,1
DA:74,1
DA:75,1
DA:77,0
DA:78,0
DA:81,0
DA:82,0
DA:84,1
DA:88,17
DA:92,17
DA:102,2
DA:109,1
DA:112,0
DA:132,10
DA:143,1
DA:152,1
LF:45
LH:38
BRDA:41,0,0,1
BRDA:41,0,1,4
BRDA:50,1,0,3
BRDA:50,1,1,1
BRDA:52,2,0,3
BRDA:52,2,1,0
BRDA:65,3,0,0
BRDA:65,3,1,1
BRDA:73,4,0,1
BRDA:73,4,1,0
BRDA:78,5,0,0
BRDA:78,5,1,0
BRDA:78,5,2,0
BRDA:89,6,0,12
BRDA:89,6,1,0
BRDA:93,7,0,7
BRDA:93,7,1,10
BRDA:112,8,0,0
BRDA:112,8,1,0
BRDA:119,9,0,16
BRDA:119,9,1,1
BRDA:124,10,0,17
BRDA:124,10,1,16
BRDA:126,11,0,5
BRDA:126,11,1,11
BRDA:128,12,0,4
BRDA:128,12,1,7
BRDA:135,13,0,10
BRDA:135,13,1,0
BRDA:137,14,0,10
BRDA:137,14,1,0
BRDA:132,15,0,10
BRDA:132,15,1,0
BRF:33
BRH:21
end_of_record
TN:
SF:src\store\useFilterStore.js
FN:7,(anonymous_0)
FN:18,(anonymous_1)
FN:31,(anonymous_2)
FN:32,(anonymous_3)
FN:34,(anonymous_4)
FN:36,(anonymous_5)
FN:37,(anonymous_6)
FN:39,(anonymous_7)
FN:43,(anonymous_8)
FN:44,(anonymous_9)
FN:46,(anonymous_10)
FN:50,(anonymous_11)
FN:52,(anonymous_12)
FN:55,(anonymous_13)
FN:61,(anonymous_14)
FN:62,(anonymous_15)
FN:62,(anonymous_16)
FN:64,(anonymous_17)
FN:66,(anonymous_18)
FN:66,(anonymous_19)
FN:68,(anonymous_20)
FNF:21
FNH:18
FNDA:3,(anonymous_0)
FNDA:20,(anonymous_1)
FNDA:2,(anonymous_2)
FNDA:2,(anonymous_3)
FNDA:2,(anonymous_4)
FNDA:3,(anonymous_5)
FNDA:3,(anonymous_6)
FNDA:1,(anonymous_7)
FNDA:2,(anonymous_8)
FNDA:2,(anonymous_9)
FNDA:0,(anonymous_10)
FNDA:3,(anonymous_11)
FNDA:4,(anonymous_12)
FNDA:4,(anonymous_13)
FNDA:1,(anonymous_14)
FNDA:1,(anonymous_15)
FNDA:2,(anonymous_16)
FNDA:3,(anonymous_17)
FNDA:0,(anonymous_18)
FNDA:0,(anonymous_19)
FNDA:2,(anonymous_20)
DA:7,3
DA:19,20
DA:20,20
DA:32,2
DA:34,2
DA:37,3
DA:39,1
DA:44,2
DA:46,0
DA:50,3
DA:53,4
DA:54,4
DA:55,4
DA:62,2
DA:64,3
DA:66,0
DA:69,2
LF:17
LH:15
BRDA:21,0,0,20
BRDA:21,0,1,15
BRDA:21,0,2,15
BRDA:21,0,3,15
BRDA:21,0,4,14
BRDA:21,0,5,14
BRDA:32,1,0,0
BRDA:32,1,1,2
BRDA:38,2,0,1
BRDA:38,2,1,2
BRDA:45,3,0,0
BRDA:45,3,1,2
BRDA:54,4,0,0
BRDA:54,4,1,4
BRDA:56,5,0,1
BRDA:56,5,1,3
BRF:16
BRH:13
end_of_record
TN:
SF:src\store\wizardStore.js
FN:3,(anonymous_0)
FN:19,(anonymous_1)
FN:19,(anonymous_2)
FN:20,(anonymous_3)
FN:20,(anonymous_4)
FN:21,(anonymous_5)
FN:24,(anonymous_6)
FN:24,(anonymous_7)
FN:25,(anonymous_8)
FN:26,(anonymous_9)
FN:27,(anonymous_10)
FN:27,(anonymous_11)
FN:28,(anonymous_12)
FN:30,(anonymous_13)
FN:30,(anonymous_14)
FN:31,(anonymous_15)
FN:33,(anonymous_16)
FN:33,(anonymous_17)
FN:34,(anonymous_18)
FN:36,(anonymous_19)
FN:37,(anonymous_20)
FN:38,(anonymous_21)
FN:40,(anonymous_22)
FN:42,(anonymous_23)
FN:42,(anonymous_24)
FN:42,(anonymous_25)
FN:43,(anonymous_26)
FN:43,(anonymous_27)
FN:44,(anonymous_28)
FNF:29
FNH:21
FNDA:2,(anonymous_0)
FNDA:1,(anonymous_1)
FNDA:1,(anonymous_2)
FNDA:1,(anonymous_3)
FNDA:1,(anonymous_4)
FNDA:2,(anonymous_5)
FNDA:0,(anonymous_6)
FNDA:0,(anonymous_7)
FNDA:1,(anonymous_8)
FNDA:0,(anonymous_9)
FNDA:2,(anonymous_10)
FNDA:2,(anonymous_11)
FNDA:0,(anonymous_12)
FNDA:1,(anonymous_13)
FNDA:1,(anonymous_14)
FNDA:0,(anonymous_15)
FNDA:2,(anonymous_16)
FNDA:2,(anonymous_17)
FNDA:1,(anonymous_18)
FNDA:1,(anonymous_19)
FNDA:2,(anonymous_20)
FNDA:2,(anonymous_21)
FNDA:2,(anonymous_22)
FNDA:0,(anonymous_23)
FNDA:0,(anonymous_24)
FNDA:0,(anonymous_25)
FNDA:1,(anonymous_26)
FNDA:1,(anonymous_27)
FNDA:1,(anonymous_28)
DA:3,2
DA:19,1
DA:20,1
DA:21,2
DA:24,0
DA:25,1
DA:26,0
DA:27,2
DA:28,0
DA:30,1
DA:31,0
DA:33,2
DA:34,1
DA:36,1
DA:37,2
DA:39,2
DA:40,2
DA:42,0
DA:43,1
DA:44,1
LF:20
LH:15
BRDA:24,0,0,0
BRDA:24,0,1,0
BRDA:28,1,0,0
BRDA:28,1,1,2
BRDA:31,2,0,0
BRDA:31,2,1,1
BRDA:34,3,0,1
BRDA:34,3,1,1
BRDA:39,4,0,0
BRDA:39,4,1,2
BRF:10
BRH:5
end_of_record
TN:
SF:src\styles\CommunityPage.css
FNF:0
FNH:0
LF:0
LH:0
BRF:0
BRH:0
end_of_record
TN:
SF:src\styles\CreateArticlePage.css
FNF:0
FNH:0
LF:0
LH:0
BRF:0
BRH:0
end_of_record
TN:
SF:src\styles\DetailPage.css
FNF:0
FNH:0
LF:0
LH:0
BRF:0
BRH:0
end_of_record
TN:
SF:src\test\renderWithRouter.jsx
FN:5,renderWithRouter
FNF:1
FNH:1
FNDA:105,renderWithRouter
DA:6,105
LF:1
LH:1
BRDA:5,0,0,105
BRDA:5,1,0,105
BRDA:5,2,0,105
BRF:3
BRH:3
end_of_record
TN:
SF:src\utils\authFetch.js
FN:36,refreshAccessToken
FN:41,(anonymous_1)
FN:76,authFetch
FN:79,(anonymous_3)
FN:88,(anonymous_4)
FNF:5
FNH:5
FNDA:3,refreshAccessToken
FNDA:2,(anonymous_1)
FNDA:6,authFetch
FNDA:7,(anonymous_3)
FNDA:7,(anonymous_4)
DA:30,6
DA:31,6
DA:34,6
DA:37,3
DA:38,3
DA:39,3
DA:41,2
DA:42,2
DA:43,2
DA:48,2
DA:49,1
DA:50,1
DA:51,1
DA:53,1
DA:54,1
DA:57,1
DA:58,1
DA:60,0
DA:62,2
DA:65,2
DA:77,6
DA:78,6
DA:79,6
DA:80,7
DA:81,7
DA:82,6
DA:83,6
DA:85,7
DA:88,7
DA:91,6
DA:92,6
DA:96,1
DA:99,5
DA:100,3
DA:101,3
DA:103,1
DA:104,1
DA:106,0
DA:110,2
DA:111,2
DA:112,2
DA:115,5
LF:42
LH:40
BRDA:37,0,0,0
BRDA:37,0,1,3
BRDA:39,1,0,1
BRDA:39,1,1,2
BRDA:48,2,0,1
BRDA:48,2,1,1
BRDA:50,3,0,1
BRDA:50,3,1,0
BRDA:53,4,0,1
BRDA:53,4,1,0
BRDA:58,5,0,1
BRDA:58,5,1,0
BRDA:76,6,0,6
BRDA:77,7,0,0
BRDA:77,7,1,6
BRDA:80,8,0,7
BRDA:80,8,1,7
BRDA:81,9,0,6
BRDA:81,9,1,1
BRDA:83,10,0,5
BRDA:83,10,1,1
BRDA:99,11,0,3
BRDA:99,11,1,2
BRDA:99,12,0,5
BRDA:99,12,1,4
BRDA:99,12,2,3
BRDA:101,13,0,1
BRDA:101,13,1,2
BRF:28
BRH:23
end_of_record
TN:
SF:src\utils\currentUser.js
FN:34,isFresh
FN:38,invalidateCurrentUser
FN:50,getCurrentUser
FN:61,(anonymous_3)
FNF:4
FNH:4
FNDA:7,isFresh
FNDA:6,invalidateCurrentUser
FNDA:8,getCurrentUser
FNDA:6,(anonymous_3)
DA:28,1
DA:30,1
DA:31,1
DA:32,1
DA:35,7
DA:39,6
DA:40,6
DA:41,6
DA:46,1
DA:47,1
DA:51,8
DA:52,7
DA:55,7
DA:56,1
DA:57,1
DA:58,1
DA:61,6
DA:62,6
DA:63,6
DA:64,5
DA:65,3
DA:66,3
DA:67,3
DA:71,2
DA:72,2
DA:73,2
DA:75,1
DA:76,1
DA:77,1
DA:79,6
DA:82,6
LF:31
LH:31
BRDA:35,0,0,7
BRDA:35,0,1,1
BRDA:46,1,0,1
BRDA:46,1,1,0
BRDA:50,2,0,8
BRDA:50,3,0,8
BRDA:51,4,0,1
BRDA:51,4,1,7
BRDA:51,5,0,8
BRDA:51,5,1,7
BRDA:52,6,0,0
BRDA:52,6,1,7
BRDA:55,7,0,1
BRDA:55,7,1,6
BRDA:64,8,0,3
BRDA:64,8,1,2
BRF:16
BRH:14
end_of_record
TN:
SF:src\utils\fuzzySearch.js
FN:38,normalize
FN:60,scoreMatch
FN:101,bestScore
FN:120,fuzzyFilter
FN:132,(anonymous_4)
FN:133,(anonymous_5)
FNF:6
FNH:6
FNDA:90,normalize
FNDA:44,scoreMatch
FNDA:15,bestScore
FNDA:155,fuzzyFilter
FNDA:1,(anonymous_4)
FNDA:4,(anonymous_5)
DA:39,90
DA:40,89
DA:61,44
DA:62,44
DA:63,44
DA:64,44
DA:65,44
DA:67,33
DA:68,33
DA:69,33
DA:70,33
DA:71,81
DA:73,81
DA:74,81
DA:75,518
DA:76,463
DA:77,463
DA:79,81
DA:82,55
DA:83,6
DA:85,49
DA:86,49
DA:87,49
DA:89,55
DA:91,55
DA:92,55
DA:94,7
DA:102,15
DA:103,15
DA:104,41
DA:105,41
DA:106,5
DA:108,15
DA:121,155
DA:122,154
DA:123,155
DA:125,7
DA:126,7
DA:127,14
DA:128,14
DA:129,14
DA:130,14
DA:132,7
DA:133,7
LF:44
LH:44
BRDA:39,0,0,1
BRDA:39,0,1,89
BRDA:61,1,0,0
BRDA:61,1,1,44
BRDA:64,2,0,0
BRDA:64,2,1,44
BRDA:65,3,0,11
BRDA:65,3,1,33
BRDA:75,4,0,55
BRDA:75,4,1,463
BRDA:79,5,0,26
BRDA:79,5,1,55
BRDA:82,6,0,6
BRDA:82,6,1,49
BRDA:86,7,0,49
BRDA:86,7,1,47
BRDA:86,7,2,47
BRDA:86,7,3,47
BRDA:86,7,4,47
BRDA:87,8,0,2
BRDA:87,8,1,47
BRDA:89,9,0,28
BRDA:89,9,1,27
BRDA:105,10,0,36
BRDA:105,10,1,5
BRDA:106,11,0,5
BRDA:106,11,1,0
BRDA:106,12,0,5
BRDA:106,12,1,0
BRDA:121,13,0,1
BRDA:121,13,1,154
BRDA:122,14,0,154
BRDA:122,14,1,146
BRDA:123,15,0,147
BRDA:123,15,1,8
BRDA:128,16,0,0
BRDA:128,16,1,14
BRDA:130,17,0,4
BRDA:130,17,1,10
BRF:39
BRH:34
end_of_record
TN:
SF:src\utils\likedItemsStorage.js
FN:3,getUserScope
FN:8,readStore
FN:19,writeStore
FN:24,getStoredLikedItems
FN:32,getStoredLike
FN:37,setStoredLike
FNF:6
FNH:6
FNDA:10,getUserScope
FNDA:8,readStore
FNDA:3,writeStore
FNDA:7,getStoredLikedItems
FNDA:4,getStoredLike
FNDA:3,setStoredLike
DA:1,1
DA:4,10
DA:5,8
DA:9,8
DA:11,8
DA:12,8
DA:13,8
DA:15,1
DA:20,3
DA:21,3
DA:25,7
DA:26,7
DA:28,5
DA:29,5
DA:33,4
DA:34,4
DA:38,3
DA:39,3
DA:41,3
DA:42,3
DA:47,3
LF:21
LH:21
BRDA:4,0,0,2
BRDA:4,0,1,8
BRDA:5,1,0,8
BRDA:5,1,1,0
BRDA:5,2,0,8
BRDA:5,2,1,0
BRDA:5,2,2,0
BRDA:5,2,3,0
BRDA:9,3,0,0
BRDA:9,3,1,8
BRDA:13,4,0,6
BRDA:13,4,1,2
BRDA:20,5,0,0
BRDA:20,5,1,3
BRDA:26,6,0,2
BRDA:26,6,1,5
BRDA:29,7,0,5
BRDA:29,7,1,1
BRDA:39,8,0,0
BRDA:39,8,1,3
BRDA:43,9,0,3
BRDA:43,9,1,3
BRF:22
BRH:15
end_of_record
